1
0
1
ASSEMBLY
7
PART-1-1
PART-1
PART-1-2
PART-1
PART-1-3
PART-1
PART-2-1
PART-2
PART-3-1
PART-3
TRIANGLE-1
TRIANGLE
TRIANGLE-2
TRIANGLE
7
PART-1-1
121
1 1
2 2
3 3
4 4
5 5
6 6
7 7
8 8
9 9
10 10
11 11
12 12
13 13
14 14
15 15
16 16
17 17
18 18
19 19
20 20
21 21
22 22
23 23
24 24
25 25
26 26
27 27
28 28
29 29
30 30
31 31
32 32
33 33
34 34
35 35
36 36
37 37
38 38
39 39
40 40
41 41
42 42
43 43
44 44
45 45
46 46
47 47
48 48
49 49
50 50
51 51
52 52
53 53
54 54
55 55
56 56
57 57
58 58
59 59
60 60
61 61
62 62
63 63
64 64
65 65
66 66
67 67
68 68
69 69
70 70
71 71
72 72
73 73
74 74
75 75
76 76
77 77
78 78
79 79
80 80
81 81
82 82
83 83
84 84
85 85
86 86
87 87
88 88
89 89
90 90
91 91
92 92
93 93
94 94
95 95
96 96
97 97
98 98
99 99
100 100
101 101
102 102
103 103
104 104
105 105
106 106
107 107
108 108
109 109
110 110
111 111
112 112
113 113
114 114
115 115
116 116
117 117
118 118
119 119
120 120
121 121
1 1
2 2
3 3
4 4
5 5
6 6
7 7
8 8
9 9
10 10
11 11
12 12
13 13
14 14
15 15
16 16
17 17
18 18
19 19
20 20
21 21
22 22
23 23
24 24
25 25
26 26
27 27
28 28
29 29
30 30
31 31
32 32
33 33
34 34
35 35
36 36
37 37
38 38
39 39
40 40
41 41
42 42
43 43
44 44
45 45
46 46
47 47
48 48
49 49
50 50
51 51
52 52
53 53
54 54
55 55
56 56
57 57
58 58
59 59
60 60
61 61
62 62
63 63
64 64
65 65
66 66
67 67
68 68
69 69
70 70
71 71
72 72
73 73
74 74
75 75
76 76
77 77
78 78
79 79
80 80
81 81
82 82
83 83
84 84
85 85
86 86
87 87
88 88
89 89
90 90
91 91
92 92
93 93
94 94
95 95
96 96
97 97
98 98
99 99
100 100
101 101
102 102
103 103
104 104
105 105
106 106
107 107
108 108
109 109
110 110
111 111
112 112
113 113
114 114
115 115
116 116
117 117
118 118
119 119
120 120
121 121
PART-1-2
121
122 1
123 2
124 3
125 4
126 5
127 6
128 7
129 8
130 9
131 10
132 11
133 12
134 13
135 14
136 15
137 16
138 17
139 18
140 19
141 20
142 21
143 22
144 23
145 24
146 25
147 26
148 27
149 28
150 29
151 30
152 31
153 32
154 33
155 34
156 35
157 36
158 37
159 38
160 39
161 40
162 41
163 42
164 43
165 44
166 45
167 46
168 47
169 48
170 49
171 50
172 51
173 52
174 53
175 54
176 55
177 56
178 57
179 58
180 59
181 60
182 61
183 62
184 63
185 64
186 65
187 66
188 67
189 68
190 69
191 70
192 71
193 72
194 73
195 74
196 75
197 76
198 77
199 78
200 79
201 80
202 81
203 82
204 83
205 84
206 85
207 86
208 87
209 88
210 89
211 90
212 91
213 92
214 93
215 94
216 95
217 96
218 97
219 98
220 99
221 100
222 101
223 102
224 103
225 104
226 105
227 106
228 107
229 108
230 109
231 110
232 111
233 112
234 113
235 114
236 115
237 116
238 117
239 118
240 119
241 120
242 121
1 122
2 123
3 124
4 125
5 126
6 127
7 128
8 129
9 130
10 131
11 132
12 133
13 134
14 135
15 136
16 137
17 138
18 139
19 140
20 141
21 142
22 143
23 144
24 145
25 146
26 147
27 148
28 149
29 150
30 151
31 152
32 153
33 154
34 155
35 156
36 157
37 158
38 159
39 160
40 161
41 162
42 163
43 164
44 165
45 166
46 167
47 168
48 169
49 170
50 171
51 172
52 173
53 174
54 175
55 176
56 177
57 178
58 179
59 180
60 181
61 182
62 183
63 184
64 185
65 186
66 187
67 188
68 189
69 190
70 191
71 192
72 193
73 194
74 195
75 196
76 197
77 198
78 199
79 200
80 201
81 202
82 203
83 204
84 205
85 206
86 207
87 208
88 209
89 210
90 211
91 212
92 213
93 214
94 215
95 216
96 217
97 218
98 219
99 220
100 221
101 222
102 223
103 224
104 225
105 226
106 227
107 228
108 229
109 230
110 231
111 232
112 233
113 234
114 235
115 236
116 237
117 238
118 239
119 240
120 241
121 242
PART-1-3
121
243 1
244 2
245 3
246 4
247 5
248 6
249 7
250 8
251 9
252 10
253 11
254 12
255 13
256 14
257 15
258 16
259 17
260 18
261 19
262 20
263 21
264 22
265 23
266 24
267 25
268 26
269 27
270 28
271 29
272 30
273 31
274 32
275 33
276 34
277 35
278 36
279 37
280 38
281 39
282 40
283 41
284 42
285 43
286 44
287 45
288 46
289 47
290 48
291 49
292 50
293 51
294 52
295 53
296 54
297 55
298 56
299 57
300 58
301 59
302 60
303 61
304 62
305 63
306 64
307 65
308 66
309 67
310 68
311 69
312 70
313 71
314 72
315 73
316 74
317 75
318 76
319 77
320 78
321 79
322 80
323 81
324 82
325 83
326 84
327 85
328 86
329 87
330 88
331 89
332 90
333 91
334 92
335 93
336 94
337 95
338 96
339 97
340 98
341 99
342 100
343 101
344 102
345 103
346 104
347 105
348 106
349 107
350 108
351 109
352 110
353 111
354 112
355 113
356 114
357 115
358 116
359 117
360 118
361 119
362 120
363 121
1 243
2 244
3 245
4 246
5 247
6 248
7 249
8 250
9 251
10 252
11 253
12 254
13 255
14 256
15 257
16 258
17 259
18 260
19 261
20 262
21 263
22 264
23 265
24 266
25 267
26 268
27 269
28 270
29 271
30 272
31 273
32 274
33 275
34 276
35 277
36 278
37 279
38 280
39 281
40 282
41 283
42 284
43 285
44 286
45 287
46 288
47 289
48 290
49 291
50 292
51 293
52 294
53 295
54 296
55 297
56 298
57 299
58 300
59 301
60 302
61 303
62 304
63 305
64 306
65 307
66 308
67 309
68 310
69 311
70 312
71 313
72 314
73 315
74 316
75 317
76 318
77 319
78 320
79 321
80 322
81 323
82 324
83 325
84 326
85 327
86 328
87 329
88 330
89 331
90 332
91 333
92 334
93 335
94 336
95 337
96 338
97 339
98 340
99 341
100 342
101 343
102 344
103 345
104 346
105 347
106 348
107 349
108 350
109 351
110 352
111 353
112 354
113 355
114 356
115 357
116 358
117 359
118 360
119 361
120 362
121 363
PART-2-1
121
364 1
365 2
366 3
367 4
368 5
369 6
370 7
371 8
372 9
373 10
374 11
375 12
376 13
377 14
378 15
379 16
380 17
381 18
382 19
383 20
384 21
385 22
386 23
387 24
388 25
389 26
390 27
391 28
392 29
393 30
394 31
395 32
396 33
397 34
398 35
399 36
400 37
401 38
402 39
403 40
404 41
405 42
406 43
407 44
408 45
409 46
410 47
411 48
412 49
413 50
414 51
415 52
416 53
417 54
418 55
419 56
420 57
421 58
422 59
423 60
424 61
425 62
426 63
427 64
428 65
429 66
430 67
431 68
432 69
433 70
434 71
435 72
436 73
437 74
438 75
439 76
440 77
441 78
442 79
443 80
444 81
445 82
446 83
447 84
448 85
449 86
450 87
451 88
452 89
453 90
454 91
455 92
456 93
457 94
458 95
459 96
460 97
461 98
462 99
463 100
464 101
465 102
466 103
467 104
468 105
469 106
470 107
471 108
472 109
473 110
474 111
475 112
476 113
477 114
478 115
479 116
480 117
481 118
482 119
483 120
484 121
1 364
2 365
3 366
4 367
5 368
6 369
7 370
8 371
9 372
10 373
11 374
12 375
13 376
14 377
15 378
16 379
17 380
18 381
19 382
20 383
21 384
22 385
23 386
24 387
25 388
26 389
27 390
28 391
29 392
30 393
31 394
32 395
33 396
34 397
35 398
36 399
37 400
38 401
39 402
40 403
41 404
42 405
43 406
44 407
45 408
46 409
47 410
48 411
49 412
50 413
51 414
52 415
53 416
54 417
55 418
56 419
57 420
58 421
59 422
60 423
61 424
62 425
63 426
64 427
65 428
66 429
67 430
68 431
69 432
70 433
71 434
72 435
73 436
74 437
75 438
76 439
77 440
78 441
79 442
80 443
81 444
82 445
83 446
84 447
85 448
86 449
87 450
88 451
89 452
90 453
91 454
92 455
93 456
94 457
95 458
96 459
97 460
98 461
99 462
100 463
101 464
102 465
103 466
104 467
105 468
106 469
107 470
108 471
109 472
110 473
111 474
112 475
113 476
114 477
115 478
116 479
117 480
118 481
119 482
120 483
121 484
PART-3-1
122
485 1
486 2
487 3
488 4
489 5
490 6
491 7
492 8
493 9
494 10
495 11
496 12
497 13
498 14
499 15
500 16
501 17
502 18
503 19
504 20
505 21
506 22
507 23
508 24
509 25
510 26
511 27
512 28
513 29
514 30
515 31
516 32
517 33
518 34
519 35
520 36
521 37
522 38
523 39
524 40
525 41
526 42
527 43
528 44
529 45
530 46
531 47
532 48
533 49
534 50
535 51
536 52
537 53
538 54
539 55
540 56
541 57
542 58
543 59
544 60
545 61
546 62
547 63
548 64
549 65
550 66
551 67
552 68
553 69
554 70
555 71
556 72
557 73
558 74
559 75
560 76
561 77
562 78
563 79
564 80
565 81
566 82
567 83
568 84
569 85
570 86
571 87
572 88
573 89
574 90
575 91
576 92
577 93
578 94
579 95
580 96
581 97
582 98
583 99
584 100
585 101
586 102
587 103
588 104
589 105
590 106
591 107
592 108
593 109
594 110
595 111
596 112
597 113
598 114
599 115
600 116
601 117
602 118
603 119
604 120
605 121
606 122
1 485
2 486
3 487
4 488
5 489
6 490
7 491
8 492
9 493
10 494
11 495
12 496
13 497
14 498
15 499
16 500
17 501
18 502
19 503
20 504
21 505
22 506
23 507
24 508
25 509
26 510
27 511
28 512
29 513
30 514
31 515
32 516
33 517
34 518
35 519
36 520
37 521
38 522
39 523
40 524
41 525
42 526
43 527
44 528
45 529
46 530
47 531
48 532
49 533
50 534
51 535
52 536
53 537
54 538
55 539
56 540
57 541
58 542
59 543
60 544
61 545
62 546
63 547
64 548
65 549
66 550
67 551
68 552
69 553
70 554
71 555
72 556
73 557
74 558
75 559
76 560
77 561
78 562
79 563
80 564
81 565
82 566
83 567
84 568
85 569
86 570
87 571
88 572
89 573
90 574
91 575
92 576
93 577
94 578
95 579
96 580
97 581
98 582
99 583
100 584
101 585
102 586
103 587
104 588
105 589
106 590
107 591
108 592
109 593
110 594
111 595
112 596
113 597
114 598
115 599
116 600
117 601
118 602
119 603
120 604
121 605
122 606
TRIANGLE-1
236
607 1
608 2
609 3
610 4
611 5
612 6
613 7
614 8
615 9
616 10
617 11
618 12
619 13
620 14
621 15
622 16
623 17
624 18
625 19
626 20
627 21
628 22
629 23
630 24
631 25
632 26
633 27
634 28
635 29
636 30
637 31
638 32
639 33
640 34
641 35
642 36
643 37
644 38
645 39
646 40
647 41
648 42
649 43
650 44
651 45
652 46
653 47
654 48
655 49
656 50
657 51
658 52
659 53
660 54
661 55
662 56
663 57
664 58
665 59
666 60
667 61
668 62
669 63
670 64
671 65
672 66
673 67
674 68
675 69
676 70
677 71
678 72
679 73
680 74
681 75
682 76
683 77
684 78
685 79
686 80
687 81
688 82
689 83
690 84
691 85
692 86
693 87
694 88
695 89
696 90
697 91
698 92
699 93
700 94
701 95
702 96
703 97
704 98
705 99
706 100
707 101
708 102
709 103
710 104
711 105
712 106
713 107
714 108
715 109
716 110
717 111
718 112
719 113
720 114
721 115
722 116
723 117
724 118
725 119
726 120
727 121
728 122
729 123
730 124
731 125
732 126
733 127
734 128
735 129
736 130
737 131
738 132
739 133
740 134
741 135
742 136
743 137
744 138
745 139
746 140
747 141
748 142
749 143
750 144
751 145
752 146
753 147
754 148
755 149
756 150
757 151
758 152
759 153
760 154
761 155
762 156
763 157
764 158
765 159
766 160
767 161
768 162
769 163
770 164
771 165
772 166
773 167
774 168
775 169
776 170
777 171
778 172
779 173
780 174
781 175
782 176
783 177
784 178
785 179
786 180
787 181
788 182
789 183
790 184
791 185
792 186
793 187
794 188
795 189
796 190
797 191
798 192
799 193
800 194
801 195
802 196
803 197
804 198
805 199
806 200
807 201
808 202
809 203
810 204
811 205
812 206
813 207
814 208
815 209
816 210
817 211
818 212
819 213
820 214
821 215
822 216
823 217
824 218
825 219
826 220
827 221
828 222
829 223
830 224
831 225
832 226
833 227
834 228
835 229
836 230
837 231
838 232
839 233
840 234
841 235
842 236
1 607
2 608
3 609
4 610
5 611
6 612
7 613
8 614
9 615
10 616
11 617
12 618
13 619
14 620
15 621
16 622
17 623
18 624
19 625
20 626
21 627
22 628
23 629
24 630
25 631
26 632
27 633
28 634
29 635
30 636
31 637
32 638
33 639
34 640
35 641
36 642
37 643
38 644
39 645
40 646
41 647
42 648
43 649
44 650
45 651
46 652
47 653
48 654
49 655
50 656
51 657
52 658
53 659
54 660
55 661
56 662
57 663
58 664
59 665
60 666
61 667
62 668
63 669
64 670
65 671
66 672
67 673
68 674
69 675
70 676
71 677
72 678
73 679
74 680
75 681
76 682
77 683
78 684
79 685
80 686
81 687
82 688
83 689
84 690
85 691
86 692
87 693
88 694
89 695
90 696
91 697
92 698
93 699
94 700
95 701
96 702
97 703
98 704
99 705
100 706
101 707
102 708
103 709
104 710
105 711
106 712
107 713
108 714
109 715
110 716
111 717
112 718
113 719
114 720
115 721
116 722
117 723
118 724
119 725
120 726
121 727
122 728
123 729
124 730
125 731
126 732
127 733
128 734
129 735
130 736
131 737
132 738
133 739
134 740
135 741
136 742
137 743
138 744
139 745
140 746
141 747
142 748
143 749
144 750
145 751
146 752
147 753
148 754
149 755
150 756
151 757
152 758
153 759
154 760
155 761
156 762
157 763
158 764
159 765
160 766
161 767
162 768
163 769
164 770
165 771
166 772
167 773
168 774
169 775
170 776
171 777
172 778
173 779
174 780
175 781
176 782
177 783
178 784
179 785
180 786
181 787
182 788
183 789
184 790
185 791
186 792
187 793
188 794
189 795
190 796
191 797
192 798
193 799
194 800
195 801
196 802
197 803
198 804
199 805
200 806
201 807
202 808
203 809
204 810
205 811
206 812
207 813
208 814
209 815
210 816
211 817
212 818
213 819
214 820
215 821
216 822
217 823
218 824
219 825
220 826
221 827
222 828
223 829
224 830
225 831
226 832
227 833
228 834
229 835
230 836
231 837
232 838
233 839
234 840
235 841
236 842
TRIANGLE-2
236
843 1
844 2
845 3
846 4
847 5
848 6
849 7
850 8
851 9
852 10
853 11
854 12
855 13
856 14
857 15
858 16
859 17
860 18
861 19
862 20
863 21
864 22
865 23
866 24
867 25
868 26
869 27
870 28
871 29
872 30
873 31
874 32
875 33
876 34
877 35
878 36
879 37
880 38
881 39
882 40
883 41
884 42
885 43
886 44
887 45
888 46
889 47
890 48
891 49
892 50
893 51
894 52
895 53
896 54
897 55
898 56
899 57
900 58
901 59
902 60
903 61
904 62
905 63
906 64
907 65
908 66
909 67
910 68
911 69
912 70
913 71
914 72
915 73
916 74
917 75
918 76
919 77
920 78
921 79
922 80
923 81
924 82
925 83
926 84
927 85
928 86
929 87
930 88
931 89
932 90
933 91
934 92
935 93
936 94
937 95
938 96
939 97
940 98
941 99
942 100
943 101
944 102
945 103
946 104
947 105
948 106
949 107
950 108
951 109
952 110
953 111
954 112
955 113
956 114
957 115
958 116
959 117
960 118
961 119
962 120
963 121
964 122
965 123
966 124
967 125
968 126
969 127
970 128
971 129
972 130
973 131
974 132
975 133
976 134
977 135
978 136
979 137
980 138
981 139
982 140
983 141
984 142
985 143
986 144
987 145
988 146
989 147
990 148
991 149
992 150
993 151
994 152
995 153
996 154
997 155
998 156
999 157
1000 158
1001 159
1002 160
1003 161
1004 162
1005 163
1006 164
1007 165
1008 166
1009 167
1010 168
1011 169
1012 170
1013 171
1014 172
1015 173
1016 174
1017 175
1018 176
1019 177
1020 178
1021 179
1022 180
1023 181
1024 182
1025 183
1026 184
1027 185
1028 186
1029 187
1030 188
1031 189
1032 190
1033 191
1034 192
1035 193
1036 194
1037 195
1038 196
1039 197
1040 198
1041 199
1042 200
1043 201
1044 202
1045 203
1046 204
1047 205
1048 206
1049 207
1050 208
1051 209
1052 210
1053 211
1054 212
1055 213
1056 214
1057 215
1058 216
1059 217
1060 218
1061 219
1062 220
1063 221
1064 222
1065 223
1066 224
1067 225
1068 226
1069 227
1070 228
1071 229
1072 230
1073 231
1074 232
1075 233
1076 234
1077 235
1078 236
1 843
2 844
3 845
4 846
5 847
6 848
7 849
8 850
9 851
10 852
11 853
12 854
13 855
14 856
15 857
16 858
17 859
18 860
19 861
20 862
21 863
22 864
23 865
24 866
25 867
26 868
27 869
28 870
29 871
30 872
31 873
32 874
33 875
34 876
35 877
36 878
37 879
38 880
39 881
40 882
41 883
42 884
43 885
44 886
45 887
46 888
47 889
48 890
49 891
50 892
51 893
52 894
53 895
54 896
55 897
56 898
57 899
58 900
59 901
60 902
61 903
62 904
63 905
64 906
65 907
66 908
67 909
68 910
69 911
70 912
71 913
72 914
73 915
74 916
75 917
76 918
77 919
78 920
79 921
80 922
81 923
82 924
83 925
84 926
85 927
86 928
87 929
88 930
89 931
90 932
91 933
92 934
93 935
94 936
95 937
96 938
97 939
98 940
99 941
100 942
101 943
102 944
103 945
104 946
105 947
106 948
107 949
108 950
109 951
110 952
111 953
112 954
113 955
114 956
115 957
116 958
117 959
118 960
119 961
120 962
121 963
122 964
123 965
124 966
125 967
126 968
127 969
128 970
129 971
130 972
131 973
132 974
133 975
134 976
135 977
136 978
137 979
138 980
139 981
140 982
141 983
142 984
143 985
144 986
145 987
146 988
147 989
148 990
149 991
150 992
151 993
152 994
153 995
154 996
155 997
156 998
157 999
158 1000
159 1001
160 1002
161 1003
162 1004
163 1005
164 1006
165 1007
166 1008
167 1009
168 1010
169 1011
170 1012
171 1013
172 1014
173 1015
174 1016
175 1017
176 1018
177 1019
178 1020
179 1021
180 1022
181 1023
182 1024
183 1025
184 1026
185 1027
186 1028
187 1029
188 1030
189 1031
190 1032
191 1033
192 1034
193 1035
194 1036
195 1037
196 1038
197 1039
198 1040
199 1041
200 1042
201 1043
202 1044
203 1045
204 1046
205 1047
206 1048
207 1049
208 1050
209 1051
210 1052
211 1053
212 1054
213 1055
214 1056
215 1057
216 1058
217 1059
218 1060
219 1061
220 1062
221 1063
222 1064
223 1065
224 1066
225 1067
226 1068
227 1069
228 1070
229 1071
230 1072
231 1073
232 1074
233 1075
234 1076
235 1077
236 1078
0
7
PART-1-1
100
2 1
3 2
4 3
5 4
6 5
7 6
8 7
9 8
10 9
11 10
12 11
13 12
14 13
15 14
16 15
17 16
18 17
19 18
20 19
21 20
22 21
23 22
24 23
25 24
26 25
27 26
28 27
29 28
30 29
31 30
32 31
33 32
34 33
35 34
36 35
37 36
38 37
39 38
40 39
41 40
42 41
43 42
44 43
45 44
46 45
47 46
48 47
49 48
50 49
51 50
52 51
53 52
54 53
55 54
56 55
57 56
58 57
59 58
60 59
61 60
62 61
63 62
64 63
65 64
66 65
67 66
68 67
69 68
70 69
71 70
72 71
73 72
74 73
75 74
76 75
77 76
78 77
79 78
80 79
81 80
82 81
83 82
84 83
85 84
86 85
87 86
88 87
89 88
90 89
91 90
92 91
93 92
94 93
95 94
96 95
97 96
98 97
99 98
100 99
101 100
1 2
2 3
3 4
4 5
5 6
6 7
7 8
8 9
9 10
10 11
11 12
12 13
13 14
14 15
15 16
16 17
17 18
18 19
19 20
20 21
21 22
22 23
23 24
24 25
25 26
26 27
27 28
28 29
29 30
30 31
31 32
32 33
33 34
34 35
35 36
36 37
37 38
38 39
39 40
40 41
41 42
42 43
43 44
44 45
45 46
46 47
47 48
48 49
49 50
50 51
51 52
52 53
53 54
54 55
55 56
56 57
57 58
58 59
59 60
60 61
61 62
62 63
63 64
64 65
65 66
66 67
67 68
68 69
69 70
70 71
71 72
72 73
73 74
74 75
75 76
76 77
77 78
78 79
79 80
80 81
81 82
82 83
83 84
84 85
85 86
86 87
87 88
88 89
89 90
90 91
91 92
92 93
93 94
94 95
95 96
96 97
97 98
98 99
99 100
100 101
PART-1-2
100
102 1
103 2
104 3
105 4
106 5
107 6
108 7
109 8
110 9
111 10
112 11
113 12
114 13
115 14
116 15
117 16
118 17
119 18
120 19
121 20
122 21
123 22
124 23
125 24
126 25
127 26
128 27
129 28
130 29
131 30
132 31
133 32
134 33
135 34
136 35
137 36
138 37
139 38
140 39
141 40
142 41
143 42
144 43
145 44
146 45
147 46
148 47
149 48
150 49
151 50
152 51
153 52
154 53
155 54
156 55
157 56
158 57
159 58
160 59
161 60
162 61
163 62
164 63
165 64
166 65
167 66
168 67
169 68
170 69
171 70
172 71
173 72
174 73
175 74
176 75
177 76
178 77
179 78
180 79
181 80
182 81
183 82
184 83
185 84
186 85
187 86
188 87
189 88
190 89
191 90
192 91
193 92
194 93
195 94
196 95
197 96
198 97
199 98
200 99
201 100
1 102
2 103
3 104
4 105
5 106
6 107
7 108
8 109
9 110
10 111
11 112
12 113
13 114
14 115
15 116
16 117
17 118
18 119
19 120
20 121
21 122
22 123
23 124
24 125
25 126
26 127
27 128
28 129
29 130
30 131
31 132
32 133
33 134
34 135
35 136
36 137
37 138
38 139
39 140
40 141
41 142
42 143
43 144
44 145
45 146
46 147
47 148
48 149
49 150
50 151
51 152
52 153
53 154
54 155
55 156
56 157
57 158
58 159
59 160
60 161
61 162
62 163
63 164
64 165
65 166
66 167
67 168
68 169
69 170
70 171
71 172
72 173
73 174
74 175
75 176
76 177
77 178
78 179
79 180
80 181
81 182
82 183
83 184
84 185
85 186
86 187
87 188
88 189
89 190
90 191
91 192
92 193
93 194
94 195
95 196
96 197
97 198
98 199
99 200
100 201
PART-1-3
100
202 1
203 2
204 3
205 4
206 5
207 6
208 7
209 8
210 9
211 10
212 11
213 12
214 13
215 14
216 15
217 16
218 17
219 18
220 19
221 20
222 21
223 22
224 23
225 24
226 25
227 26
228 27
229 28
230 29
231 30
232 31
233 32
234 33
235 34
236 35
237 36
238 37
239 38
240 39
241 40
242 41
243 42
244 43
245 44
246 45
247 46
248 47
249 48
250 49
251 50
252 51
253 52
254 53
255 54
256 55
257 56
258 57
259 58
260 59
261 60
262 61
263 62
264 63
265 64
266 65
267 66
268 67
269 68
270 69
271 70
272 71
273 72
274 73
275 74
276 75
277 76
278 77
279 78
280 79
281 80
282 81
283 82
284 83
285 84
286 85
287 86
288 87
289 88
290 89
291 90
292 91
293 92
294 93
295 94
296 95
297 96
298 97
299 98
300 99
301 100
1 202
2 203
3 204
4 205
5 206
6 207
7 208
8 209
9 210
10 211
11 212
12 213
13 214
14 215
15 216
16 217
17 218
18 219
19 220
20 221
21 222
22 223
23 224
24 225
25 226
26 227
27 228
28 229
29 230
30 231
31 232
32 233
33 234
34 235
35 236
36 237
37 238
38 239
39 240
40 241
41 242
42 243
43 244
44 245
45 246
46 247
47 248
48 249
49 250
50 251
51 252
52 253
53 254
54 255
55 256
56 257
57 258
58 259
59 260
60 261
61 262
62 263
63 264
64 265
65 266
66 267
67 268
68 269
69 270
70 271
71 272
72 273
73 274
74 275
75 276
76 277
77 278
78 279
79 280
80 281
81 282
82 283
83 284
84 285
85 286
86 287
87 288
88 289
89 290
90 291
91 292
92 293
93 294
94 295
95 296
96 297
97 298
98 299
99 300
100 301
PART-2-1
100
302 1
303 2
304 3
305 4
306 5
307 6
308 7
309 8
310 9
311 10
312 11
313 12
314 13
315 14
316 15
317 16
318 17
319 18
320 19
321 20
322 21
323 22
324 23
325 24
326 25
327 26
328 27
329 28
330 29
331 30
332 31
333 32
334 33
335 34
336 35
337 36
338 37
339 38
340 39
341 40
342 41
343 42
344 43
345 44
346 45
347 46
348 47
349 48
350 49
351 50
352 51
353 52
354 53
355 54
356 55
357 56
358 57
359 58
360 59
361 60
362 61
363 62
364 63
365 64
366 65
367 66
368 67
369 68
370 69
371 70
372 71
373 72
374 73
375 74
376 75
377 76
378 77
379 78
380 79
381 80
382 81
383 82
384 83
385 84
386 85
387 86
388 87
389 88
390 89
391 90
392 91
393 92
394 93
395 94
396 95
397 96
398 97
399 98
400 99
401 100
1 302
2 303
3 304
4 305
5 306
6 307
7 308
8 309
9 310
10 311
11 312
12 313
13 314
14 315
15 316
16 317
17 318
18 319
19 320
20 321
21 322
22 323
23 324
24 325
25 326
26 327
27 328
28 329
29 330
30 331
31 332
32 333
33 334
34 335
35 336
36 337
37 338
38 339
39 340
40 341
41 342
42 343
43 344
44 345
45 346
46 347
47 348
48 349
49 350
50 351
51 352
52 353
53 354
54 355
55 356
56 357
57 358
58 359
59 360
60 361
61 362
62 363
63 364
64 365
65 366
66 367
67 368
68 369
69 370
70 371
71 372
72 373
73 374
74 375
75 376
76 377
77 378
78 379
79 380
80 381
81 382
82 383
83 384
84 385
85 386
86 387
87 388
88 389
89 390
90 391
91 392
92 393
93 394
94 395
95 396
96 397
97 398
98 399
99 400
100 401
PART-3-1
100
402 1
403 2
404 3
405 4
406 5
407 6
408 7
409 8
410 9
411 10
412 11
413 12
414 13
415 14
416 15
417 16
418 17
419 18
420 19
421 20
422 21
423 22
424 23
425 24
426 25
427 26
428 27
429 28
430 29
431 30
432 31
433 32
434 33
435 34
436 35
437 36
438 37
439 38
440 39
441 40
442 41
443 42
444 43
445 44
446 45
447 46
448 47
449 48
450 49
451 50
452 51
453 52
454 53
455 54
456 55
457 56
458 57
459 58
460 59
461 60
462 61
463 62
464 63
465 64
466 65
467 66
468 67
469 68
470 69
471 70
472 71
473 72
474 73
475 74
476 75
477 76
478 77
479 78
480 79
481 80
482 81
483 82
484 83
485 84
486 85
487 86
488 87
489 88
490 89
491 90
492 91
493 92
494 93
495 94
496 95
497 96
498 97
499 98
500 99
501 100
1 402
2 403
3 404
4 405
5 406
6 407
7 408
8 409
9 410
10 411
11 412
12 413
13 414
14 415
15 416
16 417
17 418
18 419
19 420
20 421
21 422
22 423
23 424
24 425
25 426
26 427
27 428
28 429
29 430
30 431
31 432
32 433
33 434
34 435
35 436
36 437
37 438
38 439
39 440
40 441
41 442
42 443
43 444
44 445
45 446
46 447
47 448
48 449
49 450
50 451
51 452
52 453
53 454
54 455
55 456
56 457
57 458
58 459
59 460
60 461
61 462
62 463
63 464
64 465
65 466
66 467
67 468
68 469
69 470
70 471
71 472
72 473
73 474
74 475
75 476
76 477
77 478
78 479
79 480
80 481
81 482
82 483
83 484
84 485
85 486
86 487
87 488
88 489
89 490
90 491
91 492
92 493
93 494
94 495
95 496
96 497
97 498
98 499
99 500
100 501
TRIANGLE-1
209
502 1
503 2
504 3
505 4
506 5
507 6
508 7
509 8
510 9
511 10
512 11
513 12
514 13
515 14
516 15
517 16
518 17
519 18
520 19
521 20
522 21
523 22
524 23
525 24
526 25
527 26
528 27
529 28
530 29
531 30
532 31
533 32
534 33
535 34
536 35
537 36
538 37
539 38
540 39
541 40
542 41
543 42
544 43
545 44
546 45
547 46
548 47
549 48
550 49
551 50
552 51
553 52
554 53
555 54
556 55
557 56
558 57
559 58
560 59
561 60
562 61
563 62
564 63
565 64
566 65
567 66
568 67
569 68
570 69
571 70
572 71
573 72
574 73
575 74
576 75
577 76
578 77
579 78
580 79
581 80
582 81
583 82
584 83
585 84
586 85
587 86
588 87
589 88
590 89
591 90
592 91
593 92
594 93
595 94
596 95
597 96
598 97
599 98
600 99
601 100
602 101
603 102
604 103
605 104
606 105
607 106
608 107
609 108
610 109
611 110
612 111
613 112
614 113
615 114
616 115
617 116
618 117
619 118
620 119
621 120
622 121
623 122
624 123
625 124
626 125
627 126
628 127
629 128
630 129
631 130
632 131
633 132
634 133
635 134
636 135
637 136
638 137
639 138
640 139
641 140
642 141
643 142
644 143
645 144
646 145
647 146
648 147
649 148
650 149
651 150
652 151
653 152
654 153
655 154
656 155
657 156
658 157
659 158
660 159
661 160
662 161
663 162
664 163
665 164
666 165
667 166
668 167
669 168
670 169
671 170
672 171
673 172
674 173
675 174
676 175
677 176
678 177
679 178
680 179
681 180
682 181
683 182
684 183
685 184
686 185
687 186
688 187
689 188
690 189
691 190
692 191
693 192
694 193
695 194
696 195
697 196
698 197
699 198
700 199
701 200
702 201
703 202
704 203
705 204
706 205
707 206
708 207
709 208
710 209
1 502
2 503
3 504
4 505
5 506
6 507
7 508
8 509
9 510
10 511
11 512
12 513
13 514
14 515
15 516
16 517
17 518
18 519
19 520
20 521
21 522
22 523
23 524
24 525
25 526
26 527
27 528
28 529
29 530
30 531
31 532
32 533
33 534
34 535
35 536
36 537
37 538
38 539
39 540
40 541
41 542
42 543
43 544
44 545
45 546
46 547
47 548
48 549
49 550
50 551
51 552
52 553
53 554
54 555
55 556
56 557
57 558
58 559
59 560
60 561
61 562
62 563
63 564
64 565
65 566
66 567
67 568
68 569
69 570
70 571
71 572
72 573
73 574
74 575
75 576
76 577
77 578
78 579
79 580
80 581
81 582
82 583
83 584
84 585
85 586
86 587
87 588
88 589
89 590
90 591
91 592
92 593
93 594
94 595
95 596
96 597
97 598
98 599
99 600
100 601
101 602
102 603
103 604
104 605
105 606
106 607
107 608
108 609
109 610
110 611
111 612
112 613
113 614
114 615
115 616
116 617
117 618
118 619
119 620
120 621
121 622
122 623
123 624
124 625
125 626
126 627
127 628
128 629
129 630
130 631
131 632
132 633
133 634
134 635
135 636
136 637
137 638
138 639
139 640
140 641
141 642
142 643
143 644
144 645
145 646
146 647
147 648
148 649
149 650
150 651
151 652
152 653
153 654
154 655
155 656
156 657
157 658
158 659
159 660
160 661
161 662
162 663
163 664
164 665
165 666
166 667
167 668
168 669
169 670
170 671
171 672
172 673
173 674
174 675
175 676
176 677
177 678
178 679
179 680
180 681
181 682
182 683
183 684
184 685
185 686
186 687
187 688
188 689
189 690
190 691
191 692
192 693
193 694
194 695
195 696
196 697
197 698
198 699
199 700
200 701
201 702
202 703
203 704
204 705
205 706
206 707
207 708
208 709
209 710
TRIANGLE-2
209
711 1
712 2
713 3
714 4
715 5
716 6
717 7
718 8
719 9
720 10
721 11
722 12
723 13
724 14
725 15
726 16
727 17
728 18
729 19
730 20
731 21
732 22
733 23
734 24
735 25
736 26
737 27
738 28
739 29
740 30
741 31
742 32
743 33
744 34
745 35
746 36
747 37
748 38
749 39
750 40
751 41
752 42
753 43
754 44
755 45
756 46
757 47
758 48
759 49
760 50
761 51
762 52
763 53
764 54
765 55
766 56
767 57
768 58
769 59
770 60
771 61
772 62
773 63
774 64
775 65
776 66
777 67
778 68
779 69
780 70
781 71
782 72
783 73
784 74
785 75
786 76
787 77
788 78
789 79
790 80
791 81
792 82
793 83
794 84
795 85
796 86
797 87
798 88
799 89
800 90
801 91
802 92
803 93
804 94
805 95
806 96
807 97
808 98
809 99
810 100
811 101
812 102
813 103
814 104
815 105
816 106
817 107
818 108
819 109
820 110
821 111
822 112
823 113
824 114
825 115
826 116
827 117
828 118
829 119
830 120
831 121
832 122
833 123
834 124
835 125
836 126
837 127
838 128
839 129
840 130
841 131
842 132
843 133
844 134
845 135
846 136
847 137
848 138
849 139
850 140
851 141
852 142
853 143
854 144
855 145
856 146
857 147
858 148
859 149
860 150
861 151
862 152
863 153
864 154
865 155
866 156
867 157
868 158
869 159
870 160
871 161
872 162
873 163
874 164
875 165
876 166
877 167
878 168
879 169
880 170
881 171
882 172
883 173
884 174
885 175
886 176
887 177
888 178
889 179
890 180
891 181
892 182
893 183
894 184
895 185
896 186
897 187
898 188
899 189
900 190
901 191
902 192
903 193
904 194
905 195
906 196
907 197
908 198
909 199
910 200
911 201
912 202
913 203
914 204
915 205
916 206
917 207
918 208
919 209
1 711
2 712
3 713
4 714
5 715
6 716
7 717
8 718
9 719
10 720
11 721
12 722
13 723
14 724
15 725
16 726
17 727
18 728
19 729
20 730
21 731
22 732
23 733
24 734
25 735
26 736
27 737
28 738
29 739
30 740
31 741
32 742
33 743
34 744
35 745
36 746
37 747
38 748
39 749
40 750
41 751
42 752
43 753
44 754
45 755
46 756
47 757
48 758
49 759
50 760
51 761
52 762
53 763
54 764
55 765
56 766
57 767
58 768
59 769
60 770
61 771
62 772
63 773
64 774
65 775
66 776
67 777
68 778
69 779
70 780
71 781
72 782
73 783
74 784
75 785
76 786
77 787
78 788
79 789
80 790
81 791
82 792
83 793
84 794
85 795
86 796
87 797
88 798
89 799
90 800
91 801
92 802
93 803
94 804
95 805
96 806
97 807
98 808
99 809
100 810
101 811
102 812
103 813
104 814
105 815
106 816
107 817
108 818
109 819
110 820
111 821
112 822
113 823
114 824
115 825
116 826
117 827
118 828
119 829
120 830
121 831
122 832
123 833
124 834
125 835
126 836
127 837
128 838
129 839
130 840
131 841
132 842
133 843
134 844
135 845
136 846
137 847
138 848
139 849
140 850
141 851
142 852
143 853
144 854
145 855
146 856
147 857
148 858
149 859
150 860
151 861
152 862
153 863
154 864
155 865
156 866
157 867
158 868
159 869
160 870
161 871
162 872
163 873
164 874
165 875
166 876
167 877
168 878
169 879
170 880
171 881
172 882
173 883
174 884
175 885
176 886
177 887
178 888
179 889
180 890
181 891
182 892
183 893
184 894
185 895
186 896
187 897
188 898
189 899
190 900
191 901
192 902
193 903
194 904
195 905
196 906
197 907
198 908
199 909
200 910
201 911
202 912
203 913
204 914
205 915
206 916
207 917
208 918
209 919
1
1 1
1 1
19
 PIBATCH
0
2
0
8

1
1 
PART-1-1
100
2 3 4 5 6 7 8 9 10 11 12 13 14 15 16 17 18 19 20 21 22 23 24 25 26 27 28 29 30 31 32 33 34 35 36 37 38 39 40 41 42 43 44 45 46 47 48 49 50 51 52 53 54 55 56 57 58 59 60 61 62 63 64 65 66 67 68 69 70 71 72 73 74 75 76 77 78 79 80 81 82 83 84 85 86 87 88 89 90 91 92 93 94 95 96 97 98 99 100 101 
PART-1-2
100
102 103 104 105 106 107 108 109 110 111 112 113 114 115 116 117 118 119 120 121 122 123 124 125 126 127 128 129 130 131 132 133 134 135 136 137 138 139 140 141 142 143 144 145 146 147 148 149 150 151 152 153 154 155 156 157 158 159 160 161 162 163 164 165 166 167 168 169 170 171 172 173 174 175 176 177 178 179 180 181 182 183 184 185 186 187 188 189 190 191 192 193 194 195 196 197 198 199 200 201 
TRIANGLE-2
209
711 712 713 714 715 716 717 718 719 720 721 722 723 724 725 726 727 728 729 730 731 732 733 734 735 736 737 738 739 740 741 742 743 744 745 746 747 748 749 750 751 752 753 754 755 756 757 758 759 760 761 762 763 764 765 766 767 768 769 770 771 772 773 774 775 776 777 778 779 780 781 782 783 784 785 786 787 788 789 790 791 792 793 794 795 796 797 798 799 800 801 802 803 804 805 806 807 808 809 810 811 812 813 814 815 816 817 818 819 820 821 822 823 824 825 826 827 828 829 830 831 832 833 834 835 836 837 838 839 840 841 842 843 844 845 846 847 848 849 850 851 852 853 854 855 856 857 858 859 860 861 862 863 864 865 866 867 868 869 870 871 872 873 874 875 876 877 878 879 880 881 882 883 884 885 886 887 888 889 890 891 892 893 894 895 896 897 898 899 900 901 902 903 904 905 906 907 908 909 910 911 912 913 914 915 916 917 918 919 
PART-1-3
100
202 203 204 205 206 207 208 209 210 211 212 213 214 215 216 217 218 219 220 221 222 223 224 225 226 227 228 229 230 231 232 233 234 235 236 237 238 239 240 241 242 243 244 245 246 247 248 249 250 251 252 253 254 255 256 257 258 259 260 261 262 263 264 265 266 267 268 269 270 271 272 273 274 275 276 277 278 279 280 281 282 283 284 285 286 287 288 289 290 291 292 293 294 295 296 297 298 299 300 301 
TRIANGLE-1
209
502 503 504 505 506 507 508 509 510 511 512 513 514 515 516 517 518 519 520 521 522 523 524 525 526 527 528 529 530 531 532 533 534 535 536 537 538 539 540 541 542 543 544 545 546 547 548 549 550 551 552 553 554 555 556 557 558 559 560 561 562 563 564 565 566 567 568 569 570 571 572 573 574 575 576 577 578 579 580 581 582 583 584 585 586 587 588 589 590 591 592 593 594 595 596 597 598 599 600 601 602 603 604 605 606 607 608 609 610 611 612 613 614 615 616 617 618 619 620 621 622 623 624 625 626 627 628 629 630 631 632 633 634 635 636 637 638 639 640 641 642 643 644 645 646 647 648 649 650 651 652 653 654 655 656 657 658 659 660 661 662 663 664 665 666 667 668 669 670 671 672 673 674 675 676 677 678 679 680 681 682 683 684 685 686 687 688 689 690 691 692 693 694 695 696 697 698 699 700 701 702 703 704 705 706 707 708 709 710 
PART-2-1
100
302 303 304 305 306 307 308 309 310 311 312 313 314 315 316 317 318 319 320 321 322 323 324 325 326 327 328 329 330 331 332 333 334 335 336 337 338 339 340 341 342 343 344 345 346 347 348 349 350 351 352 353 354 355 356 357 358 359 360 361 362 363 364 365 366 367 368 369 370 371 372 373 374 375 376 377 378 379 380 381 382 383 384 385 386 387 388 389 390 391 392 393 394 395 396 397 398 399 400 401 
PART-3-1
100
402 403 404 405 406 407 408 409 410 411 412 413 414 415 416 417 418 419 420 421 422 423 424 425 426 427 428 429 430 431 432 433 434 435 436 437 438 439 440 441 442 443 444 445 446 447 448 449 450 451 452 453 454 455 456 457 458 459 460 461 462 463 464 465 466 467 468 469 470 471 472 473 474 475 476 477 478 479 480 481 482 483 484 485 486 487 488 489 490 491 492 493 494 495 496 497 498 499 500 501 
0
HINGE-1-1
0
1
0
1
PART-2-1
10
322 323 324 325 326 372 373 374 375 376 
0
HINGE-1-2
0
1
0
1
PART-1-1
10
47 48 49 50 51 97 98 99 100 101 
0
HINGE-2-1
0
1
0
1
PART-2-1
10
347 348 349 350 351 397 398 399 400 401 
0
HINGE-2-3
0
1
0
1
PART-1-3
10
222 223 224 225 226 272 273 274 275 276 
0
HINGE-3-2
0
1
0
1
PART-1-1
10
22 23 24 25 26 72 73 74 75 76 
0
HINGE-3-4
0
1
0
1
PART-1-2
10
122 123 124 125 126 172 173 174 175 176 
0
HINGE-4-3
0
1
0
1
PART-1-3
10
247 248 249 250 251 297 298 299 300 301 
0
HINGE-4-4
0
1
0
1
PART-1-2
10
147 148 149 150 151 197 198 199 200 201 
0
HINGE_TRIANGLE_I_1
0
1
0
1
PART-1-1
10
6 11 16 21 26 27 32 37 42 47 
0
HINGE_TRIANGLE_I_2
0
1
0
1
TRIANGLE-2
22
711 712 713 714 715 716 717 718 719 720 721 879 883 887 891 895 899 903 907 911 915 919 
0
HINGE_TRIANGLE_I_I_1
0
1
0
1
TRIANGLE-2
15
721 732 743 754 755 756 757 758 759 760 761 762 763 764 765 
0
HINGE_TRIANGLE_I_I_2
0
1
0
1
TRIANGLE-1
15
512 523 534 545 546 547 548 549 550 551 552 553 554 555 556 
0
HINGE_TRIANGLE_O_1
0
1
0
1
TRIANGLE-1
22
502 503 504 505 506 507 508 509 510 511 512 670 674 678 682 686 690 694 698 702 706 710 
0
HINGE_TRIANGLE_O_3
0
1
0
1
TRIANGLE-2
22
711 712 713 714 715 716 717 718 719 720 721 879 883 887 891 895 899 903 907 911 915 919 
0
SET-42
0
1
0
1
PART-3-1
100
402 403 404 405 406 407 408 409 410 411 412 413 414 415 416 417 418 419 420 421 422 423 424 425 426 427 428 429 430 431 432 433 434 435 436 437 438 439 440 441 442 443 444 445 446 447 448 449 450 451 452 453 454 455 456 457 458 459 460 461 462 463 464 465 466 467 468 469 470 471 472 473 474 475 476 477 478 479 480 481 482 483 484 485 486 487 488 489 490 491 492 493 494 495 496 497 498 499 500 501 
0
SET-46
0
1
0
1
PART-2-1
10
322 323 324 325 326 372 373 374 375 376 
0
WIRE-1-SET-3
0
1
1
1 
0
0
WarnElemDistorted
0
1
0
2
TRIANGLE-1
16
613 623 624 625 634 635 636 637 645 646 647 648 656 657 658 659 
TRIANGLE-2
16
822 832 833 834 843 844 845 846 854 855 856 857 865 866 867 868 
0
8
PART-1-1
2
 P       1 PIBATCH
0
2
100
2 3 4 5 6 7 8 9 10 11 12 13 14 15 16 17 18 19 20 21 22 23 24 25 26 27 28 29 30 31 32 33 34 35 36 37 38 39 40 41 42 43 44 45 46 47 48 49 50 51 52 53 54 55 56 57 58 59 60 61 62 63 64 65 66 67 68 69 70 71 72 73 74 75 76 77 78 79 80 81 82 83 84 85 86 87 88 89 90 91 92 93 94 95 96 97 98 99 100 101 
0
0
SET-2
0
1
100
2 3 4 5 6 7 8 9 10 11 12 13 14 15 16 17 18 19 20 21 22 23 24 25 26 27 28 29 30 31 32 33 34 35 36 37 38 39 40 41 42 43 44 45 46 47 48 49 50 51 52 53 54 55 56 57 58 59 60 61 62 63 64 65 66 67 68 69 70 71 72 73 74 75 76 77 78 79 80 81 82 83 84 85 86 87 88 89 90 91 92 93 94 95 96 97 98 99 100 101 
0
0
0
PART-2-1
2
 P       4 PIBATCH
0
2
100
302 303 304 305 306 307 308 309 310 311 312 313 314 315 316 317 318 319 320 321 322 323 324 325 326 327 328 329 330 331 332 333 334 335 336 337 338 339 340 341 342 343 344 345 346 347 348 349 350 351 352 353 354 355 356 357 358 359 360 361 362 363 364 365 366 367 368 369 370 371 372 373 374 375 376 377 378 379 380 381 382 383 384 385 386 387 388 389 390 391 392 393 394 395 396 397 398 399 400 401 
0
0
SET-2
0
1
100
302 303 304 305 306 307 308 309 310 311 312 313 314 315 316 317 318 319 320 321 322 323 324 325 326 327 328 329 330 331 332 333 334 335 336 337 338 339 340 341 342 343 344 345 346 347 348 349 350 351 352 353 354 355 356 357 358 359 360 361 362 363 364 365 366 367 368 369 370 371 372 373 374 375 376 377 378 379 380 381 382 383 384 385 386 387 388 389 390 391 392 393 394 395 396 397 398 399 400 401 
0
0
0
PART-1-2
2
 P       2 PIBATCH
0
2
100
102 103 104 105 106 107 108 109 110 111 112 113 114 115 116 117 118 119 120 121 122 123 124 125 126 127 128 129 130 131 132 133 134 135 136 137 138 139 140 141 142 143 144 145 146 147 148 149 150 151 152 153 154 155 156 157 158 159 160 161 162 163 164 165 166 167 168 169 170 171 172 173 174 175 176 177 178 179 180 181 182 183 184 185 186 187 188 189 190 191 192 193 194 195 196 197 198 199 200 201 
0
0
SET-2
0
1
100
102 103 104 105 106 107 108 109 110 111 112 113 114 115 116 117 118 119 120 121 122 123 124 125 126 127 128 129 130 131 132 133 134 135 136 137 138 139 140 141 142 143 144 145 146 147 148 149 150 151 152 153 154 155 156 157 158 159 160 161 162 163 164 165 166 167 168 169 170 171 172 173 174 175 176 177 178 179 180 181 182 183 184 185 186 187 188 189 190 191 192 193 194 195 196 197 198 199 200 201 
0
0
0
TRIANGLE-2
3
 P       7 PIBATCH
0
2
209
711 712 713 714 715 716 717 718 719 720 721 722 723 724 725 726 727 728 729 730 731 732 733 734 735 736 737 738 739 740 741 742 743 744 745 746 747 748 749 750 751 752 753 754 755 756 757 758 759 760 761 762 763 764 765 766 767 768 769 770 771 772 773 774 775 776 777 778 779 780 781 782 783 784 785 786 787 788 789 790 791 792 793 794 795 796 797 798 799 800 801 802 803 804 805 806 807 808 809 810 811 812 813 814 815 816 817 818 819 820 821 822 823 824 825 826 827 828 829 830 831 832 833 834 835 836 837 838 839 840 841 842 843 844 845 846 847 848 849 850 851 852 853 854 855 856 857 858 859 860 861 862 863 864 865 866 867 868 869 870 871 872 873 874 875 876 877 878 879 880 881 882 883 884 885 886 887 888 889 890 891 892 893 894 895 896 897 898 899 900 901 902 903 904 905 906 907 908 909 910 911 912 913 914 915 916 917 918 919 
0
0
 P       7WarnElemDistorted
0
2
16
822 832 833 834 843 844 845 846 854 855 856 857 865 866 867 868 
0
0
SET-2
0
1
209
711 712 713 714 715 716 717 718 719 720 721 722 723 724 725 726 727 728 729 730 731 732 733 734 735 736 737 738 739 740 741 742 743 744 745 746 747 748 749 750 751 752 753 754 755 756 757 758 759 760 761 762 763 764 765 766 767 768 769 770 771 772 773 774 775 776 777 778 779 780 781 782 783 784 785 786 787 788 789 790 791 792 793 794 795 796 797 798 799 800 801 802 803 804 805 806 807 808 809 810 811 812 813 814 815 816 817 818 819 820 821 822 823 824 825 826 827 828 829 830 831 832 833 834 835 836 837 838 839 840 841 842 843 844 845 846 847 848 849 850 851 852 853 854 855 856 857 858 859 860 861 862 863 864 865 866 867 868 869 870 871 872 873 874 875 876 877 878 879 880 881 882 883 884 885 886 887 888 889 890 891 892 893 894 895 896 897 898 899 900 901 902 903 904 905 906 907 908 909 910 911 912 913 914 915 916 917 918 919 
0
0
0

1
 P       0 PIBATCH
0
2
1
1 
0
0
0
PART-1-3
2
 P       3 PIBATCH
0
2
100
202 203 204 205 206 207 208 209 210 211 212 213 214 215 216 217 218 219 220 221 222 223 224 225 226 227 228 229 230 231 232 233 234 235 236 237 238 239 240 241 242 243 244 245 246 247 248 249 250 251 252 253 254 255 256 257 258 259 260 261 262 263 264 265 266 267 268 269 270 271 272 273 274 275 276 277 278 279 280 281 282 283 284 285 286 287 288 289 290 291 292 293 294 295 296 297 298 299 300 301 
0
0
SET-2
0
1
100
202 203 204 205 206 207 208 209 210 211 212 213 214 215 216 217 218 219 220 221 222 223 224 225 226 227 228 229 230 231 232 233 234 235 236 237 238 239 240 241 242 243 244 245 246 247 248 249 250 251 252 253 254 255 256 257 258 259 260 261 262 263 264 265 266 267 268 269 270 271 272 273 274 275 276 277 278 279 280 281 282 283 284 285 286 287 288 289 290 291 292 293 294 295 296 297 298 299 300 301 
0
0
0
TRIANGLE-1
3
 P       6 PIBATCH
0
2
209
502 503 504 505 506 507 508 509 510 511 512 513 514 515 516 517 518 519 520 521 522 523 524 525 526 527 528 529 530 531 532 533 534 535 536 537 538 539 540 541 542 543 544 545 546 547 548 549 550 551 552 553 554 555 556 557 558 559 560 561 562 563 564 565 566 567 568 569 570 571 572 573 574 575 576 577 578 579 580 581 582 583 584 585 586 587 588 589 590 591 592 593 594 595 596 597 598 599 600 601 602 603 604 605 606 607 608 609 610 611 612 613 614 615 616 617 618 619 620 621 622 623 624 625 626 627 628 629 630 631 632 633 634 635 636 637 638 639 640 641 642 643 644 645 646 647 648 649 650 651 652 653 654 655 656 657 658 659 660 661 662 663 664 665 666 667 668 669 670 671 672 673 674 675 676 677 678 679 680 681 682 683 684 685 686 687 688 689 690 691 692 693 694 695 696 697 698 699 700 701 702 703 704 705 706 707 708 709 710 
0
0
 P       6WarnElemDistorted
0
2
16
613 623 624 625 634 635 636 637 645 646 647 648 656 657 658 659 
0
0
SET-2
0
1
209
502 503 504 505 506 507 508 509 510 511 512 513 514 515 516 517 518 519 520 521 522 523 524 525 526 527 528 529 530 531 532 533 534 535 536 537 538 539 540 541 542 543 544 545 546 547 548 549 550 551 552 553 554 555 556 557 558 559 560 561 562 563 564 565 566 567 568 569 570 571 572 573 574 575 576 577 578 579 580 581 582 583 584 585 586 587 588 589 590 591 592 593 594 595 596 597 598 599 600 601 602 603 604 605 606 607 608 609 610 611 612 613 614 615 616 617 618 619 620 621 622 623 624 625 626 627 628 629 630 631 632 633 634 635 636 637 638 639 640 641 642 643 644 645 646 647 648 649 650 651 652 653 654 655 656 657 658 659 660 661 662 663 664 665 666 667 668 669 670 671 672 673 674 675 676 677 678 679 680 681 682 683 684 685 686 687 688 689 690 691 692 693 694 695 696 697 698 699 700 701 702 703 704 705 706 707 708 709 710 
0
0
0
PART-3-1
2
 P       5 PIBATCH
0
2
100
402 403 404 405 406 407 408 409 410 411 412 413 414 415 416 417 418 419 420 421 422 423 424 425 426 427 428 429 430 431 432 433 434 435 436 437 438 439 440 441 442 443 444 445 446 447 448 449 450 451 452 453 454 455 456 457 458 459 460 461 462 463 464 465 466 467 468 469 470 471 472 473 474 475 476 477 478 479 480 481 482 483 484 485 486 487 488 489 490 491 492 493 494 495 496 497 498 499 500 501 
0
0
PART-3-1
0
1
100
402 403 404 405 406 407 408 409 410 411 412 413 414 415 416 417 418 419 420 421 422 423 424 425 426 427 428 429 430 431 432 433 434 435 436 437 438 439 440 441 442 443 444 445 446 447 448 449 450 451 452 453 454 455 456 457 458 459 460 461 462 463 464 465 466 467 468 469 470 471 472 473 474 475 476 477 478 479 480 481 482 483 484 485 486 487 488 489 490 491 492 493 494 495 496 497 498 499 500 501 
0
0
0
21
 PIBATCH
0
2
0
7
PART-1-1
121
1 2 3 4 5 6 7 8 9 10 11 12 13 14 15 16 17 18 19 20 21 22 23 24 25 26 27 28 29 30 31 32 33 34 35 36 37 38 39 40 41 42 43 44 45 46 47 48 49 50 51 52 53 54 55 56 57 58 59 60 61 62 63 64 65 66 67 68 69 70 71 72 73 74 75 76 77 78 79 80 81 82 83 84 85 86 87 88 89 90 91 92 93 94 95 96 97 98 99 100 101 102 103 104 105 106 107 108 109 110 111 112 113 114 115 116 117 118 119 120 121 
PART-1-2
121
122 123 124 125 126 127 128 129 130 131 132 133 134 135 136 137 138 139 140 141 142 143 144 145 146 147 148 149 150 151 152 153 154 155 156 157 158 159 160 161 162 163 164 165 166 167 168 169 170 171 172 173 174 175 176 177 178 179 180 181 182 183 184 185 186 187 188 189 190 191 192 193 194 195 196 197 198 199 200 201 202 203 204 205 206 207 208 209 210 211 212 213 214 215 216 217 218 219 220 221 222 223 224 225 226 227 228 229 230 231 232 233 234 235 236 237 238 239 240 241 242 
TRIANGLE-2
236
843 844 845 846 847 848 849 850 851 852 853 854 855 856 857 858 859 860 861 862 863 864 865 866 867 868 869 870 871 872 873 874 875 876 877 878 879 880 881 882 883 884 885 886 887 888 889 890 891 892 893 894 895 896 897 898 899 900 901 902 903 904 905 906 907 908 909 910 911 912 913 914 915 916 917 918 919 920 921 922 923 924 925 926 927 928 929 930 931 932 933 934 935 936 937 938 939 940 941 942 943 944 945 946 947 948 949 950 951 952 953 954 955 956 957 958 959 960 961 962 963 964 965 966 967 968 969 970 971 972 973 974 975 976 977 978 979 980 981 982 983 984 985 986 987 988 989 990 991 992 993 994 995 996 997 998 999 1000 1001 1002 1003 1004 1005 1006 1007 1008 1009 1010 1011 1012 1013 1014 1015 1016 1017 1018 1019 1020 1021 1022 1023 1024 1025 1026 1027 1028 1029 1030 1031 1032 1033 1034 1035 1036 1037 1038 1039 1040 1041 1042 1043 1044 1045 1046 1047 1048 1049 1050 1051 1052 1053 1054 1055 1056 1057 1058 1059 1060 1061 1062 1063 1064 1065 1066 1067 1068 1069 1070 1071 1072 1073 1074 1075 1076 1077 1078 
PART-1-3
121
243 244 245 246 247 248 249 250 251 252 253 254 255 256 257 258 259 260 261 262 263 264 265 266 267 268 269 270 271 272 273 274 275 276 277 278 279 280 281 282 283 284 285 286 287 288 289 290 291 292 293 294 295 296 297 298 299 300 301 302 303 304 305 306 307 308 309 310 311 312 313 314 315 316 317 318 319 320 321 322 323 324 325 326 327 328 329 330 331 332 333 334 335 336 337 338 339 340 341 342 343 344 345 346 347 348 349 350 351 352 353 354 355 356 357 358 359 360 361 362 363 
TRIANGLE-1
236
607 608 609 610 611 612 613 614 615 616 617 618 619 620 621 622 623 624 625 626 627 628 629 630 631 632 633 634 635 636 637 638 639 640 641 642 643 644 645 646 647 648 649 650 651 652 653 654 655 656 657 658 659 660 661 662 663 664 665 666 667 668 669 670 671 672 673 674 675 676 677 678 679 680 681 682 683 684 685 686 687 688 689 690 691 692 693 694 695 696 697 698 699 700 701 702 703 704 705 706 707 708 709 710 711 712 713 714 715 716 717 718 719 720 721 722 723 724 725 726 727 728 729 730 731 732 733 734 735 736 737 738 739 740 741 742 743 744 745 746 747 748 749 750 751 752 753 754 755 756 757 758 759 760 761 762 763 764 765 766 767 768 769 770 771 772 773 774 775 776 777 778 779 780 781 782 783 784 785 786 787 788 789 790 791 792 793 794 795 796 797 798 799 800 801 802 803 804 805 806 807 808 809 810 811 812 813 814 815 816 817 818 819 820 821 822 823 824 825 826 827 828 829 830 831 832 833 834 835 836 837 838 839 840 841 842 
PART-2-1
121
364 365 366 367 368 369 370 371 372 373 374 375 376 377 378 379 380 381 382 383 384 385 386 387 388 389 390 391 392 393 394 395 396 397 398 399 400 401 402 403 404 405 406 407 408 409 410 411 412 413 414 415 416 417 418 419 420 421 422 423 424 425 426 427 428 429 430 431 432 433 434 435 436 437 438 439 440 441 442 443 444 445 446 447 448 449 450 451 452 453 454 455 456 457 458 459 460 461 462 463 464 465 466 467 468 469 470 471 472 473 474 475 476 477 478 479 480 481 482 483 484 
PART-3-1
122
485 486 487 488 489 490 491 492 493 494 495 496 497 498 499 500 501 502 503 504 505 506 507 508 509 510 511 512 513 514 515 516 517 518 519 520 521 522 523 524 525 526 527 528 529 530 531 532 533 534 535 536 537 538 539 540 541 542 543 544 545 546 547 548 549 550 551 552 553 554 555 556 557 558 559 560 561 562 563 564 565 566 567 568 569 570 571 572 573 574 575 576 577 578 579 580 581 582 583 584 585 586 587 588 589 590 591 592 593 594 595 596 597 598 599 600 601 602 603 604 605 606 
0
HINGE-1-1
0
1
0
1
PART-2-1
11
366 367 371 381 382 383 384 405 406 407 408 
0
HINGE-1-2
0
1
0
1
PART-1-1
11
5 6 9 30 31 32 33 54 55 56 57 
0
HINGE-2-1
0
1
0
1
PART-2-1
11
368 369 372 393 394 395 396 417 418 419 420 
0
HINGE-2-3
0
1
0
1
PART-1-3
11
245 246 250 260 261 262 263 284 285 286 287 
0
HINGE-3-2
0
1
0
1
PART-1-1
11
3 4 8 18 19 20 21 42 43 44 45 
0
HINGE-3-4
0
1
0
1
PART-1-2
11
124 125 129 139 140 141 142 163 164 165 166 
0
HINGE-4-3
0
1
0
1
PART-1-3
11
247 248 251 272 273 274 275 296 297 298 299 
0
HINGE-4-4
0
1
0
1
PART-1-2
11
126 127 130 151 152 153 154 175 176 177 178 
0
HINGE_TRIANGLE_I_1
0
1
0
1
PART-1-1
11
2 3 6 14 15 16 17 34 35 36 37 
0
HINGE_TRIANGLE_I_2
0
1
0
1
TRIANGLE-2
23
843 844 849 850 851 852 853 854 855 856 857 858 859 909 910 911 912 913 914 915 916 917 918 
0
HINGE_TRIANGLE_I_I_1
0
1
0
1
TRIANGLE-2
16
844 845 847 860 861 862 876 877 878 879 880 881 882 883 884 885 
0
HINGE_TRIANGLE_I_I_2
0
1
0
1
TRIANGLE-1
16
608 609 611 624 625 626 640 641 642 643 644 645 646 647 648 649 
0
HINGE_TRIANGLE_O_1
0
1
0
1
TRIANGLE-1
23
607 608 613 614 615 616 617 618 619 620 621 622 623 673 674 675 676 677 678 679 680 681 682 
0
HINGE_TRIANGLE_O_3
0
1
0
1
TRIANGLE-2
23
843 844 849 850 851 852 853 854 855 856 857 858 859 909 910 911 912 913 914 915 916 917 918 
0
NODE
0
1
0
1
PART-1-3
1
248 
0
SET-42
0
1
0
1
PART-3-1
121
485 486 487 488 489 490 491 492 493 494 495 496 497 498 499 500 501 502 503 504 505 506 507 508 509 510 511 512 513 514 515 516 517 518 519 520 521 522 523 524 525 526 527 528 529 530 531 532 533 534 535 536 537 538 539 540 541 542 543 544 545 546 547 548 549 550 551 552 553 554 555 556 557 558 559 560 561 562 563 564 565 566 567 568 569 570 571 572 573 574 575 576 577 578 579 580 581 582 583 584 585 586 587 588 589 590 591 592 593 594 595 596 597 598 599 600 601 602 603 604 605 
0
SET-45
0
1
0
1
PART-3-1
1
606 
0
SET-46
0
1
0
1
PART-2-1
11
366 367 371 381 382 383 384 405 406 407 408 
0
VERTEX
0
1
0
1
PART-1-3
1
248 
0
WIRE-1-SET-3
0
1
0
2
PART-1-2
1
125 
PART-1-3
1
246 
0
7
PART-1-1
2
 P       1 PIBATCH
0
2
121
1 2 3 4 5 6 7 8 9 10 11 12 13 14 15 16 17 18 19 20 21 22 23 24 25 26 27 28 29 30 31 32 33 34 35 36 37 38 39 40 41 42 43 44 45 46 47 48 49 50 51 52 53 54 55 56 57 58 59 60 61 62 63 64 65 66 67 68 69 70 71 72 73 74 75 76 77 78 79 80 81 82 83 84 85 86 87 88 89 90 91 92 93 94 95 96 97 98 99 100 101 102 103 104 105 106 107 108 109 110 111 112 113 114 115 116 117 118 119 120 121 
0
0
SET-2
0
1
121
1 2 3 4 5 6 7 8 9 10 11 12 13 14 15 16 17 18 19 20 21 22 23 24 25 26 27 28 29 30 31 32 33 34 35 36 37 38 39 40 41 42 43 44 45 46 47 48 49 50 51 52 53 54 55 56 57 58 59 60 61 62 63 64 65 66 67 68 69 70 71 72 73 74 75 76 77 78 79 80 81 82 83 84 85 86 87 88 89 90 91 92 93 94 95 96 97 98 99 100 101 102 103 104 105 106 107 108 109 110 111 112 113 114 115 116 117 118 119 120 121 
0
0
0
PART-2-1
2
 P       4 PIBATCH
0
2
121
364 365 366 367 368 369 370 371 372 373 374 375 376 377 378 379 380 381 382 383 384 385 386 387 388 389 390 391 392 393 394 395 396 397 398 399 400 401 402 403 404 405 406 407 408 409 410 411 412 413 414 415 416 417 418 419 420 421 422 423 424 425 426 427 428 429 430 431 432 433 434 435 436 437 438 439 440 441 442 443 444 445 446 447 448 449 450 451 452 453 454 455 456 457 458 459 460 461 462 463 464 465 466 467 468 469 470 471 472 473 474 475 476 477 478 479 480 481 482 483 484 
0
0
SET-2
0
1
121
364 365 366 367 368 369 370 371 372 373 374 375 376 377 378 379 380 381 382 383 384 385 386 387 388 389 390 391 392 393 394 395 396 397 398 399 400 401 402 403 404 405 406 407 408 409 410 411 412 413 414 415 416 417 418 419 420 421 422 423 424 425 426 427 428 429 430 431 432 433 434 435 436 437 438 439 440 441 442 443 444 445 446 447 448 449 450 451 452 453 454 455 456 457 458 459 460 461 462 463 464 465 466 467 468 469 470 471 472 473 474 475 476 477 478 479 480 481 482 483 484 
0
0
0
PART-1-2
3
 P       2 PIBATCH
0
2
121
122 123 124 125 126 127 128 129 130 131 132 133 134 135 136 137 138 139 140 141 142 143 144 145 146 147 148 149 150 151 152 153 154 155 156 157 158 159 160 161 162 163 164 165 166 167 168 169 170 171 172 173 174 175 176 177 178 179 180 181 182 183 184 185 186 187 188 189 190 191 192 193 194 195 196 197 198 199 200 201 202 203 204 205 206 207 208 209 210 211 212 213 214 215 216 217 218 219 220 221 222 223 224 225 226 227 228 229 230 231 232 233 234 235 236 237 238 239 240 241 242 
0
0
 P       2WIRE-1-SET-3
0
2
1
125 
0
0
SET-2
0
1
121
122 123 124 125 126 127 128 129 130 131 132 133 134 135 136 137 138 139 140 141 142 143 144 145 146 147 148 149 150 151 152 153 154 155 156 157 158 159 160 161 162 163 164 165 166 167 168 169 170 171 172 173 174 175 176 177 178 179 180 181 182 183 184 185 186 187 188 189 190 191 192 193 194 195 196 197 198 199 200 201 202 203 204 205 206 207 208 209 210 211 212 213 214 215 216 217 218 219 220 221 222 223 224 225 226 227 228 229 230 231 232 233 234 235 236 237 238 239 240 241 242 
0
0
0
TRIANGLE-2
2
 P       7 PIBATCH
0
2
236
843 844 845 846 847 848 849 850 851 852 853 854 855 856 857 858 859 860 861 862 863 864 865 866 867 868 869 870 871 872 873 874 875 876 877 878 879 880 881 882 883 884 885 886 887 888 889 890 891 892 893 894 895 896 897 898 899 900 901 902 903 904 905 906 907 908 909 910 911 912 913 914 915 916 917 918 919 920 921 922 923 924 925 926 927 928 929 930 931 932 933 934 935 936 937 938 939 940 941 942 943 944 945 946 947 948 949 950 951 952 953 954 955 956 957 958 959 960 961 962 963 964 965 966 967 968 969 970 971 972 973 974 975 976 977 978 979 980 981 982 983 984 985 986 987 988 989 990 991 992 993 994 995 996 997 998 999 1000 1001 1002 1003 1004 1005 1006 1007 1008 1009 1010 1011 1012 1013 1014 1015 1016 1017 1018 1019 1020 1021 1022 1023 1024 1025 1026 1027 1028 1029 1030 1031 1032 1033 1034 1035 1036 1037 1038 1039 1040 1041 1042 1043 1044 1045 1046 1047 1048 1049 1050 1051 1052 1053 1054 1055 1056 1057 1058 1059 1060 1061 1062 1063 1064 1065 1066 1067 1068 1069 1070 1071 1072 1073 1074 1075 1076 1077 1078 
0
0
SET-2
0
1
236
843 844 845 846 847 848 849 850 851 852 853 854 855 856 857 858 859 860 861 862 863 864 865 866 867 868 869 870 871 872 873 874 875 876 877 878 879 880 881 882 883 884 885 886 887 888 889 890 891 892 893 894 895 896 897 898 899 900 901 902 903 904 905 906 907 908 909 910 911 912 913 914 915 916 917 918 919 920 921 922 923 924 925 926 927 928 929 930 931 932 933 934 935 936 937 938 939 940 941 942 943 944 945 946 947 948 949 950 951 952 953 954 955 956 957 958 959 960 961 962 963 964 965 966 967 968 969 970 971 972 973 974 975 976 977 978 979 980 981 982 983 984 985 986 987 988 989 990 991 992 993 994 995 996 997 998 999 1000 1001 1002 1003 1004 1005 1006 1007 1008 1009 1010 1011 1012 1013 1014 1015 1016 1017 1018 1019 1020 1021 1022 1023 1024 1025 1026 1027 1028 1029 1030 1031 1032 1033 1034 1035 1036 1037 1038 1039 1040 1041 1042 1043 1044 1045 1046 1047 1048 1049 1050 1051 1052 1053 1054 1055 1056 1057 1058 1059 1060 1061 1062 1063 1064 1065 1066 1067 1068 1069 1070 1071 1072 1073 1074 1075 1076 1077 1078 
0
0
0
PART-1-3
3
 P       3 PIBATCH
0
2
121
243 244 245 246 247 248 249 250 251 252 253 254 255 256 257 258 259 260 261 262 263 264 265 266 267 268 269 270 271 272 273 274 275 276 277 278 279 280 281 282 283 284 285 286 287 288 289 290 291 292 293 294 295 296 297 298 299 300 301 302 303 304 305 306 307 308 309 310 311 312 313 314 315 316 317 318 319 320 321 322 323 324 325 326 327 328 329 330 331 332 333 334 335 336 337 338 339 340 341 342 343 344 345 346 347 348 349 350 351 352 353 354 355 356 357 358 359 360 361 362 363 
0
0
 P       3WIRE-1-SET-3
0
2
1
246 
0
0
SET-2
0
1
121
243 244 245 246 247 248 249 250 251 252 253 254 255 256 257 258 259 260 261 262 263 264 265 266 267 268 269 270 271 272 273 274 275 276 277 278 279 280 281 282 283 284 285 286 287 288 289 290 291 292 293 294 295 296 297 298 299 300 301 302 303 304 305 306 307 308 309 310 311 312 313 314 315 316 317 318 319 320 321 322 323 324 325 326 327 328 329 330 331 332 333 334 335 336 337 338 339 340 341 342 343 344 345 346 347 348 349 350 351 352 353 354 355 356 357 358 359 360 361 362 363 
0
0
0
TRIANGLE-1
2
 P       6 PIBATCH
0
2
236
607 608 609 610 611 612 613 614 615 616 617 618 619 620 621 622 623 624 625 626 627 628 629 630 631 632 633 634 635 636 637 638 639 640 641 642 643 644 645 646 647 648 649 650 651 652 653 654 655 656 657 658 659 660 661 662 663 664 665 666 667 668 669 670 671 672 673 674 675 676 677 678 679 680 681 682 683 684 685 686 687 688 689 690 691 692 693 694 695 696 697 698 699 700 701 702 703 704 705 706 707 708 709 710 711 712 713 714 715 716 717 718 719 720 721 722 723 724 725 726 727 728 729 730 731 732 733 734 735 736 737 738 739 740 741 742 743 744 745 746 747 748 749 750 751 752 753 754 755 756 757 758 759 760 761 762 763 764 765 766 767 768 769 770 771 772 773 774 775 776 777 778 779 780 781 782 783 784 785 786 787 788 789 790 791 792 793 794 795 796 797 798 799 800 801 802 803 804 805 806 807 808 809 810 811 812 813 814 815 816 817 818 819 820 821 822 823 824 825 826 827 828 829 830 831 832 833 834 835 836 837 838 839 840 841 842 
0
0
SET-2
0
1
236
607 608 609 610 611 612 613 614 615 616 617 618 619 620 621 622 623 624 625 626 627 628 629 630 631 632 633 634 635 636 637 638 639 640 641 642 643 644 645 646 647 648 649 650 651 652 653 654 655 656 657 658 659 660 661 662 663 664 665 666 667 668 669 670 671 672 673 674 675 676 677 678 679 680 681 682 683 684 685 686 687 688 689 690 691 692 693 694 695 696 697 698 699 700 701 702 703 704 705 706 707 708 709 710 711 712 713 714 715 716 717 718 719 720 721 722 723 724 725 726 727 728 729 730 731 732 733 734 735 736 737 738 739 740 741 742 743 744 745 746 747 748 749 750 751 752 753 754 755 756 757 758 759 760 761 762 763 764 765 766 767 768 769 770 771 772 773 774 775 776 777 778 779 780 781 782 783 784 785 786 787 788 789 790 791 792 793 794 795 796 797 798 799 800 801 802 803 804 805 806 807 808 809 810 811 812 813 814 815 816 817 818 819 820 821 822 823 824 825 826 827 828 829 830 831 832 833 834 835 836 837 838 839 840 841 842 
0
0
0
PART-3-1
2
 P       5 PIBATCH
0
2
122
485 486 487 488 489 490 491 492 493 494 495 496 497 498 499 500 501 502 503 504 505 506 507 508 509 510 511 512 513 514 515 516 517 518 519 520 521 522 523 524 525 526 527 528 529 530 531 532 533 534 535 536 537 538 539 540 541 542 543 544 545 546 547 548 549 550 551 552 553 554 555 556 557 558 559 560 561 562 563 564 565 566 567 568 569 570 571 572 573 574 575 576 577 578 579 580 581 582 583 584 585 586 587 588 589 590 591 592 593 594 595 596 597 598 599 600 601 602 603 604 605 606 
0
0
PART-3-1-REFPT_
0
2
1
606 
0
0
0
0
14
HINGE-1-1_CNS_
1
0
0
1
PART-2-1
1
0
11
366
1
367
1
371
1
381
1
382
1
383
1
384
1
405
1
406
1
407
1
408
1
HINGE-1-2_CNS_
1
0
0
1
PART-1-1
1
0
11
5
1
6
1
9
1
30
1
31
1
32
1
33
1
54
1
55
1
56
1
57
1
HINGE-2-1_CNS_
1
0
0
1
PART-2-1
1
0
11
368
1
369
1
372
1
393
1
394
1
395
1
396
1
417
1
418
1
419
1
420
1
HINGE-2-3_CNS_
1
0
0
1
PART-1-3
1
0
11
245
1
246
1
250
1
260
1
261
1
262
1
263
1
284
1
285
1
286
1
287
1
HINGE-3-2_CNS_
1
0
0
1
PART-1-1
1
0
11
3
1
4
1
8
1
18
1
19
1
20
1
21
1
42
1
43
1
44
1
45
1
HINGE-3-4_CNS_
1
0
0
1
PART-1-2
1
0
11
124
1
125
1
129
1
139
1
140
1
141
1
142
1
163
1
164
1
165
1
166
1
HINGE-4-3_CNS_
1
0
0
1
PART-1-3
1
0
11
247
1
248
1
251
1
272
1
273
1
274
1
275
1
296
1
297
1
298
1
299
1
HINGE-4-4_CNS_
1
0
0
1
PART-1-2
1
0
11
126
1
127
1
130
1
151
1
152
1
153
1
154
1
175
1
176
1
177
1
178
1
HINGE_TRIANGLE_I_1_CNS_
1
0
0
1
PART-1-1
1
0
11
2
1
3
1
6
1
14
1
15
1
16
1
17
1
34
1
35
1
36
1
37
1
HINGE_TRIANGLE_I_2_CNS_
1
0
0
1
TRIANGLE-2
1
0
23
843
1
844
1
849
1
850
1
851
1
852
1
853
1
854
1
855
1
856
1
857
1
858
1
859
1
909
1
910
1
911
1
912
1
913
1
914
1
915
1
916
1
917
1
918
1
HINGE_TRIANGLE_I_I_1_CNS_
1
0
0
1
TRIANGLE-2
1
0
16
844
1
845
1
847
1
860
1
861
1
862
1
876
1
877
1
878
1
879
1
880
1
881
1
882
1
883
1
884
1
885
1
HINGE_TRIANGLE_I_I_2_CNS_
1
0
0
1
TRIANGLE-1
1
0
16
608
1
609
1
611
1
624
1
625
1
626
1
640
1
641
1
642
1
643
1
644
1
645
1
646
1
647
1
648
1
649
1
HINGE_TRIANGLE_O_1_CNS_
1
0
0
1
TRIANGLE-1
1
0
23
607
1
608
1
613
1
614
1
615
1
616
1
617
1
618
1
619
1
620
1
621
1
622
1
623
1
673
1
674
1
675
1
676
1
677
1
678
1
679
1
680
1
681
1
682
1
HINGE_TRIANGLE_O_3_CNS_
1
0
0
1
TRIANGLE-2
1
0
23
843
1
844
1
849
1
850
1
851
1
852
1
853
1
854
1
855
1
856
1
857
1
858
1
859
1
909
1
910
1
911
1
912
1
913
1
914
1
915
1
916
1
917
1
918
1
