1
0
1
ASSEMBLY
4
PART-1-1
PART-1
PART-1-2
PART-1
PART-1-3
PART-1
PART-2-1
PART-2
4
PART-1-1
121
3 1
4 2
5 3
6 4
7 5
8 6
9 7
10 8
11 9
12 10
13 11
14 12
15 13
16 14
17 15
18 16
19 17
20 18
21 19
22 20
23 21
24 22
25 23
26 24
27 25
28 26
29 27
30 28
31 29
32 30
33 31
34 32
35 33
36 34
37 35
38 36
39 37
40 38
41 39
42 40
43 41
44 42
45 43
46 44
47 45
48 46
49 47
50 48
51 49
52 50
53 51
54 52
55 53
56 54
57 55
58 56
59 57
60 58
61 59
62 60
63 61
64 62
65 63
66 64
67 65
68 66
69 67
70 68
71 69
72 70
73 71
74 72
75 73
76 74
77 75
78 76
79 77
80 78
81 79
82 80
83 81
84 82
85 83
86 84
87 85
88 86
89 87
90 88
91 89
92 90
93 91
94 92
95 93
96 94
97 95
98 96
99 97
100 98
101 99
102 100
103 101
104 102
105 103
106 104
107 105
108 106
109 107
110 108
111 109
112 110
113 111
114 112
115 113
116 114
117 115
118 116
119 117
120 118
121 119
122 120
123 121
1 3
2 4
3 5
4 6
5 7
6 8
7 9
8 10
9 11
10 12
11 13
12 14
13 15
14 16
15 17
16 18
17 19
18 20
19 21
20 22
21 23
22 24
23 25
24 26
25 27
26 28
27 29
28 30
29 31
30 32
31 33
32 34
33 35
34 36
35 37
36 38
37 39
38 40
39 41
40 42
41 43
42 44
43 45
44 46
45 47
46 48
47 49
48 50
49 51
50 52
51 53
52 54
53 55
54 56
55 57
56 58
57 59
58 60
59 61
60 62
61 63
62 64
63 65
64 66
65 67
66 68
67 69
68 70
69 71
70 72
71 73
72 74
73 75
74 76
75 77
76 78
77 79
78 80
79 81
80 82
81 83
82 84
83 85
84 86
85 87
86 88
87 89
88 90
89 91
90 92
91 93
92 94
93 95
94 96
95 97
96 98
97 99
98 100
99 101
100 102
101 103
102 104
103 105
104 106
105 107
106 108
107 109
108 110
109 111
110 112
111 113
112 114
113 115
114 116
115 117
116 118
117 119
118 120
119 121
120 122
121 123
PART-1-2
121
124 1
125 2
126 3
127 4
128 5
129 6
130 7
131 8
132 9
133 10
134 11
135 12
136 13
137 14
138 15
139 16
140 17
141 18
142 19
143 20
144 21
145 22
146 23
147 24
148 25
149 26
150 27
151 28
152 29
153 30
154 31
155 32
156 33
157 34
158 35
159 36
160 37
161 38
162 39
163 40
164 41
165 42
166 43
167 44
168 45
169 46
170 47
171 48
172 49
173 50
174 51
175 52
176 53
177 54
178 55
179 56
180 57
181 58
182 59
183 60
184 61
185 62
186 63
187 64
188 65
189 66
190 67
191 68
192 69
193 70
194 71
195 72
196 73
197 74
198 75
199 76
200 77
201 78
202 79
203 80
204 81
205 82
206 83
207 84
208 85
209 86
210 87
211 88
212 89
213 90
214 91
215 92
216 93
217 94
218 95
219 96
220 97
221 98
222 99
223 100
224 101
225 102
226 103
227 104
228 105
229 106
230 107
231 108
232 109
233 110
234 111
235 112
236 113
237 114
238 115
239 116
240 117
241 118
242 119
243 120
244 121
1 124
2 125
3 126
4 127
5 128
6 129
7 130
8 131
9 132
10 133
11 134
12 135
13 136
14 137
15 138
16 139
17 140
18 141
19 142
20 143
21 144
22 145
23 146
24 147
25 148
26 149
27 150
28 151
29 152
30 153
31 154
32 155
33 156
34 157
35 158
36 159
37 160
38 161
39 162
40 163
41 164
42 165
43 166
44 167
45 168
46 169
47 170
48 171
49 172
50 173
51 174
52 175
53 176
54 177
55 178
56 179
57 180
58 181
59 182
60 183
61 184
62 185
63 186
64 187
65 188
66 189
67 190
68 191
69 192
70 193
71 194
72 195
73 196
74 197
75 198
76 199
77 200
78 201
79 202
80 203
81 204
82 205
83 206
84 207
85 208
86 209
87 210
88 211
89 212
90 213
91 214
92 215
93 216
94 217
95 218
96 219
97 220
98 221
99 222
100 223
101 224
102 225
103 226
104 227
105 228
106 229
107 230
108 231
109 232
110 233
111 234
112 235
113 236
114 237
115 238
116 239
117 240
118 241
119 242
120 243
121 244
PART-1-3
121
245 1
246 2
247 3
248 4
249 5
250 6
251 7
252 8
253 9
254 10
255 11
256 12
257 13
258 14
259 15
260 16
261 17
262 18
263 19
264 20
265 21
266 22
267 23
268 24
269 25
270 26
271 27
272 28
273 29
274 30
275 31
276 32
277 33
278 34
279 35
280 36
281 37
282 38
283 39
284 40
285 41
286 42
287 43
288 44
289 45
290 46
291 47
292 48
293 49
294 50
295 51
296 52
297 53
298 54
299 55
300 56
301 57
302 58
303 59
304 60
305 61
306 62
307 63
308 64
309 65
310 66
311 67
312 68
313 69
314 70
315 71
316 72
317 73
318 74
319 75
320 76
321 77
322 78
323 79
324 80
325 81
326 82
327 83
328 84
329 85
330 86
331 87
332 88
333 89
334 90
335 91
336 92
337 93
338 94
339 95
340 96
341 97
342 98
343 99
344 100
345 101
346 102
347 103
348 104
349 105
350 106
351 107
352 108
353 109
354 110
355 111
356 112
357 113
358 114
359 115
360 116
361 117
362 118
363 119
364 120
365 121
1 245
2 246
3 247
4 248
5 249
6 250
7 251
8 252
9 253
10 254
11 255
12 256
13 257
14 258
15 259
16 260
17 261
18 262
19 263
20 264
21 265
22 266
23 267
24 268
25 269
26 270
27 271
28 272
29 273
30 274
31 275
32 276
33 277
34 278
35 279
36 280
37 281
38 282
39 283
40 284
41 285
42 286
43 287
44 288
45 289
46 290
47 291
48 292
49 293
50 294
51 295
52 296
53 297
54 298
55 299
56 300
57 301
58 302
59 303
60 304
61 305
62 306
63 307
64 308
65 309
66 310
67 311
68 312
69 313
70 314
71 315
72 316
73 317
74 318
75 319
76 320
77 321
78 322
79 323
80 324
81 325
82 326
83 327
84 328
85 329
86 330
87 331
88 332
89 333
90 334
91 335
92 336
93 337
94 338
95 339
96 340
97 341
98 342
99 343
100 344
101 345
102 346
103 347
104 348
105 349
106 350
107 351
108 352
109 353
110 354
111 355
112 356
113 357
114 358
115 359
116 360
117 361
118 362
119 363
120 364
121 365
PART-2-1
121
366 1
367 2
368 3
369 4
370 5
371 6
372 7
373 8
374 9
375 10
376 11
377 12
378 13
379 14
380 15
381 16
382 17
383 18
384 19
385 20
386 21
387 22
388 23
389 24
390 25
391 26
392 27
393 28
394 29
395 30
396 31
397 32
398 33
399 34
400 35
401 36
402 37
403 38
404 39
405 40
406 41
407 42
408 43
409 44
410 45
411 46
412 47
413 48
414 49
415 50
416 51
417 52
418 53
419 54
420 55
421 56
422 57
423 58
424 59
425 60
426 61
427 62
428 63
429 64
430 65
431 66
432 67
433 68
434 69
435 70
436 71
437 72
438 73
439 74
440 75
441 76
442 77
443 78
444 79
445 80
446 81
447 82
448 83
449 84
450 85
451 86
452 87
453 88
454 89
455 90
456 91
457 92
458 93
459 94
460 95
461 96
462 97
463 98
464 99
465 100
466 101
467 102
468 103
469 104
470 105
471 106
472 107
473 108
474 109
475 110
476 111
477 112
478 113
479 114
480 115
481 116
482 117
483 118
484 119
485 120
486 121
1 366
2 367
3 368
4 369
5 370
6 371
7 372
8 373
9 374
10 375
11 376
12 377
13 378
14 379
15 380
16 381
17 382
18 383
19 384
20 385
21 386
22 387
23 388
24 389
25 390
26 391
27 392
28 393
29 394
30 395
31 396
32 397
33 398
34 399
35 400
36 401
37 402
38 403
39 404
40 405
41 406
42 407
43 408
44 409
45 410
46 411
47 412
48 413
49 414
50 415
51 416
52 417
53 418
54 419
55 420
56 421
57 422
58 423
59 424
60 425
61 426
62 427
63 428
64 429
65 430
66 431
67 432
68 433
69 434
70 435
71 436
72 437
73 438
74 439
75 440
76 441
77 442
78 443
79 444
80 445
81 446
82 447
83 448
84 449
85 450
86 451
87 452
88 453
89 454
90 455
91 456
92 457
93 458
94 459
95 460
96 461
97 462
98 463
99 464
100 465
101 466
102 467
103 468
104 469
105 470
106 471
107 472
108 473
109 474
110 475
111 476
112 477
113 478
114 479
115 480
116 481
117 482
118 483
119 484
120 485
121 486
2
1 1
2 2
1 1
2 2
4
PART-1-1
100
4 1
5 2
6 3
7 4
8 5
9 6
10 7
11 8
12 9
13 10
14 11
15 12
16 13
17 14
18 15
19 16
20 17
21 18
22 19
23 20
24 21
25 22
26 23
27 24
28 25
29 26
30 27
31 28
32 29
33 30
34 31
35 32
36 33
37 34
38 35
39 36
40 37
41 38
42 39
43 40
44 41
45 42
46 43
47 44
48 45
49 46
50 47
51 48
52 49
53 50
54 51
55 52
56 53
57 54
58 55
59 56
60 57
61 58
62 59
63 60
64 61
65 62
66 63
67 64
68 65
69 66
70 67
71 68
72 69
73 70
74 71
75 72
76 73
77 74
78 75
79 76
80 77
81 78
82 79
83 80
84 81
85 82
86 83
87 84
88 85
89 86
90 87
91 88
92 89
93 90
94 91
95 92
96 93
97 94
98 95
99 96
100 97
101 98
102 99
103 100
1 4
2 5
3 6
4 7
5 8
6 9
7 10
8 11
9 12
10 13
11 14
12 15
13 16
14 17
15 18
16 19
17 20
18 21
19 22
20 23
21 24
22 25
23 26
24 27
25 28
26 29
27 30
28 31
29 32
30 33
31 34
32 35
33 36
34 37
35 38
36 39
37 40
38 41
39 42
40 43
41 44
42 45
43 46
44 47
45 48
46 49
47 50
48 51
49 52
50 53
51 54
52 55
53 56
54 57
55 58
56 59
57 60
58 61
59 62
60 63
61 64
62 65
63 66
64 67
65 68
66 69
67 70
68 71
69 72
70 73
71 74
72 75
73 76
74 77
75 78
76 79
77 80
78 81
79 82
80 83
81 84
82 85
83 86
84 87
85 88
86 89
87 90
88 91
89 92
90 93
91 94
92 95
93 96
94 97
95 98
96 99
97 100
98 101
99 102
100 103
PART-1-2
100
104 1
105 2
106 3
107 4
108 5
109 6
110 7
111 8
112 9
113 10
114 11
115 12
116 13
117 14
118 15
119 16
120 17
121 18
122 19
123 20
124 21
125 22
126 23
127 24
128 25
129 26
130 27
131 28
132 29
133 30
134 31
135 32
136 33
137 34
138 35
139 36
140 37
141 38
142 39
143 40
144 41
145 42
146 43
147 44
148 45
149 46
150 47
151 48
152 49
153 50
154 51
155 52
156 53
157 54
158 55
159 56
160 57
161 58
162 59
163 60
164 61
165 62
166 63
167 64
168 65
169 66
170 67
171 68
172 69
173 70
174 71
175 72
176 73
177 74
178 75
179 76
180 77
181 78
182 79
183 80
184 81
185 82
186 83
187 84
188 85
189 86
190 87
191 88
192 89
193 90
194 91
195 92
196 93
197 94
198 95
199 96
200 97
201 98
202 99
203 100
1 104
2 105
3 106
4 107
5 108
6 109
7 110
8 111
9 112
10 113
11 114
12 115
13 116
14 117
15 118
16 119
17 120
18 121
19 122
20 123
21 124
22 125
23 126
24 127
25 128
26 129
27 130
28 131
29 132
30 133
31 134
32 135
33 136
34 137
35 138
36 139
37 140
38 141
39 142
40 143
41 144
42 145
43 146
44 147
45 148
46 149
47 150
48 151
49 152
50 153
51 154
52 155
53 156
54 157
55 158
56 159
57 160
58 161
59 162
60 163
61 164
62 165
63 166
64 167
65 168
66 169
67 170
68 171
69 172
70 173
71 174
72 175
73 176
74 177
75 178
76 179
77 180
78 181
79 182
80 183
81 184
82 185
83 186
84 187
85 188
86 189
87 190
88 191
89 192
90 193
91 194
92 195
93 196
94 197
95 198
96 199
97 200
98 201
99 202
100 203
PART-1-3
100
204 1
205 2
206 3
207 4
208 5
209 6
210 7
211 8
212 9
213 10
214 11
215 12
216 13
217 14
218 15
219 16
220 17
221 18
222 19
223 20
224 21
225 22
226 23
227 24
228 25
229 26
230 27
231 28
232 29
233 30
234 31
235 32
236 33
237 34
238 35
239 36
240 37
241 38
242 39
243 40
244 41
245 42
246 43
247 44
248 45
249 46
250 47
251 48
252 49
253 50
254 51
255 52
256 53
257 54
258 55
259 56
260 57
261 58
262 59
263 60
264 61
265 62
266 63
267 64
268 65
269 66
270 67
271 68
272 69
273 70
274 71
275 72
276 73
277 74
278 75
279 76
280 77
281 78
282 79
283 80
284 81
285 82
286 83
287 84
288 85
289 86
290 87
291 88
292 89
293 90
294 91
295 92
296 93
297 94
298 95
299 96
300 97
301 98
302 99
303 100
1 204
2 205
3 206
4 207
5 208
6 209
7 210
8 211
9 212
10 213
11 214
12 215
13 216
14 217
15 218
16 219
17 220
18 221
19 222
20 223
21 224
22 225
23 226
24 227
25 228
26 229
27 230
28 231
29 232
30 233
31 234
32 235
33 236
34 237
35 238
36 239
37 240
38 241
39 242
40 243
41 244
42 245
43 246
44 247
45 248
46 249
47 250
48 251
49 252
50 253
51 254
52 255
53 256
54 257
55 258
56 259
57 260
58 261
59 262
60 263
61 264
62 265
63 266
64 267
65 268
66 269
67 270
68 271
69 272
70 273
71 274
72 275
73 276
74 277
75 278
76 279
77 280
78 281
79 282
80 283
81 284
82 285
83 286
84 287
85 288
86 289
87 290
88 291
89 292
90 293
91 294
92 295
93 296
94 297
95 298
96 299
97 300
98 301
99 302
100 303
PART-2-1
100
304 1
305 2
306 3
307 4
308 5
309 6
310 7
311 8
312 9
313 10
314 11
315 12
316 13
317 14
318 15
319 16
320 17
321 18
322 19
323 20
324 21
325 22
326 23
327 24
328 25
329 26
330 27
331 28
332 29
333 30
334 31
335 32
336 33
337 34
338 35
339 36
340 37
341 38
342 39
343 40
344 41
345 42
346 43
347 44
348 45
349 46
350 47
351 48
352 49
353 50
354 51
355 52
356 53
357 54
358 55
359 56
360 57
361 58
362 59
363 60
364 61
365 62
366 63
367 64
368 65
369 66
370 67
371 68
372 69
373 70
374 71
375 72
376 73
377 74
378 75
379 76
380 77
381 78
382 79
383 80
384 81
385 82
386 83
387 84
388 85
389 86
390 87
391 88
392 89
393 90
394 91
395 92
396 93
397 94
398 95
399 96
400 97
401 98
402 99
403 100
1 304
2 305
3 306
4 307
5 308
6 309
7 310
8 311
9 312
10 313
11 314
12 315
13 316
14 317
15 318
16 319
17 320
18 321
19 322
20 323
21 324
22 325
23 326
24 327
25 328
26 329
27 330
28 331
29 332
30 333
31 334
32 335
33 336
34 337
35 338
36 339
37 340
38 341
39 342
40 343
41 344
42 345
43 346
44 347
45 348
46 349
47 350
48 351
49 352
50 353
51 354
52 355
53 356
54 357
55 358
56 359
57 360
58 361
59 362
60 363
61 364
62 365
63 366
64 367
65 368
66 369
67 370
68 371
69 372
70 373
71 374
72 375
73 376
74 377
75 378
76 379
77 380
78 381
79 382
80 383
81 384
82 385
83 386
84 387
85 388
86 389
87 390
88 391
89 392
90 393
91 394
92 395
93 396
94 397
95 398
96 399
97 400
98 401
99 402
100 403
3
1 1
2 2
3 3
1 1
2 2
3 3
22
 PIBATCH
0
2
0
5

3
1 2 3 
PART-1-1
100
4 5 6 7 8 9 10 11 12 13 14 15 16 17 18 19 20 21 22 23 24 25 26 27 28 29 30 31 32 33 34 35 36 37 38 39 40 41 42 43 44 45 46 47 48 49 50 51 52 53 54 55 56 57 58 59 60 61 62 63 64 65 66 67 68 69 70 71 72 73 74 75 76 77 78 79 80 81 82 83 84 85 86 87 88 89 90 91 92 93 94 95 96 97 98 99 100 101 102 103 
PART-1-2
100
104 105 106 107 108 109 110 111 112 113 114 115 116 117 118 119 120 121 122 123 124 125 126 127 128 129 130 131 132 133 134 135 136 137 138 139 140 141 142 143 144 145 146 147 148 149 150 151 152 153 154 155 156 157 158 159 160 161 162 163 164 165 166 167 168 169 170 171 172 173 174 175 176 177 178 179 180 181 182 183 184 185 186 187 188 189 190 191 192 193 194 195 196 197 198 199 200 201 202 203 
PART-1-3
100
204 205 206 207 208 209 210 211 212 213 214 215 216 217 218 219 220 221 222 223 224 225 226 227 228 229 230 231 232 233 234 235 236 237 238 239 240 241 242 243 244 245 246 247 248 249 250 251 252 253 254 255 256 257 258 259 260 261 262 263 264 265 266 267 268 269 270 271 272 273 274 275 276 277 278 279 280 281 282 283 284 285 286 287 288 289 290 291 292 293 294 295 296 297 298 299 300 301 302 303 
PART-2-1
100
304 305 306 307 308 309 310 311 312 313 314 315 316 317 318 319 320 321 322 323 324 325 326 327 328 329 330 331 332 333 334 335 336 337 338 339 340 341 342 343 344 345 346 347 348 349 350 351 352 353 354 355 356 357 358 359 360 361 362 363 364 365 366 367 368 369 370 371 372 373 374 375 376 377 378 379 380 381 382 383 384 385 386 387 388 389 390 391 392 393 394 395 396 397 398 399 400 401 402 403 
0
HINGE-1-1
0
1
0
1
PART-1-1
10
4 14 24 34 44 54 64 74 84 94 
0
HINGE-1-2
0
1
0
1
PART-1-2
10
104 114 124 134 144 154 164 174 184 194 
0
HINGE-2-1
0
1
0
1
PART-1-1
10
13 23 33 43 53 63 73 83 93 103 
0
HINGE-2-3
0
1
0
1
PART-2-1
10
304 314 324 334 344 354 364 374 384 394 
0
HINGE-3-2
0
1
0
1
PART-1-2
10
113 123 133 143 153 163 173 183 193 203 
0
HINGE-3-4
0
1
0
1
PART-1-3
10
213 223 233 243 253 263 273 283 293 303 
0
HINGE-4-3
0
1
0
1
PART-2-1
10
313 323 333 343 353 363 373 383 393 403 
0
HINGE-4-4
0
1
0
1
PART-1-3
10
204 214 224 234 244 254 264 274 284 294 
0
PLATE_1
0
1
0
1
PART-1-1
100
4 5 6 7 8 9 10 11 12 13 14 15 16 17 18 19 20 21 22 23 24 25 26 27 28 29 30 31 32 33 34 35 36 37 38 39 40 41 42 43 44 45 46 47 48 49 50 51 52 53 54 55 56 57 58 59 60 61 62 63 64 65 66 67 68 69 70 71 72 73 74 75 76 77 78 79 80 81 82 83 84 85 86 87 88 89 90 91 92 93 94 95 96 97 98 99 100 101 102 103 
0
SET-11
0
1
0
1
PART-1-1
10
13 23 33 43 53 63 73 83 93 103 
0
SET-15
0
1
0
1
PART-1-2
10
113 123 133 143 153 163 173 183 193 203 
0
SET-18
0
1
0
1
PART-2-1
10
304 314 324 334 344 354 364 374 384 394 
0
SET-19
0
1
0
1
PART-1-3
10
213 223 233 243 253 263 273 283 293 303 
0
SET-24
0
1
0
1
PART-1-2
10
104 114 124 134 144 154 164 174 184 194 
0
SET-25
0
1
0
1
PART-2-1
10
304 314 324 334 344 354 364 374 384 394 
0
SET-26
0
1
0
1
PART-1-3
10
213 223 233 243 253 263 273 283 293 303 
0
SET-4
0
1
0
1
PART-1-1
10
4 14 24 34 44 54 64 74 84 94 
0
SET-40_INERTIA-1_
0
1
2
1 2 
0
0
S_SET-32
0
1
0
1
PART-1-3
10
204 214 224 234 244 254 264 274 284 294 
0
S_SET-34
0
1
0
1
PART-1-2
10
104 114 124 134 144 154 164 174 184 194 
0
WIRE-1-SET-2
0
1
1
3 
0
0
5
PART-1-1
2
 P       1 PIBATCH
0
2
100
4 5 6 7 8 9 10 11 12 13 14 15 16 17 18 19 20 21 22 23 24 25 26 27 28 29 30 31 32 33 34 35 36 37 38 39 40 41 42 43 44 45 46 47 48 49 50 51 52 53 54 55 56 57 58 59 60 61 62 63 64 65 66 67 68 69 70 71 72 73 74 75 76 77 78 79 80 81 82 83 84 85 86 87 88 89 90 91 92 93 94 95 96 97 98 99 100 101 102 103 
0
0
SET-2
0
1
100
4 5 6 7 8 9 10 11 12 13 14 15 16 17 18 19 20 21 22 23 24 25 26 27 28 29 30 31 32 33 34 35 36 37 38 39 40 41 42 43 44 45 46 47 48 49 50 51 52 53 54 55 56 57 58 59 60 61 62 63 64 65 66 67 68 69 70 71 72 73 74 75 76 77 78 79 80 81 82 83 84 85 86 87 88 89 90 91 92 93 94 95 96 97 98 99 100 101 102 103 
0
0
0
PART-2-1
2
 P       4 PIBATCH
0
2
100
304 305 306 307 308 309 310 311 312 313 314 315 316 317 318 319 320 321 322 323 324 325 326 327 328 329 330 331 332 333 334 335 336 337 338 339 340 341 342 343 344 345 346 347 348 349 350 351 352 353 354 355 356 357 358 359 360 361 362 363 364 365 366 367 368 369 370 371 372 373 374 375 376 377 378 379 380 381 382 383 384 385 386 387 388 389 390 391 392 393 394 395 396 397 398 399 400 401 402 403 
0
0
SET-2
0
1
100
304 305 306 307 308 309 310 311 312 313 314 315 316 317 318 319 320 321 322 323 324 325 326 327 328 329 330 331 332 333 334 335 336 337 338 339 340 341 342 343 344 345 346 347 348 349 350 351 352 353 354 355 356 357 358 359 360 361 362 363 364 365 366 367 368 369 370 371 372 373 374 375 376 377 378 379 380 381 382 383 384 385 386 387 388 389 390 391 392 393 394 395 396 397 398 399 400 401 402 403 
0
0
0
PART-1-2
2
 P       2 PIBATCH
0
2
100
104 105 106 107 108 109 110 111 112 113 114 115 116 117 118 119 120 121 122 123 124 125 126 127 128 129 130 131 132 133 134 135 136 137 138 139 140 141 142 143 144 145 146 147 148 149 150 151 152 153 154 155 156 157 158 159 160 161 162 163 164 165 166 167 168 169 170 171 172 173 174 175 176 177 178 179 180 181 182 183 184 185 186 187 188 189 190 191 192 193 194 195 196 197 198 199 200 201 202 203 
0
0
SET-2
0
1
100
104 105 106 107 108 109 110 111 112 113 114 115 116 117 118 119 120 121 122 123 124 125 126 127 128 129 130 131 132 133 134 135 136 137 138 139 140 141 142 143 144 145 146 147 148 149 150 151 152 153 154 155 156 157 158 159 160 161 162 163 164 165 166 167 168 169 170 171 172 173 174 175 176 177 178 179 180 181 182 183 184 185 186 187 188 189 190 191 192 193 194 195 196 197 198 199 200 201 202 203 
0
0
0

1
 P       0 PIBATCH
0
2
3
1 2 3 
0
0
0
PART-1-3
2
 P       3 PIBATCH
0
2
100
204 205 206 207 208 209 210 211 212 213 214 215 216 217 218 219 220 221 222 223 224 225 226 227 228 229 230 231 232 233 234 235 236 237 238 239 240 241 242 243 244 245 246 247 248 249 250 251 252 253 254 255 256 257 258 259 260 261 262 263 264 265 266 267 268 269 270 271 272 273 274 275 276 277 278 279 280 281 282 283 284 285 286 287 288 289 290 291 292 293 294 295 296 297 298 299 300 301 302 303 
0
0
SET-2
0
1
100
204 205 206 207 208 209 210 211 212 213 214 215 216 217 218 219 220 221 222 223 224 225 226 227 228 229 230 231 232 233 234 235 236 237 238 239 240 241 242 243 244 245 246 247 248 249 250 251 252 253 254 255 256 257 258 259 260 261 262 263 264 265 266 267 268 269 270 271 272 273 274 275 276 277 278 279 280 281 282 283 284 285 286 287 288 289 290 291 292 293 294 295 296 297 298 299 300 301 302 303 
0
0
0
30
 PIBATCH
0
2
0
5

2
1 2 
PART-1-1
121
3 4 5 6 7 8 9 10 11 12 13 14 15 16 17 18 19 20 21 22 23 24 25 26 27 28 29 30 31 32 33 34 35 36 37 38 39 40 41 42 43 44 45 46 47 48 49 50 51 52 53 54 55 56 57 58 59 60 61 62 63 64 65 66 67 68 69 70 71 72 73 74 75 76 77 78 79 80 81 82 83 84 85 86 87 88 89 90 91 92 93 94 95 96 97 98 99 100 101 102 103 104 105 106 107 108 109 110 111 112 113 114 115 116 117 118 119 120 121 122 123 
PART-1-2
121
124 125 126 127 128 129 130 131 132 133 134 135 136 137 138 139 140 141 142 143 144 145 146 147 148 149 150 151 152 153 154 155 156 157 158 159 160 161 162 163 164 165 166 167 168 169 170 171 172 173 174 175 176 177 178 179 180 181 182 183 184 185 186 187 188 189 190 191 192 193 194 195 196 197 198 199 200 201 202 203 204 205 206 207 208 209 210 211 212 213 214 215 216 217 218 219 220 221 222 223 224 225 226 227 228 229 230 231 232 233 234 235 236 237 238 239 240 241 242 243 244 
PART-1-3
121
245 246 247 248 249 250 251 252 253 254 255 256 257 258 259 260 261 262 263 264 265 266 267 268 269 270 271 272 273 274 275 276 277 278 279 280 281 282 283 284 285 286 287 288 289 290 291 292 293 294 295 296 297 298 299 300 301 302 303 304 305 306 307 308 309 310 311 312 313 314 315 316 317 318 319 320 321 322 323 324 325 326 327 328 329 330 331 332 333 334 335 336 337 338 339 340 341 342 343 344 345 346 347 348 349 350 351 352 353 354 355 356 357 358 359 360 361 362 363 364 365 
PART-2-1
121
366 367 368 369 370 371 372 373 374 375 376 377 378 379 380 381 382 383 384 385 386 387 388 389 390 391 392 393 394 395 396 397 398 399 400 401 402 403 404 405 406 407 408 409 410 411 412 413 414 415 416 417 418 419 420 421 422 423 424 425 426 427 428 429 430 431 432 433 434 435 436 437 438 439 440 441 442 443 444 445 446 447 448 449 450 451 452 453 454 455 456 457 458 459 460 461 462 463 464 465 466 467 468 469 470 471 472 473 474 475 476 477 478 479 480 481 482 483 484 485 486 
0
HINGE-1-1
0
1
0
1
PART-1-1
11
3 14 25 36 47 58 69 80 91 102 113 
0
HINGE-1-2
0
1
0
1
PART-1-2
11
124 135 146 157 168 179 190 201 212 223 234 
0
HINGE-2-1
0
1
0
1
PART-1-1
11
13 24 35 46 57 68 79 90 101 112 123 
0
HINGE-2-3
0
1
0
1
PART-2-1
11
366 377 388 399 410 421 432 443 454 465 476 
0
HINGE-3-2
0
1
0
1
PART-1-2
11
134 145 156 167 178 189 200 211 222 233 244 
0
HINGE-3-4
0
1
0
1
PART-1-3
11
255 266 277 288 299 310 321 332 343 354 365 
0
HINGE-4-3
0
1
0
1
PART-2-1
11
376 387 398 409 420 431 442 453 464 475 486 
0
HINGE-4-4
0
1
0
1
PART-1-3
11
245 256 267 278 289 300 311 322 333 344 355 
0
M_SET-32
0
1
1
1 
0
0
M_SET-34
0
1
1
2 
0
0
NODE_1_SPRING
0
1
0
1
PART-2-1
1
431 
0
NODE_2_SPRING
0
1
0
1
PART-1-2
1
179 
0
PLATE_1
0
1
0
1
PART-1-1
121
3 4 5 6 7 8 9 10 11 12 13 14 15 16 17 18 19 20 21 22 23 24 25 26 27 28 29 30 31 32 33 34 35 36 37 38 39 40 41 42 43 44 45 46 47 48 49 50 51 52 53 54 55 56 57 58 59 60 61 62 63 64 65 66 67 68 69 70 71 72 73 74 75 76 77 78 79 80 81 82 83 84 85 86 87 88 89 90 91 92 93 94 95 96 97 98 99 100 101 102 103 104 105 106 107 108 109 110 111 112 113 114 115 116 117 118 119 120 121 122 123 
0
RF_1_SPRING
0
1
1
1 
0
0
RF_2_SPRING
0
1
1
2 
0
0
SET-11
0
1
0
1
PART-1-1
11
13 24 35 46 57 68 79 90 101 112 123 
0
SET-15
0
1
0
1
PART-1-2
11
134 145 156 167 178 189 200 211 222 233 244 
0
SET-18
0
1
0
1
PART-2-1
11
366 377 388 399 410 421 432 443 454 465 476 
0
SET-19
0
1
0
1
PART-1-3
11
255 266 277 288 299 310 321 332 343 354 365 
0
SET-24
0
1
0
1
PART-1-2
11
124 135 146 157 168 179 190 201 212 223 234 
0
SET-25
0
1
0
1
PART-2-1
11
366 377 388 399 410 421 432 443 454 465 476 
0
SET-26
0
1
0
1
PART-1-3
11
255 266 277 288 299 310 321 332 343 354 365 
0
SET-30
0
1
2
1 2 
0
0
SET-31
0
1
2
1 2 
0
0
SET-4
0
1
0
1
PART-1-1
11
3 14 25 36 47 58 69 80 91 102 113 
0
SET-40
0
1
2
1 2 
0
0
S_SET-32
0
1
0
1
PART-1-3
11
245 256 267 278 289 300 311 322 333 344 355 
0
S_SET-34
0
1
0
1
PART-1-2
11
124 135 146 157 168 179 190 201 212 223 234 
0
WIRE-1-SET-2
0
1
2
1 2 
0
0
5
PART-1-1
2
 P       1 PIBATCH
0
2
121
3 4 5 6 7 8 9 10 11 12 13 14 15 16 17 18 19 20 21 22 23 24 25 26 27 28 29 30 31 32 33 34 35 36 37 38 39 40 41 42 43 44 45 46 47 48 49 50 51 52 53 54 55 56 57 58 59 60 61 62 63 64 65 66 67 68 69 70 71 72 73 74 75 76 77 78 79 80 81 82 83 84 85 86 87 88 89 90 91 92 93 94 95 96 97 98 99 100 101 102 103 104 105 106 107 108 109 110 111 112 113 114 115 116 117 118 119 120 121 122 123 
0
0
SET-2
0
1
121
3 4 5 6 7 8 9 10 11 12 13 14 15 16 17 18 19 20 21 22 23 24 25 26 27 28 29 30 31 32 33 34 35 36 37 38 39 40 41 42 43 44 45 46 47 48 49 50 51 52 53 54 55 56 57 58 59 60 61 62 63 64 65 66 67 68 69 70 71 72 73 74 75 76 77 78 79 80 81 82 83 84 85 86 87 88 89 90 91 92 93 94 95 96 97 98 99 100 101 102 103 104 105 106 107 108 109 110 111 112 113 114 115 116 117 118 119 120 121 122 123 
0
0
0
PART-2-1
2
 P       4 PIBATCH
0
2
121
366 367 368 369 370 371 372 373 374 375 376 377 378 379 380 381 382 383 384 385 386 387 388 389 390 391 392 393 394 395 396 397 398 399 400 401 402 403 404 405 406 407 408 409 410 411 412 413 414 415 416 417 418 419 420 421 422 423 424 425 426 427 428 429 430 431 432 433 434 435 436 437 438 439 440 441 442 443 444 445 446 447 448 449 450 451 452 453 454 455 456 457 458 459 460 461 462 463 464 465 466 467 468 469 470 471 472 473 474 475 476 477 478 479 480 481 482 483 484 485 486 
0
0
SET-2
0
1
121
366 367 368 369 370 371 372 373 374 375 376 377 378 379 380 381 382 383 384 385 386 387 388 389 390 391 392 393 394 395 396 397 398 399 400 401 402 403 404 405 406 407 408 409 410 411 412 413 414 415 416 417 418 419 420 421 422 423 424 425 426 427 428 429 430 431 432 433 434 435 436 437 438 439 440 441 442 443 444 445 446 447 448 449 450 451 452 453 454 455 456 457 458 459 460 461 462 463 464 465 466 467 468 469 470 471 472 473 474 475 476 477 478 479 480 481 482 483 484 485 486 
0
0
0
PART-1-2
2
 P       2 PIBATCH
0
2
121
124 125 126 127 128 129 130 131 132 133 134 135 136 137 138 139 140 141 142 143 144 145 146 147 148 149 150 151 152 153 154 155 156 157 158 159 160 161 162 163 164 165 166 167 168 169 170 171 172 173 174 175 176 177 178 179 180 181 182 183 184 185 186 187 188 189 190 191 192 193 194 195 196 197 198 199 200 201 202 203 204 205 206 207 208 209 210 211 212 213 214 215 216 217 218 219 220 221 222 223 224 225 226 227 228 229 230 231 232 233 234 235 236 237 238 239 240 241 242 243 244 
0
0
SET-2
0
1
121
124 125 126 127 128 129 130 131 132 133 134 135 136 137 138 139 140 141 142 143 144 145 146 147 148 149 150 151 152 153 154 155 156 157 158 159 160 161 162 163 164 165 166 167 168 169 170 171 172 173 174 175 176 177 178 179 180 181 182 183 184 185 186 187 188 189 190 191 192 193 194 195 196 197 198 199 200 201 202 203 204 205 206 207 208 209 210 211 212 213 214 215 216 217 218 219 220 221 222 223 224 225 226 227 228 229 230 231 232 233 234 235 236 237 238 239 240 241 242 243 244 
0
0
0

1
 P       0 PIBATCH
0
2
2
1 2 
0
0
0
PART-1-3
2
 P       3 PIBATCH
0
2
121
245 246 247 248 249 250 251 252 253 254 255 256 257 258 259 260 261 262 263 264 265 266 267 268 269 270 271 272 273 274 275 276 277 278 279 280 281 282 283 284 285 286 287 288 289 290 291 292 293 294 295 296 297 298 299 300 301 302 303 304 305 306 307 308 309 310 311 312 313 314 315 316 317 318 319 320 321 322 323 324 325 326 327 328 329 330 331 332 333 334 335 336 337 338 339 340 341 342 343 344 345 346 347 348 349 350 351 352 353 354 355 356 357 358 359 360 361 362 363 364 365 
0
0
SET-2
0
1
121
245 246 247 248 249 250 251 252 253 254 255 256 257 258 259 260 261 262 263 264 265 266 267 268 269 270 271 272 273 274 275 276 277 278 279 280 281 282 283 284 285 286 287 288 289 290 291 292 293 294 295 296 297 298 299 300 301 302 303 304 305 306 307 308 309 310 311 312 313 314 315 316 317 318 319 320 321 322 323 324 325 326 327 328 329 330 331 332 333 334 335 336 337 338 339 340 341 342 343 344 345 346 347 348 349 350 351 352 353 354 355 356 357 358 359 360 361 362 363 364 365 
0
0
0
0
8
HINGE-1-1_CNS_
1
0
0
1
PART-1-1
1
0
11
3
1
14
1
25
1
36
1
47
1
58
1
69
1
80
1
91
1
102
1
113
1
HINGE-1-2_CNS_
1
0
0
1
PART-1-2
1
0
11
124
1
135
1
146
1
157
1
168
1
179
1
190
1
201
1
212
1
223
1
234
1
HINGE-2-1_CNS_
1
0
0
1
PART-1-1
1
0
11
13
1
24
1
35
1
46
1
57
1
68
1
79
1
90
1
101
1
112
1
123
1
HINGE-2-3_CNS_
1
0
0
1
PART-2-1
1
0
11
366
1
377
1
388
1
399
1
410
1
421
1
432
1
443
1
454
1
465
1
476
1
HINGE-3-2_CNS_
1
0
0
1
PART-1-2
1
0
11
134
1
145
1
156
1
167
1
178
1
189
1
200
1
211
1
222
1
233
1
244
1
HINGE-3-4_CNS_
1
0
0
1
PART-1-3
1
0
11
255
1
266
1
277
1
288
1
299
1
310
1
321
1
332
1
343
1
354
1
365
1
HINGE-4-3_CNS_
1
0
0
1
PART-2-1
1
0
11
376
1
387
1
398
1
409
1
420
1
431
1
442
1
453
1
464
1
475
1
486
1
HINGE-4-4_CNS_
1
0
0
1
PART-1-3
1
0
11
245
1
256
1
267
1
278
1
289
1
300
1
311
1
322
1
333
1
344
1
355
1
