Analysis initiated from SIMULIA established products
Abaqus JOB Box_Implicit-6
Abaqus 2022
Abaqus License Manager checked out the following licenses:
Abaqus/Standard checked out 6 tokens from Flexnet server licsrv.unileoben.ac.at.
<278 out of 425 licenses remain available>.
Begin Analysis Input File Processor
19.12.2023 15:01:31
Run pre.exe
19.12.2023 15:01:33
End Analysis Input File Processor
Begin Abaqus/Standard Analysis
19.12.2023 15:01:33
Run standard.exe
19.12.2023 15:02:12
End Abaqus/Standard Analysis
Begin SIM Wrap-up
19.12.2023 15:02:13
Run SMASimUtility.exe
19.12.2023 15:02:14
End SIM Wrap-up
Abaqus JOB Box_Implicit-6 COMPLETED
