Analysis initiated from SIMULIA established products
Abaqus JOB Box_Implicit_Contact_1_Gravity-Cop2y
Abaqus 2022
Abaqus License Manager checked out the following licenses:
Abaqus/Standard checked out 6 tokens from Flexnet server licsrv.unileoben.ac.at.
<263 out of 425 licenses remain available>.
Begin Analysis Input File Processor
19.12.2023 15:30:36
Run pre.exe
19.12.2023 15:30:38
End Analysis Input File Processor
Begin Abaqus/Standard Analysis
19.12.2023 15:30:38
Run standard.exe
19.12.2023 15:31:16
End Abaqus/Standard Analysis
Begin SIM Wrap-up
19.12.2023 15:31:18
Run SMASimUtility.exe
19.12.2023 15:31:18
End SIM Wrap-up
Abaqus JOB Box_Implicit_Contact_1_Gravity-Cop2y COMPLETED
