1
0
1
ASSEMBLY
4
PART-1-1
PART-1
PART-1-2
PART-1
PART-1-3
PART-1
PART-2-1
PART-2
4
PART-1-1
121
3 1
4 2
5 3
6 4
7 5
8 6
9 7
10 8
11 9
12 10
13 11
14 12
15 13
16 14
17 15
18 16
19 17
20 18
21 19
22 20
23 21
24 22
25 23
26 24
27 25
28 26
29 27
30 28
31 29
32 30
33 31
34 32
35 33
36 34
37 35
38 36
39 37
40 38
41 39
42 40
43 41
44 42
45 43
46 44
47 45
48 46
49 47
50 48
51 49
52 50
53 51
54 52
55 53
56 54
57 55
58 56
59 57
60 58
61 59
62 60
63 61
64 62
65 63
66 64
67 65
68 66
69 67
70 68
71 69
72 70
73 71
74 72
75 73
76 74
77 75
78 76
79 77
80 78
81 79
82 80
83 81
84 82
85 83
86 84
87 85
88 86
89 87
90 88
91 89
92 90
93 91
94 92
95 93
96 94
97 95
98 96
99 97
100 98
101 99
102 100
103 101
104 102
105 103
106 104
107 105
108 106
109 107
110 108
111 109
112 110
113 111
114 112
115 113
116 114
117 115
118 116
119 117
120 118
121 119
122 120
123 121
1 3
2 4
3 5
4 6
5 7
6 8
7 9
8 10
9 11
10 12
11 13
12 14
13 15
14 16
15 17
16 18
17 19
18 20
19 21
20 22
21 23
22 24
23 25
24 26
25 27
26 28
27 29
28 30
29 31
30 32
31 33
32 34
33 35
34 36
35 37
36 38
37 39
38 40
39 41
40 42
41 43
42 44
43 45
44 46
45 47
46 48
47 49
48 50
49 51
50 52
51 53
52 54
53 55
54 56
55 57
56 58
57 59
58 60
59 61
60 62
61 63
62 64
63 65
64 66
65 67
66 68
67 69
68 70
69 71
70 72
71 73
72 74
73 75
74 76
75 77
76 78
77 79
78 80
79 81
80 82
81 83
82 84
83 85
84 86
85 87
86 88
87 89
88 90
89 91
90 92
91 93
92 94
93 95
94 96
95 97
96 98
97 99
98 100
99 101
100 102
101 103
102 104
103 105
104 106
105 107
106 108
107 109
108 110
109 111
110 112
111 113
112 114
113 115
114 116
115 117
116 118
117 119
118 120
119 121
120 122
121 123
PART-1-2
121
124 1
125 2
126 3
127 4
128 5
129 6
130 7
131 8
132 9
133 10
134 11
135 12
136 13
137 14
138 15
139 16
140 17
141 18
142 19
143 20
144 21
145 22
146 23
147 24
148 25
149 26
150 27
151 28
152 29
153 30
154 31
155 32
156 33
157 34
158 35
159 36
160 37
161 38
162 39
163 40
164 41
165 42
166 43
167 44
168 45
169 46
170 47
171 48
172 49
173 50
174 51
175 52
176 53
177 54
178 55
179 56
180 57
181 58
182 59
183 60
184 61
185 62
186 63
187 64
188 65
189 66
190 67
191 68
192 69
193 70
194 71
195 72
196 73
197 74
198 75
199 76
200 77
201 78
202 79
203 80
204 81
205 82
206 83
207 84
208 85
209 86
210 87
211 88
212 89
213 90
214 91
215 92
216 93
217 94
218 95
219 96
220 97
221 98
222 99
223 100
224 101
225 102
226 103
227 104
228 105
229 106
230 107
231 108
232 109
233 110
234 111
235 112
236 113
237 114
238 115
239 116
240 117
241 118
242 119
243 120
244 121
1 124
2 125
3 126
4 127
5 128
6 129
7 130
8 131
9 132
10 133
11 134
12 135
13 136
14 137
15 138
16 139
17 140
18 141
19 142
20 143
21 144
22 145
23 146
24 147
25 148
26 149
27 150
28 151
29 152
30 153
31 154
32 155
33 156
34 157
35 158
36 159
37 160
38 161
39 162
40 163
41 164
42 165
43 166
44 167
45 168
46 169
47 170
48 171
49 172
50 173
51 174
52 175
53 176
54 177
55 178
56 179
57 180
58 181
59 182
60 183
61 184
62 185
63 186
64 187
65 188
66 189
67 190
68 191
69 192
70 193
71 194
72 195
73 196
74 197
75 198
76 199
77 200
78 201
79 202
80 203
81 204
82 205
83 206
84 207
85 208
86 209
87 210
88 211
89 212
90 213
91 214
92 215
93 216
94 217
95 218
96 219
97 220
98 221
99 222
100 223
101 224
102 225
103 226
104 227
105 228
106 229
107 230
108 231
109 232
110 233
111 234
112 235
113 236
114 237
115 238
116 239
117 240
118 241
119 242
120 243
121 244
PART-1-3
121
245 1
246 2
247 3
248 4
249 5
250 6
251 7
252 8
253 9
254 10
255 11
256 12
257 13
258 14
259 15
260 16
261 17
262 18
263 19
264 20
265 21
266 22
267 23
268 24
269 25
270 26
271 27
272 28
273 29
274 30
275 31
276 32
277 33
278 34
279 35
280 36
281 37
282 38
283 39
284 40
285 41
286 42
287 43
288 44
289 45
290 46
291 47
292 48
293 49
294 50
295 51
296 52
297 53
298 54
299 55
300 56
301 57
302 58
303 59
304 60
305 61
306 62
307 63
308 64
309 65
310 66
311 67
312 68
313 69
314 70
315 71
316 72
317 73
318 74
319 75
320 76
321 77
322 78
323 79
324 80
325 81
326 82
327 83
328 84
329 85
330 86
331 87
332 88
333 89
334 90
335 91
336 92
337 93
338 94
339 95
340 96
341 97
342 98
343 99
344 100
345 101
346 102
347 103
348 104
349 105
350 106
351 107
352 108
353 109
354 110
355 111
356 112
357 113
358 114
359 115
360 116
361 117
362 118
363 119
364 120
365 121
1 245
2 246
3 247
4 248
5 249
6 250
7 251
8 252
9 253
10 254
11 255
12 256
13 257
14 258
15 259
16 260
17 261
18 262
19 263
20 264
21 265
22 266
23 267
24 268
25 269
26 270
27 271
28 272
29 273
30 274
31 275
32 276
33 277
34 278
35 279
36 280
37 281
38 282
39 283
40 284
41 285
42 286
43 287
44 288
45 289
46 290
47 291
48 292
49 293
50 294
51 295
52 296
53 297
54 298
55 299
56 300
57 301
58 302
59 303
60 304
61 305
62 306
63 307
64 308
65 309
66 310
67 311
68 312
69 313
70 314
71 315
72 316
73 317
74 318
75 319
76 320
77 321
78 322
79 323
80 324
81 325
82 326
83 327
84 328
85 329
86 330
87 331
88 332
89 333
90 334
91 335
92 336
93 337
94 338
95 339
96 340
97 341
98 342
99 343
100 344
101 345
102 346
103 347
104 348
105 349
106 350
107 351
108 352
109 353
110 354
111 355
112 356
113 357
114 358
115 359
116 360
117 361
118 362
119 363
120 364
121 365
PART-2-1
121
366 1
367 2
368 3
369 4
370 5
371 6
372 7
373 8
374 9
375 10
376 11
377 12
378 13
379 14
380 15
381 16
382 17
383 18
384 19
385 20
386 21
387 22
388 23
389 24
390 25
391 26
392 27
393 28
394 29
395 30
396 31
397 32
398 33
399 34
400 35
401 36
402 37
403 38
404 39
405 40
406 41
407 42
408 43
409 44
410 45
411 46
412 47
413 48
414 49
415 50
416 51
417 52
418 53
419 54
420 55
421 56
422 57
423 58
424 59
425 60
426 61
427 62
428 63
429 64
430 65
431 66
432 67
433 68
434 69
435 70
436 71
437 72
438 73
439 74
440 75
441 76
442 77
443 78
444 79
445 80
446 81
447 82
448 83
449 84
450 85
451 86
452 87
453 88
454 89
455 90
456 91
457 92
458 93
459 94
460 95
461 96
462 97
463 98
464 99
465 100
466 101
467 102
468 103
469 104
470 105
471 106
472 107
473 108
474 109
475 110
476 111
477 112
478 113
479 114
480 115
481 116
482 117
483 118
484 119
485 120
486 121
1 366
2 367
3 368
4 369
5 370
6 371
7 372
8 373
9 374
10 375
11 376
12 377
13 378
14 379
15 380
16 381
17 382
18 383
19 384
20 385
21 386
22 387
23 388
24 389
25 390
26 391
27 392
28 393
29 394
30 395
31 396
32 397
33 398
34 399
35 400
36 401
37 402
38 403
39 404
40 405
41 406
42 407
43 408
44 409
45 410
46 411
47 412
48 413
49 414
50 415
51 416
52 417
53 418
54 419
55 420
56 421
57 422
58 423
59 424
60 425
61 426
62 427
63 428
64 429
65 430
66 431
67 432
68 433
69 434
70 435
71 436
72 437
73 438
74 439
75 440
76 441
77 442
78 443
79 444
80 445
81 446
82 447
83 448
84 449
85 450
86 451
87 452
88 453
89 454
90 455
91 456
92 457
93 458
94 459
95 460
96 461
97 462
98 463
99 464
100 465
101 466
102 467
103 468
104 469
105 470
106 471
107 472
108 473
109 474
110 475
111 476
112 477
113 478
114 479
115 480
116 481
117 482
118 483
119 484
120 485
121 486
2
1 1
2 2
1 1
2 2
4
PART-1-1
100
1 1
2 2
3 3
4 4
5 5
6 6
7 7
8 8
9 9
10 10
11 11
12 12
13 13
14 14
15 15
16 16
17 17
18 18
19 19
20 20
21 21
22 22
23 23
24 24
25 25
26 26
27 27
28 28
29 29
30 30
31 31
32 32
33 33
34 34
35 35
36 36
37 37
38 38
39 39
40 40
41 41
42 42
43 43
44 44
45 45
46 46
47 47
48 48
49 49
50 50
51 51
52 52
53 53
54 54
55 55
56 56
57 57
58 58
59 59
60 60
61 61
62 62
63 63
64 64
65 65
66 66
67 67
68 68
69 69
70 70
71 71
72 72
73 73
74 74
75 75
76 76
77 77
78 78
79 79
80 80
81 81
82 82
83 83
84 84
85 85
86 86
87 87
88 88
89 89
90 90
91 91
92 92
93 93
94 94
95 95
96 96
97 97
98 98
99 99
100 100
1 1
2 2
3 3
4 4
5 5
6 6
7 7
8 8
9 9
10 10
11 11
12 12
13 13
14 14
15 15
16 16
17 17
18 18
19 19
20 20
21 21
22 22
23 23
24 24
25 25
26 26
27 27
28 28
29 29
30 30
31 31
32 32
33 33
34 34
35 35
36 36
37 37
38 38
39 39
40 40
41 41
42 42
43 43
44 44
45 45
46 46
47 47
48 48
49 49
50 50
51 51
52 52
53 53
54 54
55 55
56 56
57 57
58 58
59 59
60 60
61 61
62 62
63 63
64 64
65 65
66 66
67 67
68 68
69 69
70 70
71 71
72 72
73 73
74 74
75 75
76 76
77 77
78 78
79 79
80 80
81 81
82 82
83 83
84 84
85 85
86 86
87 87
88 88
89 89
90 90
91 91
92 92
93 93
94 94
95 95
96 96
97 97
98 98
99 99
100 100
PART-1-2
100
101 1
102 2
103 3
104 4
105 5
106 6
107 7
108 8
109 9
110 10
111 11
112 12
113 13
114 14
115 15
116 16
117 17
118 18
119 19
120 20
121 21
122 22
123 23
124 24
125 25
126 26
127 27
128 28
129 29
130 30
131 31
132 32
133 33
134 34
135 35
136 36
137 37
138 38
139 39
140 40
141 41
142 42
143 43
144 44
145 45
146 46
147 47
148 48
149 49
150 50
151 51
152 52
153 53
154 54
155 55
156 56
157 57
158 58
159 59
160 60
161 61
162 62
163 63
164 64
165 65
166 66
167 67
168 68
169 69
170 70
171 71
172 72
173 73
174 74
175 75
176 76
177 77
178 78
179 79
180 80
181 81
182 82
183 83
184 84
185 85
186 86
187 87
188 88
189 89
190 90
191 91
192 92
193 93
194 94
195 95
196 96
197 97
198 98
199 99
200 100
1 101
2 102
3 103
4 104
5 105
6 106
7 107
8 108
9 109
10 110
11 111
12 112
13 113
14 114
15 115
16 116
17 117
18 118
19 119
20 120
21 121
22 122
23 123
24 124
25 125
26 126
27 127
28 128
29 129
30 130
31 131
32 132
33 133
34 134
35 135
36 136
37 137
38 138
39 139
40 140
41 141
42 142
43 143
44 144
45 145
46 146
47 147
48 148
49 149
50 150
51 151
52 152
53 153
54 154
55 155
56 156
57 157
58 158
59 159
60 160
61 161
62 162
63 163
64 164
65 165
66 166
67 167
68 168
69 169
70 170
71 171
72 172
73 173
74 174
75 175
76 176
77 177
78 178
79 179
80 180
81 181
82 182
83 183
84 184
85 185
86 186
87 187
88 188
89 189
90 190
91 191
92 192
93 193
94 194
95 195
96 196
97 197
98 198
99 199
100 200
PART-1-3
100
201 1
202 2
203 3
204 4
205 5
206 6
207 7
208 8
209 9
210 10
211 11
212 12
213 13
214 14
215 15
216 16
217 17
218 18
219 19
220 20
221 21
222 22
223 23
224 24
225 25
226 26
227 27
228 28
229 29
230 30
231 31
232 32
233 33
234 34
235 35
236 36
237 37
238 38
239 39
240 40
241 41
242 42
243 43
244 44
245 45
246 46
247 47
248 48
249 49
250 50
251 51
252 52
253 53
254 54
255 55
256 56
257 57
258 58
259 59
260 60
261 61
262 62
263 63
264 64
265 65
266 66
267 67
268 68
269 69
270 70
271 71
272 72
273 73
274 74
275 75
276 76
277 77
278 78
279 79
280 80
281 81
282 82
283 83
284 84
285 85
286 86
287 87
288 88
289 89
290 90
291 91
292 92
293 93
294 94
295 95
296 96
297 97
298 98
299 99
300 100
1 201
2 202
3 203
4 204
5 205
6 206
7 207
8 208
9 209
10 210
11 211
12 212
13 213
14 214
15 215
16 216
17 217
18 218
19 219
20 220
21 221
22 222
23 223
24 224
25 225
26 226
27 227
28 228
29 229
30 230
31 231
32 232
33 233
34 234
35 235
36 236
37 237
38 238
39 239
40 240
41 241
42 242
43 243
44 244
45 245
46 246
47 247
48 248
49 249
50 250
51 251
52 252
53 253
54 254
55 255
56 256
57 257
58 258
59 259
60 260
61 261
62 262
63 263
64 264
65 265
66 266
67 267
68 268
69 269
70 270
71 271
72 272
73 273
74 274
75 275
76 276
77 277
78 278
79 279
80 280
81 281
82 282
83 283
84 284
85 285
86 286
87 287
88 288
89 289
90 290
91 291
92 292
93 293
94 294
95 295
96 296
97 297
98 298
99 299
100 300
PART-2-1
100
301 1
302 2
303 3
304 4
305 5
306 6
307 7
308 8
309 9
310 10
311 11
312 12
313 13
314 14
315 15
316 16
317 17
318 18
319 19
320 20
321 21
322 22
323 23
324 24
325 25
326 26
327 27
328 28
329 29
330 30
331 31
332 32
333 33
334 34
335 35
336 36
337 37
338 38
339 39
340 40
341 41
342 42
343 43
344 44
345 45
346 46
347 47
348 48
349 49
350 50
351 51
352 52
353 53
354 54
355 55
356 56
357 57
358 58
359 59
360 60
361 61
362 62
363 63
364 64
365 65
366 66
367 67
368 68
369 69
370 70
371 71
372 72
373 73
374 74
375 75
376 76
377 77
378 78
379 79
380 80
381 81
382 82
383 83
384 84
385 85
386 86
387 87
388 88
389 89
390 90
391 91
392 92
393 93
394 94
395 95
396 96
397 97
398 98
399 99
400 100
1 301
2 302
3 303
4 304
5 305
6 306
7 307
8 308
9 309
10 310
11 311
12 312
13 313
14 314
15 315
16 316
17 317
18 318
19 319
20 320
21 321
22 322
23 323
24 324
25 325
26 326
27 327
28 328
29 329
30 330
31 331
32 332
33 333
34 334
35 335
36 336
37 337
38 338
39 339
40 340
41 341
42 342
43 343
44 344
45 345
46 346
47 347
48 348
49 349
50 350
51 351
52 352
53 353
54 354
55 355
56 356
57 357
58 358
59 359
60 360
61 361
62 362
63 363
64 364
65 365
66 366
67 367
68 368
69 369
70 370
71 371
72 372
73 373
74 374
75 375
76 376
77 377
78 378
79 379
80 380
81 381
82 382
83 383
84 384
85 385
86 386
87 387
88 388
89 389
90 390
91 391
92 392
93 393
94 394
95 395
96 396
97 397
98 398
99 399
100 400
2
401 1
402 2
1 401
2 402
22

0
2
0
4
PART-1-1
100
1 2 3 4 5 6 7 8 9 10 11 12 13 14 15 16 17 18 19 20 21 22 23 24 25 26 27 28 29 30 31 32 33 34 35 36 37 38 39 40 41 42 43 44 45 46 47 48 49 50 51 52 53 54 55 56 57 58 59 60 61 62 63 64 65 66 67 68 69 70 71 72 73 74 75 76 77 78 79 80 81 82 83 84 85 86 87 88 89 90 91 92 93 94 95 96 97 98 99 100 
PART-1-2
100
101 102 103 104 105 106 107 108 109 110 111 112 113 114 115 116 117 118 119 120 121 122 123 124 125 126 127 128 129 130 131 132 133 134 135 136 137 138 139 140 141 142 143 144 145 146 147 148 149 150 151 152 153 154 155 156 157 158 159 160 161 162 163 164 165 166 167 168 169 170 171 172 173 174 175 176 177 178 179 180 181 182 183 184 185 186 187 188 189 190 191 192 193 194 195 196 197 198 199 200 
PART-1-3
100
201 202 203 204 205 206 207 208 209 210 211 212 213 214 215 216 217 218 219 220 221 222 223 224 225 226 227 228 229 230 231 232 233 234 235 236 237 238 239 240 241 242 243 244 245 246 247 248 249 250 251 252 253 254 255 256 257 258 259 260 261 262 263 264 265 266 267 268 269 270 271 272 273 274 275 276 277 278 279 280 281 282 283 284 285 286 287 288 289 290 291 292 293 294 295 296 297 298 299 300 
PART-2-1
100
301 302 303 304 305 306 307 308 309 310 311 312 313 314 315 316 317 318 319 320 321 322 323 324 325 326 327 328 329 330 331 332 333 334 335 336 337 338 339 340 341 342 343 344 345 346 347 348 349 350 351 352 353 354 355 356 357 358 359 360 361 362 363 364 365 366 367 368 369 370 371 372 373 374 375 376 377 378 379 380 381 382 383 384 385 386 387 388 389 390 391 392 393 394 395 396 397 398 399 400 
0
 SHADOW
0
4
2
401 402 
0
0
HINGE-1-1
0
1
0
1
PART-1-1
10
1 11 21 31 41 51 61 71 81 91 
0
HINGE-1-2
0
1
0
1
PART-1-2
10
101 111 121 131 141 151 161 171 181 191 
0
HINGE-2-1
0
1
0
1
PART-1-1
10
10 20 30 40 50 60 70 80 90 100 
0
HINGE-2-3
0
1
0
1
PART-2-1
10
301 311 321 331 341 351 361 371 381 391 
0
HINGE-3-2
0
1
0
1
PART-1-2
10
110 120 130 140 150 160 170 180 190 200 
0
HINGE-3-4
0
1
0
1
PART-1-3
10
210 220 230 240 250 260 270 280 290 300 
0
HINGE-4-3
0
1
0
1
PART-2-1
10
310 320 330 340 350 360 370 380 390 400 
0
HINGE-4-4
0
1
0
1
PART-1-3
10
201 211 221 231 241 251 261 271 281 291 
0
PLATE_1
0
1
0
1
PART-1-1
100
1 2 3 4 5 6 7 8 9 10 11 12 13 14 15 16 17 18 19 20 21 22 23 24 25 26 27 28 29 30 31 32 33 34 35 36 37 38 39 40 41 42 43 44 45 46 47 48 49 50 51 52 53 54 55 56 57 58 59 60 61 62 63 64 65 66 67 68 69 70 71 72 73 74 75 76 77 78 79 80 81 82 83 84 85 86 87 88 89 90 91 92 93 94 95 96 97 98 99 100 
0
SET-11
0
1
0
1
PART-1-1
10
10 20 30 40 50 60 70 80 90 100 
0
SET-15
0
1
0
1
PART-1-2
10
110 120 130 140 150 160 170 180 190 200 
0
SET-18
0
1
0
1
PART-2-1
10
301 311 321 331 341 351 361 371 381 391 
0
SET-19
0
1
0
1
PART-1-3
10
210 220 230 240 250 260 270 280 290 300 
0
SET-24
0
1
0
1
PART-1-2
10
101 111 121 131 141 151 161 171 181 191 
0
SET-25
0
1
0
1
PART-2-1
10
301 311 321 331 341 351 361 371 381 391 
0
SET-26
0
1
0
1
PART-1-3
10
210 220 230 240 250 260 270 280 290 300 
0
SET-4
0
1
0
1
PART-1-1
10
1 11 21 31 41 51 61 71 81 91 
0
SET-41
0
1
0
1
PART-1-3
10
210 220 230 240 250 260 270 280 290 300 
0
S_SET-32
0
1
0
1
PART-1-3
10
201 211 221 231 241 251 261 271 281 291 
0
S_SET-34
0
1
0
1
PART-1-2
10
101 111 121 131 141 151 161 171 181 191 
0
4
PART-1-1
2
 P       1
0
2
100
1 2 3 4 5 6 7 8 9 10 11 12 13 14 15 16 17 18 19 20 21 22 23 24 25 26 27 28 29 30 31 32 33 34 35 36 37 38 39 40 41 42 43 44 45 46 47 48 49 50 51 52 53 54 55 56 57 58 59 60 61 62 63 64 65 66 67 68 69 70 71 72 73 74 75 76 77 78 79 80 81 82 83 84 85 86 87 88 89 90 91 92 93 94 95 96 97 98 99 100 
0
0
SET-2
0
1
100
1 2 3 4 5 6 7 8 9 10 11 12 13 14 15 16 17 18 19 20 21 22 23 24 25 26 27 28 29 30 31 32 33 34 35 36 37 38 39 40 41 42 43 44 45 46 47 48 49 50 51 52 53 54 55 56 57 58 59 60 61 62 63 64 65 66 67 68 69 70 71 72 73 74 75 76 77 78 79 80 81 82 83 84 85 86 87 88 89 90 91 92 93 94 95 96 97 98 99 100 
0
0
0
PART-2-1
2
 P       4
0
2
100
301 302 303 304 305 306 307 308 309 310 311 312 313 314 315 316 317 318 319 320 321 322 323 324 325 326 327 328 329 330 331 332 333 334 335 336 337 338 339 340 341 342 343 344 345 346 347 348 349 350 351 352 353 354 355 356 357 358 359 360 361 362 363 364 365 366 367 368 369 370 371 372 373 374 375 376 377 378 379 380 381 382 383 384 385 386 387 388 389 390 391 392 393 394 395 396 397 398 399 400 
0
0
SET-2
0
1
100
301 302 303 304 305 306 307 308 309 310 311 312 313 314 315 316 317 318 319 320 321 322 323 324 325 326 327 328 329 330 331 332 333 334 335 336 337 338 339 340 341 342 343 344 345 346 347 348 349 350 351 352 353 354 355 356 357 358 359 360 361 362 363 364 365 366 367 368 369 370 371 372 373 374 375 376 377 378 379 380 381 382 383 384 385 386 387 388 389 390 391 392 393 394 395 396 397 398 399 400 
0
0
0
PART-1-2
2
 P       2
0
2
100
101 102 103 104 105 106 107 108 109 110 111 112 113 114 115 116 117 118 119 120 121 122 123 124 125 126 127 128 129 130 131 132 133 134 135 136 137 138 139 140 141 142 143 144 145 146 147 148 149 150 151 152 153 154 155 156 157 158 159 160 161 162 163 164 165 166 167 168 169 170 171 172 173 174 175 176 177 178 179 180 181 182 183 184 185 186 187 188 189 190 191 192 193 194 195 196 197 198 199 200 
0
0
SET-2
0
1
100
101 102 103 104 105 106 107 108 109 110 111 112 113 114 115 116 117 118 119 120 121 122 123 124 125 126 127 128 129 130 131 132 133 134 135 136 137 138 139 140 141 142 143 144 145 146 147 148 149 150 151 152 153 154 155 156 157 158 159 160 161 162 163 164 165 166 167 168 169 170 171 172 173 174 175 176 177 178 179 180 181 182 183 184 185 186 187 188 189 190 191 192 193 194 195 196 197 198 199 200 
0
0
0
PART-1-3
2
 P       3
0
2
100
201 202 203 204 205 206 207 208 209 210 211 212 213 214 215 216 217 218 219 220 221 222 223 224 225 226 227 228 229 230 231 232 233 234 235 236 237 238 239 240 241 242 243 244 245 246 247 248 249 250 251 252 253 254 255 256 257 258 259 260 261 262 263 264 265 266 267 268 269 270 271 272 273 274 275 276 277 278 279 280 281 282 283 284 285 286 287 288 289 290 291 292 293 294 295 296 297 298 299 300 
0
0
SET-2
0
1
100
201 202 203 204 205 206 207 208 209 210 211 212 213 214 215 216 217 218 219 220 221 222 223 224 225 226 227 228 229 230 231 232 233 234 235 236 237 238 239 240 241 242 243 244 245 246 247 248 249 250 251 252 253 254 255 256 257 258 259 260 261 262 263 264 265 266 267 268 269 270 271 272 273 274 275 276 277 278 279 280 281 282 283 284 285 286 287 288 289 290 291 292 293 294 295 296 297 298 299 300 
0
0
0
31

0
2
0
5

2
1 2 
PART-1-1
121
3 4 5 6 7 8 9 10 11 12 13 14 15 16 17 18 19 20 21 22 23 24 25 26 27 28 29 30 31 32 33 34 35 36 37 38 39 40 41 42 43 44 45 46 47 48 49 50 51 52 53 54 55 56 57 58 59 60 61 62 63 64 65 66 67 68 69 70 71 72 73 74 75 76 77 78 79 80 81 82 83 84 85 86 87 88 89 90 91 92 93 94 95 96 97 98 99 100 101 102 103 104 105 106 107 108 109 110 111 112 113 114 115 116 117 118 119 120 121 122 123 
PART-1-2
121
124 125 126 127 128 129 130 131 132 133 134 135 136 137 138 139 140 141 142 143 144 145 146 147 148 149 150 151 152 153 154 155 156 157 158 159 160 161 162 163 164 165 166 167 168 169 170 171 172 173 174 175 176 177 178 179 180 181 182 183 184 185 186 187 188 189 190 191 192 193 194 195 196 197 198 199 200 201 202 203 204 205 206 207 208 209 210 211 212 213 214 215 216 217 218 219 220 221 222 223 224 225 226 227 228 229 230 231 232 233 234 235 236 237 238 239 240 241 242 243 244 
PART-1-3
121
245 246 247 248 249 250 251 252 253 254 255 256 257 258 259 260 261 262 263 264 265 266 267 268 269 270 271 272 273 274 275 276 277 278 279 280 281 282 283 284 285 286 287 288 289 290 291 292 293 294 295 296 297 298 299 300 301 302 303 304 305 306 307 308 309 310 311 312 313 314 315 316 317 318 319 320 321 322 323 324 325 326 327 328 329 330 331 332 333 334 335 336 337 338 339 340 341 342 343 344 345 346 347 348 349 350 351 352 353 354 355 356 357 358 359 360 361 362 363 364 365 
PART-2-1
121
366 367 368 369 370 371 372 373 374 375 376 377 378 379 380 381 382 383 384 385 386 387 388 389 390 391 392 393 394 395 396 397 398 399 400 401 402 403 404 405 406 407 408 409 410 411 412 413 414 415 416 417 418 419 420 421 422 423 424 425 426 427 428 429 430 431 432 433 434 435 436 437 438 439 440 441 442 443 444 445 446 447 448 449 450 451 452 453 454 455 456 457 458 459 460 461 462 463 464 465 466 467 468 469 470 471 472 473 474 475 476 477 478 479 480 481 482 483 484 485 486 
0
HINGE-1-1
0
1
0
1
PART-1-1
11
3 14 25 36 47 58 69 80 91 102 113 
0
HINGE-1-2
0
1
0
1
PART-1-2
11
124 135 146 157 168 179 190 201 212 223 234 
0
HINGE-2-1
0
1
0
1
PART-1-1
11
13 24 35 46 57 68 79 90 101 112 123 
0
HINGE-2-3
0
1
0
1
PART-2-1
11
366 377 388 399 410 421 432 443 454 465 476 
0
HINGE-3-2
0
1
0
1
PART-1-2
11
134 145 156 167 178 189 200 211 222 233 244 
0
HINGE-3-4
0
1
0
1
PART-1-3
11
255 266 277 288 299 310 321 332 343 354 365 
0
HINGE-4-3
0
1
0
1
PART-2-1
11
376 387 398 409 420 431 442 453 464 475 486 
0
HINGE-4-4
0
1
0
1
PART-1-3
11
245 256 267 278 289 300 311 322 333 344 355 
0
M_SET-32
0
1
1
1 
0
0
M_SET-34
0
1
1
2 
0
0
NODE_1_SPRING
0
1
0
1
PART-2-1
1
431 
0
NODE_2_SPRING
0
1
0
1
PART-1-2
1
179 
0
PLATE_1
0
1
0
1
PART-1-1
121
3 4 5 6 7 8 9 10 11 12 13 14 15 16 17 18 19 20 21 22 23 24 25 26 27 28 29 30 31 32 33 34 35 36 37 38 39 40 41 42 43 44 45 46 47 48 49 50 51 52 53 54 55 56 57 58 59 60 61 62 63 64 65 66 67 68 69 70 71 72 73 74 75 76 77 78 79 80 81 82 83 84 85 86 87 88 89 90 91 92 93 94 95 96 97 98 99 100 101 102 103 104 105 106 107 108 109 110 111 112 113 114 115 116 117 118 119 120 121 122 123 
0
RF_1_SPRING
0
1
1
1 
0
0
RF_2_SPRING
0
1
1
2 
0
0
SET-11
0
1
0
1
PART-1-1
11
13 24 35 46 57 68 79 90 101 112 123 
0
SET-15
0
1
0
1
PART-1-2
11
134 145 156 167 178 189 200 211 222 233 244 
0
SET-18
0
1
0
1
PART-2-1
11
366 377 388 399 410 421 432 443 454 465 476 
0
SET-19
0
1
0
1
PART-1-3
11
255 266 277 288 299 310 321 332 343 354 365 
0
SET-24
0
1
0
1
PART-1-2
11
124 135 146 157 168 179 190 201 212 223 234 
0
SET-25
0
1
0
1
PART-2-1
11
366 377 388 399 410 421 432 443 454 465 476 
0
SET-26
0
1
0
1
PART-1-3
11
255 266 277 288 299 310 321 332 343 354 365 
0
SET-30
0
1
2
1 2 
0
0
SET-31
0
1
2
1 2 
0
0
SET-4
0
1
0
1
PART-1-1
11
3 14 25 36 47 58 69 80 91 102 113 
0
SET-40
0
1
2
1 2 
0
0
SET-41
0
1
0
1
PART-1-3
11
255 266 277 288 299 310 321 332 343 354 365 
0
S_SET-32
0
1
0
1
PART-1-3
11
245 256 267 278 289 300 311 322 333 344 355 
0
S_SET-34
0
1
0
1
PART-1-2
11
124 135 146 157 168 179 190 201 212 223 234 
0
WIRE-1-SET-2
0
1
2
1 2 
0
0
5
PART-1-1
2
 P       1
0
2
121
3 4 5 6 7 8 9 10 11 12 13 14 15 16 17 18 19 20 21 22 23 24 25 26 27 28 29 30 31 32 33 34 35 36 37 38 39 40 41 42 43 44 45 46 47 48 49 50 51 52 53 54 55 56 57 58 59 60 61 62 63 64 65 66 67 68 69 70 71 72 73 74 75 76 77 78 79 80 81 82 83 84 85 86 87 88 89 90 91 92 93 94 95 96 97 98 99 100 101 102 103 104 105 106 107 108 109 110 111 112 113 114 115 116 117 118 119 120 121 122 123 
0
0
SET-2
0
1
121
3 4 5 6 7 8 9 10 11 12 13 14 15 16 17 18 19 20 21 22 23 24 25 26 27 28 29 30 31 32 33 34 35 36 37 38 39 40 41 42 43 44 45 46 47 48 49 50 51 52 53 54 55 56 57 58 59 60 61 62 63 64 65 66 67 68 69 70 71 72 73 74 75 76 77 78 79 80 81 82 83 84 85 86 87 88 89 90 91 92 93 94 95 96 97 98 99 100 101 102 103 104 105 106 107 108 109 110 111 112 113 114 115 116 117 118 119 120 121 122 123 
0
0
0
PART-2-1
2
 P       4
0
2
121
366 367 368 369 370 371 372 373 374 375 376 377 378 379 380 381 382 383 384 385 386 387 388 389 390 391 392 393 394 395 396 397 398 399 400 401 402 403 404 405 406 407 408 409 410 411 412 413 414 415 416 417 418 419 420 421 422 423 424 425 426 427 428 429 430 431 432 433 434 435 436 437 438 439 440 441 442 443 444 445 446 447 448 449 450 451 452 453 454 455 456 457 458 459 460 461 462 463 464 465 466 467 468 469 470 471 472 473 474 475 476 477 478 479 480 481 482 483 484 485 486 
0
0
SET-2
0
1
121
366 367 368 369 370 371 372 373 374 375 376 377 378 379 380 381 382 383 384 385 386 387 388 389 390 391 392 393 394 395 396 397 398 399 400 401 402 403 404 405 406 407 408 409 410 411 412 413 414 415 416 417 418 419 420 421 422 423 424 425 426 427 428 429 430 431 432 433 434 435 436 437 438 439 440 441 442 443 444 445 446 447 448 449 450 451 452 453 454 455 456 457 458 459 460 461 462 463 464 465 466 467 468 469 470 471 472 473 474 475 476 477 478 479 480 481 482 483 484 485 486 
0
0
0
PART-1-2
2
 P       2
0
2
121
124 125 126 127 128 129 130 131 132 133 134 135 136 137 138 139 140 141 142 143 144 145 146 147 148 149 150 151 152 153 154 155 156 157 158 159 160 161 162 163 164 165 166 167 168 169 170 171 172 173 174 175 176 177 178 179 180 181 182 183 184 185 186 187 188 189 190 191 192 193 194 195 196 197 198 199 200 201 202 203 204 205 206 207 208 209 210 211 212 213 214 215 216 217 218 219 220 221 222 223 224 225 226 227 228 229 230 231 232 233 234 235 236 237 238 239 240 241 242 243 244 
0
0
SET-2
0
1
121
124 125 126 127 128 129 130 131 132 133 134 135 136 137 138 139 140 141 142 143 144 145 146 147 148 149 150 151 152 153 154 155 156 157 158 159 160 161 162 163 164 165 166 167 168 169 170 171 172 173 174 175 176 177 178 179 180 181 182 183 184 185 186 187 188 189 190 191 192 193 194 195 196 197 198 199 200 201 202 203 204 205 206 207 208 209 210 211 212 213 214 215 216 217 218 219 220 221 222 223 224 225 226 227 228 229 230 231 232 233 234 235 236 237 238 239 240 241 242 243 244 
0
0
0

1
 P       0
0
2
2
1 2 
0
0
0
PART-1-3
2
 P       3
0
2
121
245 246 247 248 249 250 251 252 253 254 255 256 257 258 259 260 261 262 263 264 265 266 267 268 269 270 271 272 273 274 275 276 277 278 279 280 281 282 283 284 285 286 287 288 289 290 291 292 293 294 295 296 297 298 299 300 301 302 303 304 305 306 307 308 309 310 311 312 313 314 315 316 317 318 319 320 321 322 323 324 325 326 327 328 329 330 331 332 333 334 335 336 337 338 339 340 341 342 343 344 345 346 347 348 349 350 351 352 353 354 355 356 357 358 359 360 361 362 363 364 365 
0
0
SET-2
0
1
121
245 246 247 248 249 250 251 252 253 254 255 256 257 258 259 260 261 262 263 264 265 266 267 268 269 270 271 272 273 274 275 276 277 278 279 280 281 282 283 284 285 286 287 288 289 290 291 292 293 294 295 296 297 298 299 300 301 302 303 304 305 306 307 308 309 310 311 312 313 314 315 316 317 318 319 320 321 322 323 324 325 326 327 328 329 330 331 332 333 334 335 336 337 338 339 340 341 342 343 344 345 346 347 348 349 350 351 352 353 354 355 356 357 358 359 360 361 362 363 364 365 
0
0
0
0
8
HINGE-1-1_CNS_
1
0
0
1
PART-1-1
1
0
11
3
1
14
1
25
1
36
1
47
1
58
1
69
1
80
1
91
1
102
1
113
1
HINGE-1-2_CNS_
1
0
0
1
PART-1-2
1
0
11
124
1
135
1
146
1
157
1
168
1
179
1
190
1
201
1
212
1
223
1
234
1
HINGE-2-1_CNS_
1
0
0
1
PART-1-1
1
0
11
13
1
24
1
35
1
46
1
57
1
68
1
79
1
90
1
101
1
112
1
123
1
HINGE-2-3_CNS_
1
0
0
1
PART-2-1
1
0
11
366
1
377
1
388
1
399
1
410
1
421
1
432
1
443
1
454
1
465
1
476
1
HINGE-3-2_CNS_
1
0
0
1
PART-1-2
1
0
11
134
1
145
1
156
1
167
1
178
1
189
1
200
1
211
1
222
1
233
1
244
1
HINGE-3-4_CNS_
1
0
0
1
PART-1-3
1
0
11
255
1
266
1
277
1
288
1
299
1
310
1
321
1
332
1
343
1
354
1
365
1
HINGE-4-3_CNS_
1
0
0
1
PART-2-1
1
0
11
376
1
387
1
398
1
409
1
420
1
431
1
442
1
453
1
464
1
475
1
486
1
HINGE-4-4_CNS_
1
0
0
1
PART-1-3
1
0
11
245
1
256
1
267
1
278
1
289
1
300
1
311
1
322
1
333
1
344
1
355
1
