Analysis initiated from SIMULIA established products
Abaqus JOB Box_Implicit-5
Abaqus 2022
Abaqus License Manager checked out the following licenses:
Abaqus/Standard checked out 6 tokens from Flexnet server licsrv.unileoben.ac.at.
<278 out of 425 licenses remain available>.
Begin Analysis Input File Processor
19.12.2023 14:52:52
Run pre.exe
19.12.2023 14:52:54
End Analysis Input File Processor
Begin Abaqus/Standard Analysis
19.12.2023 14:52:54
Run standard.exe
19.12.2023 14:53:33
End Abaqus/Standard Analysis
Begin SIM Wrap-up
19.12.2023 14:53:35
Run SMASimUtility.exe
19.12.2023 14:53:35
End SIM Wrap-up
Abaqus JOB Box_Implicit-5 COMPLETED
