Analysis initiated from SIMULIA established products
Abaqus JOB Box_Implicit_Contact_2_NonLine
Abaqus 2022
Abaqus License Manager checked out the following licenses:
Abaqus/Standard checked out 6 tokens from Flexnet server licsrv.unileoben.ac.at.
<236 out of 425 licenses remain available>.
Begin Analysis Input File Processor
19.12.2023 15:09:55
Run pre.exe
19.12.2023 15:09:57
End Analysis Input File Processor
Begin Abaqus/Standard Analysis
19.12.2023 15:09:57
Run standard.exe
19.12.2023 15:13:45
Abaqus Error: Abaqus/Standard Analysis exited with an error - Please see the 
message file for possible error messages if the file exists.
Begin SIM Wrap-up
19.12.2023 15:13:46
Run SMASimUtility.exe
19.12.2023 15:13:46
End SIM Wrap-up
Abaqus/Analysis exited with errors
