Analysis initiated from SIMULIA established products
Abaqus JOB Box_Implicit_Contact_1
Abaqus 2022
Abaqus License Manager checked out the following licenses:
Abaqus/Standard checked out 6 tokens from Flexnet server licsrv.unileoben.ac.at.
<253 out of 425 licenses remain available>.
Begin Analysis Input File Processor
19.12.2023 15:13:47
Run pre.exe
19.12.2023 15:13:49
End Analysis Input File Processor
Begin Abaqus/Standard Analysis
19.12.2023 15:13:49
Run standard.exe
19.12.2023 15:14:10
End Abaqus/Standard Analysis
Begin SIM Wrap-up
19.12.2023 15:14:11
Run SMASimUtility.exe
19.12.2023 15:14:11
End SIM Wrap-up
Abaqus JOB Box_Implicit_Contact_1 COMPLETED
