Analysis initiated from SIMULIA established products
Abaqus JOB Try
Abaqus 2022
Abaqus License Manager checked out the following licenses:
Abaqus/Standard checked out 8 tokens from Flexnet server licsrv.unileoben.ac.at.
<261 out of 425 licenses remain available>.
Begin Analysis Input File Processor
19.12.2023 14:33:31
Run pre.exe
19.12.2023 14:33:33
End Analysis Input File Processor
Begin Abaqus/Standard Analysis
19.12.2023 14:33:33
Run standard.exe
19.12.2023 14:36:44
Abaqus Error: Abaqus/Standard Analysis exited with an error - Please see the 
message file for possible error messages if the file exists.
Begin SIM Wrap-up
19.12.2023 14:36:44
Run SMASimUtility.exe
19.12.2023 14:36:44
End SIM Wrap-up
Abaqus/Analysis exited with errors
Socket error: [Errno 10061] No connection could be made because the target machine actively refused it
