Abaqus/Explicit 2022                             DATE 21-Dez-2023  TIME 15:52:59
-------------------------------------------------------------------------------
 PREPROCESSOR WARNING MESSAGES
-------------------------------------------------------------------------------


***WARNING: There are 861 warning messages in the data (.dat) file.  Please
            check the data file for possible errors in the input file.



***WARNING: In step 1, portions of main surfaces in the general contact domain
            have been tied together.  Joining disconnected surfaces with *TIE
            does not alter the surface connectivity and results in a seam in
            the contact surface.  The nodes along the tied surface perimeters
            have been added to the node set named  "WarnNodePerimTieSeam".

-------------------------------------------------------------------------------
           DOMAIN DECOMPOSITION INFORMATION
-------------------------------------------------------------------------------


     DOMAIN 1 HAS 222 ELEMENTS AND 285 NODES with WEIGHT 49.913

     DOMAIN 2 HAS 279 ELEMENTS AND 367 NODES with WEIGHT 50.087


-------------------------------------------------------------------------------
 MODEL INFORMATION (IN GLOBAL X-Y COORDINATES)
-------------------------------------------------------------------------------

   Total mass in model = 8.11200E-06
   Center of mass of model = ( 6.500000E+01, 3.250000E+01, 4.596194E+01)

    Moments of Inertia :
                 About Center of Mass              About Origin
      I(XX)          8.703963E-03                  3.440886E-02
      I(YY)          1.153150E-02                  6.294130E-02
      I(ZZ)          8.703960E-03                  5.154546E-02
      I(XY)          1.822785E-09                 -1.713660E-02
      I(YZ)          3.698638E-10                 -1.211741E-02
      I(ZX)          1.343518E-09                 -2.423481E-02

-------------------------------------------------------------------------------
 STABLE TIME INCREMENT INFORMATION
-------------------------------------------------------------------------------


  The stable time increment estimate for each element is based on
  linearization about the initial state.


   Initial time increment = 3.10702E-06

   Statistics for all elements:
      Mean = 3.10701E-06
      Standard deviation = 7.63575E-09

   Most critical elements:
    Element number   Rank    Time increment   Increment ratio
    (Instance name)
   ----------------------------------------------------------
          51          1       3.107019E-06      1.000000E+00
    PART-1-3
          85          2       3.107019E-06      1.000000E+00
    PART-1-3
          31          3       3.107019E-06      1.000000E+00
    PART-1-3
          90          4       3.107019E-06      1.000000E+00
    PART-1-3
         100          5       3.107019E-06      1.000000E+00
    PART-1-3
          51          6       3.107020E-06      9.999999E-01
    PART-1-2
           5          7       3.107020E-06      9.999999E-01
    PART-1-2
          66          8       3.107020E-06      9.999999E-01
    PART-1-1
          20          9       3.107020E-06      9.999999E-01
    PART-1-1
           5         10       3.107020E-06      9.999999E-01
    PART-1-3


  Instance name for the most critical element will be printed if the critical
  element changes or at the beginning of a new page.



***WARNING: Boundary conditions have been prescribed at nodes belonging to
            rigid bodies but are not rigid body reference nodes. Boundary
            conditions on rigid body nodes other than the rigid body reference
            node do not constrain the motion of the rigid body. A node set
            named "WarnNodeBcAtRbSecondaryNode" containing the problematic
            secondary nodes is created to help the user locate the error and
            modify the input definition.


***WARNING: Boundary conditions have been prescribed at nodes belonging to
            rigid bodies but are not rigid body reference nodes. Boundary
            conditions on rigid body nodes other than the rigid body reference
            node do not constrain the motion of the rigid body. A node set
            named "WarnNodeBcAtRbSecondaryNode" containing the problematic
            secondary nodes is created to help the user locate the error and
            modify the input definition.


***WARNING: Boundary conditions have been prescribed at nodes belonging to
            rigid bodies but are not rigid body reference nodes. Boundary
            conditions on rigid body nodes other than the rigid body reference
            node do not constrain the motion of the rigid body. A node set
            named "WarnNodeBcAtRbSecondaryNode" containing the problematic
            secondary nodes is created to help the user locate the error and
            modify the input definition.


***WARNING: Boundary conditions have been prescribed at nodes belonging to
            rigid bodies but are not rigid body reference nodes. Boundary
            conditions on rigid body nodes other than the rigid body reference
            node do not constrain the motion of the rigid body. A node set
            named "WarnNodeBcAtRbSecondaryNode" containing the problematic
            secondary nodes is created to help the user locate the error and
            modify the input definition.

-------------------------------------------------------------------------------

  INFORMATION REGARDING INITIAL CONTACT OVERCLOSURES FOR NEWLY DEFINED GENERAL
  CONTACT INTERACTIONS IN STEP 1

-------------------------------------------------------------------------------

  No initial node-face or edge-edge overclosures found.


  No nodal position adjustments have been made.


  No unresolved initial node-face or edge-edge overclosures found.


Abaqus/Explicit 2022                             DATE 21-Dez-2023  TIME 15:53:03

The single precision Abaqus/Explicit executable will be used in this analysis.

The model has been decomposed into 2 domains.
Domain level parallelization will be used with 2 processors.

-------------------------------------------------------------------------------
 SOLUTION PROGRESS
-------------------------------------------------------------------------------

 STEP 1  ORIGIN 0.0000

  Total memory used for step 1 is approximately 6.7 megabytes.
  Global time estimation algorithm will be used.
  Scaling factor:  1.0000
              STEP     TOTAL      WALL      STABLE    CRITICAL    KINETIC      TOTAL
INCREMENT     TIME      TIME      TIME   INCREMENT     ELEMENT     ENERGY     ENERGY
        0  0.000E+00 0.000E+00  00:00:01 3.107E-06          95  6.490E-04  6.490E-04
INSTANCE WITH CRITICAL ELEMENT: PART-2-1
Output Field Frame Number   0, of   20, at step time 0.000E+00
    15485  5.000E-02 5.000E-02  00:00:06 3.149E-06          75  4.327E-02  6.214E-04
INSTANCE WITH CRITICAL ELEMENT: PART-1-3
Output Field Frame Number   1, of   20, at step time 5.000E-02
    31355  1.000E-01 1.000E-01  00:00:12 3.149E-06          75  3.972E-02  7.036E-04
INSTANCE WITH CRITICAL ELEMENT: PART-1-3
Output Field Frame Number   2, of   20, at step time 1.000E-01
    47112  1.500E-01 1.500E-01  00:00:18 3.283E-06          21  2.672E+01  1.403E-04
INSTANCE WITH CRITICAL ELEMENT: PART-1-3
Output Field Frame Number   3, of   20, at step time 1.500E-01
    62364  2.000E-01 2.000E-01  00:00:24 3.283E-06          55  2.348E+01 -2.238E-03
INSTANCE WITH CRITICAL ELEMENT: PART-2-1
Output Field Frame Number   4, of   20, at step time 2.000E-01
    77616  2.500E-01 2.500E-01  00:00:29 3.283E-06          21  2.272E+01  4.081E-03
INSTANCE WITH CRITICAL ELEMENT: PART-1-3
Output Field Frame Number   5, of   20, at step time 2.500E-01
    92868  3.000E-01 3.000E-01  00:00:35 3.283E-06          81  2.245E+01  6.441E-02
INSTANCE WITH CRITICAL ELEMENT: PART-1-3
Output Field Frame Number   6, of   20, at step time 3.000E-01
   108120  3.500E-01 3.500E-01  00:00:40 3.283E-06           1  2.156E+01  1.236E-01
INSTANCE WITH CRITICAL ELEMENT: PART-1-3
Output Field Frame Number   7, of   20, at step time 3.500E-01
   123372  4.000E-01 4.000E-01  00:00:46 3.283E-06          30  2.479E+01  1.678E-01
INSTANCE WITH CRITICAL ELEMENT: PART-1-1
Output Field Frame Number   8, of   20, at step time 4.000E-01
   138624  4.500E-01 4.500E-01  00:00:51 3.283E-06          46  2.573E+01  1.875E-01
INSTANCE WITH CRITICAL ELEMENT: PART-1-3
Output Field Frame Number   9, of   20, at step time 4.500E-01
   153876  5.000E-01 5.000E-01  00:00:57 3.283E-06          46  2.549E+01  2.397E-01
INSTANCE WITH CRITICAL ELEMENT: PART-1-3
Output Field Frame Number  10, of   20, at step time 5.000E-01
   169128  5.500E-01 5.500E-01  00:01:03 3.283E-06          46  2.215E+01  2.793E-01
INSTANCE WITH CRITICAL ELEMENT: PART-1-3
Output Field Frame Number  11, of   20, at step time 5.500E-01

***ERROR: Process terminated by external request (SIGTERM or SIGINT received).

