Analysis initiated from SIMULIA established products
Abaqus JOB Explicit_Compressed_20deg
Abaqus 2022
Abaqus License Manager checked out the following licenses:
Abaqus/Explicit checked out 6 tokens from Flexnet server licsrv.unileoben.ac.at.
<341 out of 425 licenses remain available>.
Begin Analysis Input File Processor
21.12.2023 16:08:08
Run pre.exe
21.12.2023 16:08:09
End Analysis Input File Processor
Begin Abaqus/Explicit Packager
21.12.2023 16:08:09
Run package.exe
21.12.2023 16:08:10
End Abaqus/Explicit Packager
Begin Abaqus/Explicit Analysis
21.12.2023 16:08:10
Run explicit.exe
21.12.2023 16:10:04
End Abaqus/Explicit Analysis
Abaqus JOB Explicit_Compressed_20deg COMPLETED
