Abaqus/Explicit 2022                             DATE 20-Dez-2023  TIME 16:59:15
-------------------------------------------------------------------------------
 PREPROCESSOR WARNING MESSAGES
-------------------------------------------------------------------------------


***WARNING: There are 846 warning messages in the data (.dat) file.  Please
            check the data file for possible errors in the input file.



***WARNING: In step 1, portions of main surfaces in the general contact domain
            have been tied together.  Joining disconnected surfaces with *TIE
            does not alter the surface connectivity and results in a seam in
            the contact surface.  The nodes along the tied surface perimeters
            have been added to the node set named  "WarnNodePerimTieSeam".

-------------------------------------------------------------------------------
           DOMAIN DECOMPOSITION INFORMATION
-------------------------------------------------------------------------------


     DOMAIN 1 HAS 134 ELEMENTS AND 184 NODES with WEIGHT 24.816

     DOMAIN 2 HAS 87 ELEMENTS AND 116 NODES with WEIGHT 25.098

     DOMAIN 3 HAS 192 ELEMENTS AND 257 NODES with WEIGHT 24.987

     DOMAIN 4 HAS 87 ELEMENTS AND 119 NODES with WEIGHT 25.098


-------------------------------------------------------------------------------
 MODEL INFORMATION (IN GLOBAL X-Y COORDINATES)
-------------------------------------------------------------------------------

   Total mass in model = 8.11200E-06
   Center of mass of model = ( 6.500000E+01, 3.250000E+01, 4.596194E+01)

    Moments of Inertia :
                 About Center of Mass              About Origin
      I(XX)          8.703964E-03                  3.440886E-02
      I(YY)          1.153150E-02                  6.294130E-02
      I(ZZ)          8.703966E-03                  5.154546E-02
      I(XY)          6.600658E-10                 -1.713660E-02
      I(YZ)          4.871537E-11                 -1.211741E-02
      I(ZX)          7.421772E-10                 -2.423481E-02

-------------------------------------------------------------------------------
 STABLE TIME INCREMENT INFORMATION
-------------------------------------------------------------------------------


  The stable time increment estimate for each element is based on
  linearization about the initial state.


   Initial time increment = 3.10702E-06

   Statistics for all elements:
      Mean = 3.10702E-06
      Standard deviation = 2.89793E-09

   Most critical elements:
    Element number   Rank    Time increment   Increment ratio
    (Instance name)
   ----------------------------------------------------------
          51          1       3.107019E-06      1.000000E+00
    PART-1-3
          85          2       3.107019E-06      1.000000E+00
    PART-1-3
          90          3       3.107019E-06      1.000000E+00
    PART-1-3
          31          4       3.107019E-06      1.000000E+00
    PART-1-3
         100          5       3.107019E-06      1.000000E+00
    PART-1-3
          20          6       3.107020E-06      9.999999E-01
    PART-1-1
          66          7       3.107020E-06      9.999999E-01
    PART-1-1
          51          8       3.107020E-06      9.999999E-01
    PART-1-2
           5          9       3.107020E-06      9.999999E-01
    PART-1-2
          95         10       3.107020E-06      9.999999E-01
    PART-2-1


  Instance name for the most critical element will be printed if the critical
  element changes or at the beginning of a new page.



***WARNING: Boundary conditions have been prescribed at nodes belonging to
            rigid bodies but are not rigid body reference nodes. Boundary
            conditions on rigid body nodes other than the rigid body reference
            node do not constrain the motion of the rigid body. A node set
            named "WarnNodeBcAtRbSecondaryNode" containing the problematic
            secondary nodes is created to help the user locate the error and
            modify the input definition.


***WARNING: Boundary conditions have been prescribed at nodes belonging to
            rigid bodies but are not rigid body reference nodes. Boundary
            conditions on rigid body nodes other than the rigid body reference
            node do not constrain the motion of the rigid body. A node set
            named "WarnNodeBcAtRbSecondaryNode" containing the problematic
            secondary nodes is created to help the user locate the error and
            modify the input definition.


***WARNING: Boundary conditions have been prescribed at nodes belonging to
            rigid bodies but are not rigid body reference nodes. Boundary
            conditions on rigid body nodes other than the rigid body reference
            node do not constrain the motion of the rigid body. A node set
            named "WarnNodeBcAtRbSecondaryNode" containing the problematic
            secondary nodes is created to help the user locate the error and
            modify the input definition.


***WARNING: Boundary conditions have been prescribed at nodes belonging to
            rigid bodies but are not rigid body reference nodes. Boundary
            conditions on rigid body nodes other than the rigid body reference
            node do not constrain the motion of the rigid body. A node set
            named "WarnNodeBcAtRbSecondaryNode" containing the problematic
            secondary nodes is created to help the user locate the error and
            modify the input definition.

-------------------------------------------------------------------------------

  INFORMATION REGARDING INITIAL CONTACT OVERCLOSURES FOR NEWLY DEFINED GENERAL
  CONTACT INTERACTIONS IN STEP 1

-------------------------------------------------------------------------------

  No initial node-face or edge-edge overclosures found.


  No nodal position adjustments have been made.


  No unresolved initial node-face or edge-edge overclosures found.


Abaqus/Explicit 2022                             DATE 20-Dez-2023  TIME 16:59:17

The single precision Abaqus/Explicit executable will be used in this analysis.

The model has been decomposed into 4 domains.
Domain level parallelization will be used with 4 processors.

-------------------------------------------------------------------------------
 SOLUTION PROGRESS
-------------------------------------------------------------------------------

 STEP 1  ORIGIN 0.0000

  Total memory used for step 1 is approximately 8.1 megabytes.
  Global time estimation algorithm will be used.
  Scaling factor:  1.0000
              STEP     TOTAL      WALL      STABLE    CRITICAL    KINETIC      TOTAL
INCREMENT     TIME      TIME      TIME   INCREMENT     ELEMENT     ENERGY     ENERGY
        0  0.000E+00 0.000E+00  00:00:00 3.107E-06          95  6.490E-04  6.490E-04
INSTANCE WITH CRITICAL ELEMENT: PART-2-1
Output Field Frame Number   0, of   20, at step time 0.000E+00
    15062  5.000E-02 5.000E-02  00:00:04 3.300E-06          85  3.095E-02  6.346E-04
INSTANCE WITH CRITICAL ELEMENT: PART-1-3
Output Field Frame Number   1, of   20, at step time 5.000E-02
    30299  1.000E-01 1.000E-01  00:00:09 3.290E-06         100  1.408E-02  6.321E-04
INSTANCE WITH CRITICAL ELEMENT: PART-1-3
Output Field Frame Number   2, of   20, at step time 1.000E-01
    45542  1.500E-01 1.500E-01  00:00:13 3.290E-06         100  1.683E-02  6.298E-04
INSTANCE WITH CRITICAL ELEMENT: PART-1-3
Output Field Frame Number   3, of   20, at step time 1.500E-01
    60805  2.000E-01 2.000E-01  00:00:17 3.290E-06          46  1.339E-02  6.265E-04
INSTANCE WITH CRITICAL ELEMENT: PART-1-3
Output Field Frame Number   4, of   20, at step time 2.000E-01
    76130  2.500E-01 2.500E-01  00:00:22 3.153E-06          95  1.293E-02  6.204E-04
INSTANCE WITH CRITICAL ELEMENT: PART-1-1
Output Field Frame Number   5, of   20, at step time 2.500E-01
    91607  3.000E-01 3.000E-01  00:00:28 3.287E-06          47  1.024E-02  6.109E-04
INSTANCE WITH CRITICAL ELEMENT: PART-1-3
Output Field Frame Number   6, of   20, at step time 3.000E-01
   107338  3.500E-01 3.500E-01  00:00:33 3.153E-06          47  9.911E-03  5.939E-04
INSTANCE WITH CRITICAL ELEMENT: PART-1-3
Output Field Frame Number   7, of   20, at step time 3.500E-01
   123165  4.000E-01 4.000E-01  00:00:37 3.153E-06          47  9.363E-03  5.744E-04
INSTANCE WITH CRITICAL ELEMENT: PART-1-3
Output Field Frame Number   8, of   20, at step time 4.000E-01
   138993  4.500E-01 4.500E-01  00:00:42 3.153E-06          17  9.452E-03  5.565E-04
INSTANCE WITH CRITICAL ELEMENT: PART-1-3
Output Field Frame Number   9, of   20, at step time 4.500E-01
   154820  5.000E-01 5.000E-01  00:00:46 3.153E-06          47  9.527E-03  5.398E-04
INSTANCE WITH CRITICAL ELEMENT: PART-1-3
Output Field Frame Number  10, of   20, at step time 5.000E-01
   170648  5.500E-01 5.500E-01  00:00:50 3.153E-06          47  8.968E-03  5.245E-04
INSTANCE WITH CRITICAL ELEMENT: PART-1-3
Output Field Frame Number  11, of   20, at step time 5.500E-01
   186475  6.000E-01 6.000E-01  00:00:55 3.153E-06          47  8.624E-03  5.111E-04
INSTANCE WITH CRITICAL ELEMENT: PART-1-3
Output Field Frame Number  12, of   20, at step time 6.000E-01
   202303  6.500E-01 6.500E-01  00:00:59 3.153E-06          47  9.063E-03  4.975E-04
INSTANCE WITH CRITICAL ELEMENT: PART-1-3
Output Field Frame Number  13, of   20, at step time 6.500E-01
   218130  7.000E-01 7.000E-01  00:01:04 3.153E-06          47  9.451E-03  4.861E-04
INSTANCE WITH CRITICAL ELEMENT: PART-1-3
Output Field Frame Number  14, of   20, at step time 7.000E-01
   233958  7.500E-01 7.500E-01  00:01:08 3.153E-06          47  8.978E-03  4.744E-04
INSTANCE WITH CRITICAL ELEMENT: PART-1-3
Output Field Frame Number  15, of   20, at step time 7.500E-01
   249786  8.000E-01 8.000E-01  00:01:13 3.153E-06          47  8.444E-03  4.641E-04
INSTANCE WITH CRITICAL ELEMENT: PART-1-3
Output Field Frame Number  16, of   20, at step time 8.000E-01
   265613  8.500E-01 8.500E-01  00:01:17 3.153E-06          47  8.606E-03  4.554E-04
INSTANCE WITH CRITICAL ELEMENT: PART-1-3
Output Field Frame Number  17, of   20, at step time 8.500E-01
   281441  9.000E-01 9.000E-01  00:01:21 3.153E-06          47  9.270E-03  4.472E-04
INSTANCE WITH CRITICAL ELEMENT: PART-1-3
Output Field Frame Number  18, of   20, at step time 9.000E-01
   297268  9.500E-01 9.500E-01  00:01:26 3.153E-06          47  8.917E-03  4.403E-04
INSTANCE WITH CRITICAL ELEMENT: PART-1-3
Output Field Frame Number  19, of   20, at step time 9.500E-01

***WARNING: THE ANALYSIS REACHED A LARGE NUMBER OF INCREMENTS (300000), AND IT
            MAY BE AFFECTED BY ROUND-OFF ERRORS. RUNNING THE DOUBLE PRECISION
            EXECUTABLE IS RECOMMENDED.

   313096  1.000E+00 1.000E+00  00:01:30 3.153E-06          47  8.538E-03  4.343E-04
INSTANCE WITH CRITICAL ELEMENT: PART-1-3
Restart Number  1 at 1.0000
Output Field Frame Number  20, of   20, at step time 1.000E+00

Abaqus/Explicit 2022                             DATE 20-Dez-2023  TIME 17:00:47

 STEP 2  ORIGIN 1.0000

  Total memory used for step 2 is approximately 10.0 megabytes.
  Global time estimation algorithm will be used.
  Scaling factor:  1.0000
              STEP     TOTAL      WALL      STABLE    CRITICAL    KINETIC      TOTAL
INCREMENT     TIME      TIME      TIME   INCREMENT     ELEMENT     ENERGY     ENERGY
        0  0.000E+00 1.000E+00  00:01:31 2.962E-06          47  8.538E-03  4.343E-04
INSTANCE WITH CRITICAL ELEMENT: PART-1-3
Output Field Frame Number   0, of   20, at step time 0.000E+00
    15856  5.000E-02 1.050E+00  00:01:36 2.962E-06          97  2.461E-01  4.769E-04
INSTANCE WITH CRITICAL ELEMENT: PART-1-1
Output Field Frame Number   1, of   20, at step time 5.000E-02
    32063  1.000E-01 1.100E+00  00:01:40 3.107E-06          47  1.510E-01  4.391E-04
INSTANCE WITH CRITICAL ELEMENT: PART-1-3
Output Field Frame Number   2, of   20, at step time 1.000E-01
    48601  1.500E-01 1.150E+00  00:01:45 3.107E-06          48  3.433E-02  4.465E-04
INSTANCE WITH CRITICAL ELEMENT: PART-1-3
Output Field Frame Number   3, of   20, at step time 1.500E-01
    65018  2.000E-01 1.200E+00  00:01:50 2.962E-06          98  9.715E-02  7.709E-04
INSTANCE WITH CRITICAL ELEMENT: PART-1-1
Output Field Frame Number   4, of   20, at step time 2.000E-01
    81361  2.500E-01 1.250E+00  00:01:55 2.962E-06          98  1.281E-01  5.528E-04
INSTANCE WITH CRITICAL ELEMENT: PART-1-3
Output Field Frame Number   5, of   20, at step time 2.500E-01
    98015  3.000E-01 1.300E+00  00:02:00 3.107E-06          46  2.563E-02  4.771E-04
INSTANCE WITH CRITICAL ELEMENT: PART-1-3
Output Field Frame Number   6, of   20, at step time 3.000E-01
   114783  3.500E-01 1.350E+00  00:02:06 3.107E-06          47  3.607E-02  4.530E-04
INSTANCE WITH CRITICAL ELEMENT: PART-1-3
Output Field Frame Number   7, of   20, at step time 3.500E-01
   131447  4.000E-01 1.400E+00  00:02:11 2.962E-06          98  5.312E-02  3.728E-04
INSTANCE WITH CRITICAL ELEMENT: PART-1-1
Output Field Frame Number   8, of   20, at step time 4.000E-01
   148270  4.500E-01 1.450E+00  00:02:16 2.962E-06          98  5.045E-02  3.056E-04
INSTANCE WITH CRITICAL ELEMENT: PART-1-1
Output Field Frame Number   9, of   20, at step time 4.500E-01
   164996  5.000E-01 1.500E+00  00:02:21 2.962E-06          97  4.711E-02  2.667E-04
INSTANCE WITH CRITICAL ELEMENT: PART-1-1
Output Field Frame Number  10, of   20, at step time 5.000E-01
   181706  5.500E-01 1.550E+00  00:02:26 2.962E-06          98  4.190E-03  1.695E-04
INSTANCE WITH CRITICAL ELEMENT: PART-1-1
Output Field Frame Number  11, of   20, at step time 5.500E-01
   198425  6.000E-01 1.600E+00  00:02:31 2.962E-06          98  2.055E-02  1.354E-04
INSTANCE WITH CRITICAL ELEMENT: PART-1-1
Output Field Frame Number  12, of   20, at step time 6.000E-01
   215131  6.500E-01 1.650E+00  00:02:37 2.962E-06          98  2.673E-02  6.236E-05
INSTANCE WITH CRITICAL ELEMENT: PART-1-1
Output Field Frame Number  13, of   20, at step time 6.500E-01
   231904  7.000E-01 1.700E+00  00:02:42 2.962E-06          98  1.836E-02 -1.064E-05
INSTANCE WITH CRITICAL ELEMENT: PART-1-1
Output Field Frame Number  14, of   20, at step time 7.000E-01
   248681  7.500E-01 1.750E+00  00:02:47 2.962E-06          98  9.120E-03 -9.723E-05
INSTANCE WITH CRITICAL ELEMENT: PART-1-1
Output Field Frame Number  15, of   20, at step time 7.500E-01
   265458  8.000E-01 1.800E+00  00:02:52 2.962E-06          98  1.623E-02 -1.807E-04
INSTANCE WITH CRITICAL ELEMENT: PART-1-1
Output Field Frame Number  16, of   20, at step time 8.000E-01
   282236  8.500E-01 1.850E+00  00:02:57 2.962E-06          98  1.445E-02 -2.698E-04
INSTANCE WITH CRITICAL ELEMENT: PART-1-1
Output Field Frame Number  17, of   20, at step time 8.500E-01
   299013  9.000E-01 1.900E+00  00:03:03 2.962E-06          98  1.160E-02 -3.548E-04
INSTANCE WITH CRITICAL ELEMENT: PART-1-1
Output Field Frame Number  18, of   20, at step time 9.000E-01
   315790  9.500E-01 1.950E+00  00:03:08 2.962E-06          98  8.965E-03 -4.439E-04
INSTANCE WITH CRITICAL ELEMENT: PART-1-1
Output Field Frame Number  19, of   20, at step time 9.500E-01
   332567  1.000E+00 2.000E+00  00:03:13 2.962E-06          98  9.449E-03 -5.281E-04
INSTANCE WITH CRITICAL ELEMENT: PART-1-1
Restart Number  1 at 2.0000
Output Field Frame Number  20, of   20, at step time 1.000E+00
  EXPLICIT EXECUTABLE TIME SUMMARY
       USER TIME (SEC)      =   182.90
       SYSTEM TIME (SEC)    =   6.9000
       WALLCLOCK TIME (SEC) =          193
              INIT (SEC) =          1
              MAIN (SEC) =        192

  THE ANALYSIS HAS COMPLETED SUCCESSFULLY

