1
0
1
ASSEMBLY
5
PART-1-1
PART-1
PART-1-2
PART-1
PART-1-3
PART-1
PART-2-1
PART-2
PART-3-1
PART-3
5
PART-1-1
121
1 1
2 2
3 3
4 4
5 5
6 6
7 7
8 8
9 9
10 10
11 11
12 12
13 13
14 14
15 15
16 16
17 17
18 18
19 19
20 20
21 21
22 22
23 23
24 24
25 25
26 26
27 27
28 28
29 29
30 30
31 31
32 32
33 33
34 34
35 35
36 36
37 37
38 38
39 39
40 40
41 41
42 42
43 43
44 44
45 45
46 46
47 47
48 48
49 49
50 50
51 51
52 52
53 53
54 54
55 55
56 56
57 57
58 58
59 59
60 60
61 61
62 62
63 63
64 64
65 65
66 66
67 67
68 68
69 69
70 70
71 71
72 72
73 73
74 74
75 75
76 76
77 77
78 78
79 79
80 80
81 81
82 82
83 83
84 84
85 85
86 86
87 87
88 88
89 89
90 90
91 91
92 92
93 93
94 94
95 95
96 96
97 97
98 98
99 99
100 100
101 101
102 102
103 103
104 104
105 105
106 106
107 107
108 108
109 109
110 110
111 111
112 112
113 113
114 114
115 115
116 116
117 117
118 118
119 119
120 120
121 121
1 1
2 2
3 3
4 4
5 5
6 6
7 7
8 8
9 9
10 10
11 11
12 12
13 13
14 14
15 15
16 16
17 17
18 18
19 19
20 20
21 21
22 22
23 23
24 24
25 25
26 26
27 27
28 28
29 29
30 30
31 31
32 32
33 33
34 34
35 35
36 36
37 37
38 38
39 39
40 40
41 41
42 42
43 43
44 44
45 45
46 46
47 47
48 48
49 49
50 50
51 51
52 52
53 53
54 54
55 55
56 56
57 57
58 58
59 59
60 60
61 61
62 62
63 63
64 64
65 65
66 66
67 67
68 68
69 69
70 70
71 71
72 72
73 73
74 74
75 75
76 76
77 77
78 78
79 79
80 80
81 81
82 82
83 83
84 84
85 85
86 86
87 87
88 88
89 89
90 90
91 91
92 92
93 93
94 94
95 95
96 96
97 97
98 98
99 99
100 100
101 101
102 102
103 103
104 104
105 105
106 106
107 107
108 108
109 109
110 110
111 111
112 112
113 113
114 114
115 115
116 116
117 117
118 118
119 119
120 120
121 121
PART-1-2
121
122 1
123 2
124 3
125 4
126 5
127 6
128 7
129 8
130 9
131 10
132 11
133 12
134 13
135 14
136 15
137 16
138 17
139 18
140 19
141 20
142 21
143 22
144 23
145 24
146 25
147 26
148 27
149 28
150 29
151 30
152 31
153 32
154 33
155 34
156 35
157 36
158 37
159 38
160 39
161 40
162 41
163 42
164 43
165 44
166 45
167 46
168 47
169 48
170 49
171 50
172 51
173 52
174 53
175 54
176 55
177 56
178 57
179 58
180 59
181 60
182 61
183 62
184 63
185 64
186 65
187 66
188 67
189 68
190 69
191 70
192 71
193 72
194 73
195 74
196 75
197 76
198 77
199 78
200 79
201 80
202 81
203 82
204 83
205 84
206 85
207 86
208 87
209 88
210 89
211 90
212 91
213 92
214 93
215 94
216 95
217 96
218 97
219 98
220 99
221 100
222 101
223 102
224 103
225 104
226 105
227 106
228 107
229 108
230 109
231 110
232 111
233 112
234 113
235 114
236 115
237 116
238 117
239 118
240 119
241 120
242 121
1 122
2 123
3 124
4 125
5 126
6 127
7 128
8 129
9 130
10 131
11 132
12 133
13 134
14 135
15 136
16 137
17 138
18 139
19 140
20 141
21 142
22 143
23 144
24 145
25 146
26 147
27 148
28 149
29 150
30 151
31 152
32 153
33 154
34 155
35 156
36 157
37 158
38 159
39 160
40 161
41 162
42 163
43 164
44 165
45 166
46 167
47 168
48 169
49 170
50 171
51 172
52 173
53 174
54 175
55 176
56 177
57 178
58 179
59 180
60 181
61 182
62 183
63 184
64 185
65 186
66 187
67 188
68 189
69 190
70 191
71 192
72 193
73 194
74 195
75 196
76 197
77 198
78 199
79 200
80 201
81 202
82 203
83 204
84 205
85 206
86 207
87 208
88 209
89 210
90 211
91 212
92 213
93 214
94 215
95 216
96 217
97 218
98 219
99 220
100 221
101 222
102 223
103 224
104 225
105 226
106 227
107 228
108 229
109 230
110 231
111 232
112 233
113 234
114 235
115 236
116 237
117 238
118 239
119 240
120 241
121 242
PART-1-3
121
243 1
244 2
245 3
246 4
247 5
248 6
249 7
250 8
251 9
252 10
253 11
254 12
255 13
256 14
257 15
258 16
259 17
260 18
261 19
262 20
263 21
264 22
265 23
266 24
267 25
268 26
269 27
270 28
271 29
272 30
273 31
274 32
275 33
276 34
277 35
278 36
279 37
280 38
281 39
282 40
283 41
284 42
285 43
286 44
287 45
288 46
289 47
290 48
291 49
292 50
293 51
294 52
295 53
296 54
297 55
298 56
299 57
300 58
301 59
302 60
303 61
304 62
305 63
306 64
307 65
308 66
309 67
310 68
311 69
312 70
313 71
314 72
315 73
316 74
317 75
318 76
319 77
320 78
321 79
322 80
323 81
324 82
325 83
326 84
327 85
328 86
329 87
330 88
331 89
332 90
333 91
334 92
335 93
336 94
337 95
338 96
339 97
340 98
341 99
342 100
343 101
344 102
345 103
346 104
347 105
348 106
349 107
350 108
351 109
352 110
353 111
354 112
355 113
356 114
357 115
358 116
359 117
360 118
361 119
362 120
363 121
1 243
2 244
3 245
4 246
5 247
6 248
7 249
8 250
9 251
10 252
11 253
12 254
13 255
14 256
15 257
16 258
17 259
18 260
19 261
20 262
21 263
22 264
23 265
24 266
25 267
26 268
27 269
28 270
29 271
30 272
31 273
32 274
33 275
34 276
35 277
36 278
37 279
38 280
39 281
40 282
41 283
42 284
43 285
44 286
45 287
46 288
47 289
48 290
49 291
50 292
51 293
52 294
53 295
54 296
55 297
56 298
57 299
58 300
59 301
60 302
61 303
62 304
63 305
64 306
65 307
66 308
67 309
68 310
69 311
70 312
71 313
72 314
73 315
74 316
75 317
76 318
77 319
78 320
79 321
80 322
81 323
82 324
83 325
84 326
85 327
86 328
87 329
88 330
89 331
90 332
91 333
92 334
93 335
94 336
95 337
96 338
97 339
98 340
99 341
100 342
101 343
102 344
103 345
104 346
105 347
106 348
107 349
108 350
109 351
110 352
111 353
112 354
113 355
114 356
115 357
116 358
117 359
118 360
119 361
120 362
121 363
PART-2-1
121
364 1
365 2
366 3
367 4
368 5
369 6
370 7
371 8
372 9
373 10
374 11
375 12
376 13
377 14
378 15
379 16
380 17
381 18
382 19
383 20
384 21
385 22
386 23
387 24
388 25
389 26
390 27
391 28
392 29
393 30
394 31
395 32
396 33
397 34
398 35
399 36
400 37
401 38
402 39
403 40
404 41
405 42
406 43
407 44
408 45
409 46
410 47
411 48
412 49
413 50
414 51
415 52
416 53
417 54
418 55
419 56
420 57
421 58
422 59
423 60
424 61
425 62
426 63
427 64
428 65
429 66
430 67
431 68
432 69
433 70
434 71
435 72
436 73
437 74
438 75
439 76
440 77
441 78
442 79
443 80
444 81
445 82
446 83
447 84
448 85
449 86
450 87
451 88
452 89
453 90
454 91
455 92
456 93
457 94
458 95
459 96
460 97
461 98
462 99
463 100
464 101
465 102
466 103
467 104
468 105
469 106
470 107
471 108
472 109
473 110
474 111
475 112
476 113
477 114
478 115
479 116
480 117
481 118
482 119
483 120
484 121
1 364
2 365
3 366
4 367
5 368
6 369
7 370
8 371
9 372
10 373
11 374
12 375
13 376
14 377
15 378
16 379
17 380
18 381
19 382
20 383
21 384
22 385
23 386
24 387
25 388
26 389
27 390
28 391
29 392
30 393
31 394
32 395
33 396
34 397
35 398
36 399
37 400
38 401
39 402
40 403
41 404
42 405
43 406
44 407
45 408
46 409
47 410
48 411
49 412
50 413
51 414
52 415
53 416
54 417
55 418
56 419
57 420
58 421
59 422
60 423
61 424
62 425
63 426
64 427
65 428
66 429
67 430
68 431
69 432
70 433
71 434
72 435
73 436
74 437
75 438
76 439
77 440
78 441
79 442
80 443
81 444
82 445
83 446
84 447
85 448
86 449
87 450
88 451
89 452
90 453
91 454
92 455
93 456
94 457
95 458
96 459
97 460
98 461
99 462
100 463
101 464
102 465
103 466
104 467
105 468
106 469
107 470
108 471
109 472
110 473
111 474
112 475
113 476
114 477
115 478
116 479
117 480
118 481
119 482
120 483
121 484
PART-3-1
122
485 1
486 2
487 3
488 4
489 5
490 6
491 7
492 8
493 9
494 10
495 11
496 12
497 13
498 14
499 15
500 16
501 17
502 18
503 19
504 20
505 21
506 22
507 23
508 24
509 25
510 26
511 27
512 28
513 29
514 30
515 31
516 32
517 33
518 34
519 35
520 36
521 37
522 38
523 39
524 40
525 41
526 42
527 43
528 44
529 45
530 46
531 47
532 48
533 49
534 50
535 51
536 52
537 53
538 54
539 55
540 56
541 57
542 58
543 59
544 60
545 61
546 62
547 63
548 64
549 65
550 66
551 67
552 68
553 69
554 70
555 71
556 72
557 73
558 74
559 75
560 76
561 77
562 78
563 79
564 80
565 81
566 82
567 83
568 84
569 85
570 86
571 87
572 88
573 89
574 90
575 91
576 92
577 93
578 94
579 95
580 96
581 97
582 98
583 99
584 100
585 101
586 102
587 103
588 104
589 105
590 106
591 107
592 108
593 109
594 110
595 111
596 112
597 113
598 114
599 115
600 116
601 117
602 118
603 119
604 120
605 121
606 122
1 485
2 486
3 487
4 488
5 489
6 490
7 491
8 492
9 493
10 494
11 495
12 496
13 497
14 498
15 499
16 500
17 501
18 502
19 503
20 504
21 505
22 506
23 507
24 508
25 509
26 510
27 511
28 512
29 513
30 514
31 515
32 516
33 517
34 518
35 519
36 520
37 521
38 522
39 523
40 524
41 525
42 526
43 527
44 528
45 529
46 530
47 531
48 532
49 533
50 534
51 535
52 536
53 537
54 538
55 539
56 540
57 541
58 542
59 543
60 544
61 545
62 546
63 547
64 548
65 549
66 550
67 551
68 552
69 553
70 554
71 555
72 556
73 557
74 558
75 559
76 560
77 561
78 562
79 563
80 564
81 565
82 566
83 567
84 568
85 569
86 570
87 571
88 572
89 573
90 574
91 575
92 576
93 577
94 578
95 579
96 580
97 581
98 582
99 583
100 584
101 585
102 586
103 587
104 588
105 589
106 590
107 591
108 592
109 593
110 594
111 595
112 596
113 597
114 598
115 599
116 600
117 601
118 602
119 603
120 604
121 605
122 606
0
5
PART-1-1
100
1 1
2 2
3 3
4 4
5 5
6 6
7 7
8 8
9 9
10 10
11 11
12 12
13 13
14 14
15 15
16 16
17 17
18 18
19 19
20 20
21 21
22 22
23 23
24 24
25 25
26 26
27 27
28 28
29 29
30 30
31 31
32 32
33 33
34 34
35 35
36 36
37 37
38 38
39 39
40 40
41 41
42 42
43 43
44 44
45 45
46 46
47 47
48 48
49 49
50 50
51 51
52 52
53 53
54 54
55 55
56 56
57 57
58 58
59 59
60 60
61 61
62 62
63 63
64 64
65 65
66 66
67 67
68 68
69 69
70 70
71 71
72 72
73 73
74 74
75 75
76 76
77 77
78 78
79 79
80 80
81 81
82 82
83 83
84 84
85 85
86 86
87 87
88 88
89 89
90 90
91 91
92 92
93 93
94 94
95 95
96 96
97 97
98 98
99 99
100 100
1 1
2 2
3 3
4 4
5 5
6 6
7 7
8 8
9 9
10 10
11 11
12 12
13 13
14 14
15 15
16 16
17 17
18 18
19 19
20 20
21 21
22 22
23 23
24 24
25 25
26 26
27 27
28 28
29 29
30 30
31 31
32 32
33 33
34 34
35 35
36 36
37 37
38 38
39 39
40 40
41 41
42 42
43 43
44 44
45 45
46 46
47 47
48 48
49 49
50 50
51 51
52 52
53 53
54 54
55 55
56 56
57 57
58 58
59 59
60 60
61 61
62 62
63 63
64 64
65 65
66 66
67 67
68 68
69 69
70 70
71 71
72 72
73 73
74 74
75 75
76 76
77 77
78 78
79 79
80 80
81 81
82 82
83 83
84 84
85 85
86 86
87 87
88 88
89 89
90 90
91 91
92 92
93 93
94 94
95 95
96 96
97 97
98 98
99 99
100 100
PART-1-2
100
101 1
102 2
103 3
104 4
105 5
106 6
107 7
108 8
109 9
110 10
111 11
112 12
113 13
114 14
115 15
116 16
117 17
118 18
119 19
120 20
121 21
122 22
123 23
124 24
125 25
126 26
127 27
128 28
129 29
130 30
131 31
132 32
133 33
134 34
135 35
136 36
137 37
138 38
139 39
140 40
141 41
142 42
143 43
144 44
145 45
146 46
147 47
148 48
149 49
150 50
151 51
152 52
153 53
154 54
155 55
156 56
157 57
158 58
159 59
160 60
161 61
162 62
163 63
164 64
165 65
166 66
167 67
168 68
169 69
170 70
171 71
172 72
173 73
174 74
175 75
176 76
177 77
178 78
179 79
180 80
181 81
182 82
183 83
184 84
185 85
186 86
187 87
188 88
189 89
190 90
191 91
192 92
193 93
194 94
195 95
196 96
197 97
198 98
199 99
200 100
1 101
2 102
3 103
4 104
5 105
6 106
7 107
8 108
9 109
10 110
11 111
12 112
13 113
14 114
15 115
16 116
17 117
18 118
19 119
20 120
21 121
22 122
23 123
24 124
25 125
26 126
27 127
28 128
29 129
30 130
31 131
32 132
33 133
34 134
35 135
36 136
37 137
38 138
39 139
40 140
41 141
42 142
43 143
44 144
45 145
46 146
47 147
48 148
49 149
50 150
51 151
52 152
53 153
54 154
55 155
56 156
57 157
58 158
59 159
60 160
61 161
62 162
63 163
64 164
65 165
66 166
67 167
68 168
69 169
70 170
71 171
72 172
73 173
74 174
75 175
76 176
77 177
78 178
79 179
80 180
81 181
82 182
83 183
84 184
85 185
86 186
87 187
88 188
89 189
90 190
91 191
92 192
93 193
94 194
95 195
96 196
97 197
98 198
99 199
100 200
PART-1-3
100
201 1
202 2
203 3
204 4
205 5
206 6
207 7
208 8
209 9
210 10
211 11
212 12
213 13
214 14
215 15
216 16
217 17
218 18
219 19
220 20
221 21
222 22
223 23
224 24
225 25
226 26
227 27
228 28
229 29
230 30
231 31
232 32
233 33
234 34
235 35
236 36
237 37
238 38
239 39
240 40
241 41
242 42
243 43
244 44
245 45
246 46
247 47
248 48
249 49
250 50
251 51
252 52
253 53
254 54
255 55
256 56
257 57
258 58
259 59
260 60
261 61
262 62
263 63
264 64
265 65
266 66
267 67
268 68
269 69
270 70
271 71
272 72
273 73
274 74
275 75
276 76
277 77
278 78
279 79
280 80
281 81
282 82
283 83
284 84
285 85
286 86
287 87
288 88
289 89
290 90
291 91
292 92
293 93
294 94
295 95
296 96
297 97
298 98
299 99
300 100
1 201
2 202
3 203
4 204
5 205
6 206
7 207
8 208
9 209
10 210
11 211
12 212
13 213
14 214
15 215
16 216
17 217
18 218
19 219
20 220
21 221
22 222
23 223
24 224
25 225
26 226
27 227
28 228
29 229
30 230
31 231
32 232
33 233
34 234
35 235
36 236
37 237
38 238
39 239
40 240
41 241
42 242
43 243
44 244
45 245
46 246
47 247
48 248
49 249
50 250
51 251
52 252
53 253
54 254
55 255
56 256
57 257
58 258
59 259
60 260
61 261
62 262
63 263
64 264
65 265
66 266
67 267
68 268
69 269
70 270
71 271
72 272
73 273
74 274
75 275
76 276
77 277
78 278
79 279
80 280
81 281
82 282
83 283
84 284
85 285
86 286
87 287
88 288
89 289
90 290
91 291
92 292
93 293
94 294
95 295
96 296
97 297
98 298
99 299
100 300
PART-2-1
100
301 1
302 2
303 3
304 4
305 5
306 6
307 7
308 8
309 9
310 10
311 11
312 12
313 13
314 14
315 15
316 16
317 17
318 18
319 19
320 20
321 21
322 22
323 23
324 24
325 25
326 26
327 27
328 28
329 29
330 30
331 31
332 32
333 33
334 34
335 35
336 36
337 37
338 38
339 39
340 40
341 41
342 42
343 43
344 44
345 45
346 46
347 47
348 48
349 49
350 50
351 51
352 52
353 53
354 54
355 55
356 56
357 57
358 58
359 59
360 60
361 61
362 62
363 63
364 64
365 65
366 66
367 67
368 68
369 69
370 70
371 71
372 72
373 73
374 74
375 75
376 76
377 77
378 78
379 79
380 80
381 81
382 82
383 83
384 84
385 85
386 86
387 87
388 88
389 89
390 90
391 91
392 92
393 93
394 94
395 95
396 96
397 97
398 98
399 99
400 100
1 301
2 302
3 303
4 304
5 305
6 306
7 307
8 308
9 309
10 310
11 311
12 312
13 313
14 314
15 315
16 316
17 317
18 318
19 319
20 320
21 321
22 322
23 323
24 324
25 325
26 326
27 327
28 328
29 329
30 330
31 331
32 332
33 333
34 334
35 335
36 336
37 337
38 338
39 339
40 340
41 341
42 342
43 343
44 344
45 345
46 346
47 347
48 348
49 349
50 350
51 351
52 352
53 353
54 354
55 355
56 356
57 357
58 358
59 359
60 360
61 361
62 362
63 363
64 364
65 365
66 366
67 367
68 368
69 369
70 370
71 371
72 372
73 373
74 374
75 375
76 376
77 377
78 378
79 379
80 380
81 381
82 382
83 383
84 384
85 385
86 386
87 387
88 388
89 389
90 390
91 391
92 392
93 393
94 394
95 395
96 396
97 397
98 398
99 399
100 400
PART-3-1
100
401 1
402 2
403 3
404 4
405 5
406 6
407 7
408 8
409 9
410 10
411 11
412 12
413 13
414 14
415 15
416 16
417 17
418 18
419 19
420 20
421 21
422 22
423 23
424 24
425 25
426 26
427 27
428 28
429 29
430 30
431 31
432 32
433 33
434 34
435 35
436 36
437 37
438 38
439 39
440 40
441 41
442 42
443 43
444 44
445 45
446 46
447 47
448 48
449 49
450 50
451 51
452 52
453 53
454 54
455 55
456 56
457 57
458 58
459 59
460 60
461 61
462 62
463 63
464 64
465 65
466 66
467 67
468 68
469 69
470 70
471 71
472 72
473 73
474 74
475 75
476 76
477 77
478 78
479 79
480 80
481 81
482 82
483 83
484 84
485 85
486 86
487 87
488 88
489 89
490 90
491 91
492 92
493 93
494 94
495 95
496 96
497 97
498 98
499 99
500 100
1 401
2 402
3 403
4 404
5 405
6 406
7 407
8 408
9 409
10 410
11 411
12 412
13 413
14 414
15 415
16 416
17 417
18 418
19 419
20 420
21 421
22 422
23 423
24 424
25 425
26 426
27 427
28 428
29 429
30 430
31 431
32 432
33 433
34 434
35 435
36 436
37 437
38 438
39 439
40 440
41 441
42 442
43 443
44 444
45 445
46 446
47 447
48 448
49 449
50 450
51 451
52 452
53 453
54 454
55 455
56 456
57 457
58 458
59 459
60 460
61 461
62 462
63 463
64 464
65 465
66 466
67 467
68 468
69 469
70 470
71 471
72 472
73 473
74 474
75 475
76 476
77 477
78 478
79 479
80 480
81 481
82 482
83 483
84 484
85 485
86 486
87 487
88 488
89 489
90 490
91 491
92 492
93 493
94 494
95 495
96 496
97 497
98 498
99 499
100 500
0
11
 PIBATCH
0
2
0
5
PART-1-1
100
1 2 3 4 5 6 7 8 9 10 11 12 13 14 15 16 17 18 19 20 21 22 23 24 25 26 27 28 29 30 31 32 33 34 35 36 37 38 39 40 41 42 43 44 45 46 47 48 49 50 51 52 53 54 55 56 57 58 59 60 61 62 63 64 65 66 67 68 69 70 71 72 73 74 75 76 77 78 79 80 81 82 83 84 85 86 87 88 89 90 91 92 93 94 95 96 97 98 99 100 
PART-1-2
100
101 102 103 104 105 106 107 108 109 110 111 112 113 114 115 116 117 118 119 120 121 122 123 124 125 126 127 128 129 130 131 132 133 134 135 136 137 138 139 140 141 142 143 144 145 146 147 148 149 150 151 152 153 154 155 156 157 158 159 160 161 162 163 164 165 166 167 168 169 170 171 172 173 174 175 176 177 178 179 180 181 182 183 184 185 186 187 188 189 190 191 192 193 194 195 196 197 198 199 200 
PART-1-3
100
201 202 203 204 205 206 207 208 209 210 211 212 213 214 215 216 217 218 219 220 221 222 223 224 225 226 227 228 229 230 231 232 233 234 235 236 237 238 239 240 241 242 243 244 245 246 247 248 249 250 251 252 253 254 255 256 257 258 259 260 261 262 263 264 265 266 267 268 269 270 271 272 273 274 275 276 277 278 279 280 281 282 283 284 285 286 287 288 289 290 291 292 293 294 295 296 297 298 299 300 
PART-2-1
100
301 302 303 304 305 306 307 308 309 310 311 312 313 314 315 316 317 318 319 320 321 322 323 324 325 326 327 328 329 330 331 332 333 334 335 336 337 338 339 340 341 342 343 344 345 346 347 348 349 350 351 352 353 354 355 356 357 358 359 360 361 362 363 364 365 366 367 368 369 370 371 372 373 374 375 376 377 378 379 380 381 382 383 384 385 386 387 388 389 390 391 392 393 394 395 396 397 398 399 400 
PART-3-1
100
401 402 403 404 405 406 407 408 409 410 411 412 413 414 415 416 417 418 419 420 421 422 423 424 425 426 427 428 429 430 431 432 433 434 435 436 437 438 439 440 441 442 443 444 445 446 447 448 449 450 451 452 453 454 455 456 457 458 459 460 461 462 463 464 465 466 467 468 469 470 471 472 473 474 475 476 477 478 479 480 481 482 483 484 485 486 487 488 489 490 491 492 493 494 495 496 497 498 499 500 
0
HINGE-1-1
0
1
0
1
PART-2-1
10
321 322 323 324 325 371 372 373 374 375 
0
HINGE-1-2
0
1
0
1
PART-1-1
10
46 47 48 49 50 96 97 98 99 100 
0
HINGE-2-1
0
1
0
1
PART-2-1
10
346 347 348 349 350 396 397 398 399 400 
0
HINGE-2-3
0
1
0
1
PART-1-3
10
221 222 223 224 225 271 272 273 274 275 
0
HINGE-3-2
0
1
0
1
PART-1-1
10
21 22 23 24 25 71 72 73 74 75 
0
HINGE-3-4
0
1
0
1
PART-1-2
10
121 122 123 124 125 171 172 173 174 175 
0
HINGE-4-3
0
1
0
1
PART-1-3
10
246 247 248 249 250 296 297 298 299 300 
0
HINGE-4-4
0
1
0
1
PART-1-2
10
146 147 148 149 150 196 197 198 199 200 
0
SET-42
0
1
0
1
PART-3-1
100
401 402 403 404 405 406 407 408 409 410 411 412 413 414 415 416 417 418 419 420 421 422 423 424 425 426 427 428 429 430 431 432 433 434 435 436 437 438 439 440 441 442 443 444 445 446 447 448 449 450 451 452 453 454 455 456 457 458 459 460 461 462 463 464 465 466 467 468 469 470 471 472 473 474 475 476 477 478 479 480 481 482 483 484 485 486 487 488 489 490 491 492 493 494 495 496 497 498 499 500 
0
SET-46
0
1
0
1
PART-2-1
10
321 322 323 324 325 371 372 373 374 375 
0
5
PART-1-1
2
 P       1 PIBATCH
0
2
100
1 2 3 4 5 6 7 8 9 10 11 12 13 14 15 16 17 18 19 20 21 22 23 24 25 26 27 28 29 30 31 32 33 34 35 36 37 38 39 40 41 42 43 44 45 46 47 48 49 50 51 52 53 54 55 56 57 58 59 60 61 62 63 64 65 66 67 68 69 70 71 72 73 74 75 76 77 78 79 80 81 82 83 84 85 86 87 88 89 90 91 92 93 94 95 96 97 98 99 100 
0
0
SET-2
0
1
100
1 2 3 4 5 6 7 8 9 10 11 12 13 14 15 16 17 18 19 20 21 22 23 24 25 26 27 28 29 30 31 32 33 34 35 36 37 38 39 40 41 42 43 44 45 46 47 48 49 50 51 52 53 54 55 56 57 58 59 60 61 62 63 64 65 66 67 68 69 70 71 72 73 74 75 76 77 78 79 80 81 82 83 84 85 86 87 88 89 90 91 92 93 94 95 96 97 98 99 100 
0
0
0
PART-2-1
2
 P       4 PIBATCH
0
2
100
301 302 303 304 305 306 307 308 309 310 311 312 313 314 315 316 317 318 319 320 321 322 323 324 325 326 327 328 329 330 331 332 333 334 335 336 337 338 339 340 341 342 343 344 345 346 347 348 349 350 351 352 353 354 355 356 357 358 359 360 361 362 363 364 365 366 367 368 369 370 371 372 373 374 375 376 377 378 379 380 381 382 383 384 385 386 387 388 389 390 391 392 393 394 395 396 397 398 399 400 
0
0
SET-2
0
1
100
301 302 303 304 305 306 307 308 309 310 311 312 313 314 315 316 317 318 319 320 321 322 323 324 325 326 327 328 329 330 331 332 333 334 335 336 337 338 339 340 341 342 343 344 345 346 347 348 349 350 351 352 353 354 355 356 357 358 359 360 361 362 363 364 365 366 367 368 369 370 371 372 373 374 375 376 377 378 379 380 381 382 383 384 385 386 387 388 389 390 391 392 393 394 395 396 397 398 399 400 
0
0
0
PART-1-2
2
 P       2 PIBATCH
0
2
100
101 102 103 104 105 106 107 108 109 110 111 112 113 114 115 116 117 118 119 120 121 122 123 124 125 126 127 128 129 130 131 132 133 134 135 136 137 138 139 140 141 142 143 144 145 146 147 148 149 150 151 152 153 154 155 156 157 158 159 160 161 162 163 164 165 166 167 168 169 170 171 172 173 174 175 176 177 178 179 180 181 182 183 184 185 186 187 188 189 190 191 192 193 194 195 196 197 198 199 200 
0
0
SET-2
0
1
100
101 102 103 104 105 106 107 108 109 110 111 112 113 114 115 116 117 118 119 120 121 122 123 124 125 126 127 128 129 130 131 132 133 134 135 136 137 138 139 140 141 142 143 144 145 146 147 148 149 150 151 152 153 154 155 156 157 158 159 160 161 162 163 164 165 166 167 168 169 170 171 172 173 174 175 176 177 178 179 180 181 182 183 184 185 186 187 188 189 190 191 192 193 194 195 196 197 198 199 200 
0
0
0
PART-1-3
2
 P       3 PIBATCH
0
2
100
201 202 203 204 205 206 207 208 209 210 211 212 213 214 215 216 217 218 219 220 221 222 223 224 225 226 227 228 229 230 231 232 233 234 235 236 237 238 239 240 241 242 243 244 245 246 247 248 249 250 251 252 253 254 255 256 257 258 259 260 261 262 263 264 265 266 267 268 269 270 271 272 273 274 275 276 277 278 279 280 281 282 283 284 285 286 287 288 289 290 291 292 293 294 295 296 297 298 299 300 
0
0
SET-2
0
1
100
201 202 203 204 205 206 207 208 209 210 211 212 213 214 215 216 217 218 219 220 221 222 223 224 225 226 227 228 229 230 231 232 233 234 235 236 237 238 239 240 241 242 243 244 245 246 247 248 249 250 251 252 253 254 255 256 257 258 259 260 261 262 263 264 265 266 267 268 269 270 271 272 273 274 275 276 277 278 279 280 281 282 283 284 285 286 287 288 289 290 291 292 293 294 295 296 297 298 299 300 
0
0
0
PART-3-1
2
 P       5 PIBATCH
0
2
100
401 402 403 404 405 406 407 408 409 410 411 412 413 414 415 416 417 418 419 420 421 422 423 424 425 426 427 428 429 430 431 432 433 434 435 436 437 438 439 440 441 442 443 444 445 446 447 448 449 450 451 452 453 454 455 456 457 458 459 460 461 462 463 464 465 466 467 468 469 470 471 472 473 474 475 476 477 478 479 480 481 482 483 484 485 486 487 488 489 490 491 492 493 494 495 496 497 498 499 500 
0
0
PART-3-1
0
1
100
401 402 403 404 405 406 407 408 409 410 411 412 413 414 415 416 417 418 419 420 421 422 423 424 425 426 427 428 429 430 431 432 433 434 435 436 437 438 439 440 441 442 443 444 445 446 447 448 449 450 451 452 453 454 455 456 457 458 459 460 461 462 463 464 465 466 467 468 469 470 471 472 473 474 475 476 477 478 479 480 481 482 483 484 485 486 487 488 489 490 491 492 493 494 495 496 497 498 499 500 
0
0
0
14
 PIBATCH
0
2
0
5
PART-1-1
121
1 2 3 4 5 6 7 8 9 10 11 12 13 14 15 16 17 18 19 20 21 22 23 24 25 26 27 28 29 30 31 32 33 34 35 36 37 38 39 40 41 42 43 44 45 46 47 48 49 50 51 52 53 54 55 56 57 58 59 60 61 62 63 64 65 66 67 68 69 70 71 72 73 74 75 76 77 78 79 80 81 82 83 84 85 86 87 88 89 90 91 92 93 94 95 96 97 98 99 100 101 102 103 104 105 106 107 108 109 110 111 112 113 114 115 116 117 118 119 120 121 
PART-1-2
121
122 123 124 125 126 127 128 129 130 131 132 133 134 135 136 137 138 139 140 141 142 143 144 145 146 147 148 149 150 151 152 153 154 155 156 157 158 159 160 161 162 163 164 165 166 167 168 169 170 171 172 173 174 175 176 177 178 179 180 181 182 183 184 185 186 187 188 189 190 191 192 193 194 195 196 197 198 199 200 201 202 203 204 205 206 207 208 209 210 211 212 213 214 215 216 217 218 219 220 221 222 223 224 225 226 227 228 229 230 231 232 233 234 235 236 237 238 239 240 241 242 
PART-1-3
121
243 244 245 246 247 248 249 250 251 252 253 254 255 256 257 258 259 260 261 262 263 264 265 266 267 268 269 270 271 272 273 274 275 276 277 278 279 280 281 282 283 284 285 286 287 288 289 290 291 292 293 294 295 296 297 298 299 300 301 302 303 304 305 306 307 308 309 310 311 312 313 314 315 316 317 318 319 320 321 322 323 324 325 326 327 328 329 330 331 332 333 334 335 336 337 338 339 340 341 342 343 344 345 346 347 348 349 350 351 352 353 354 355 356 357 358 359 360 361 362 363 
PART-2-1
121
364 365 366 367 368 369 370 371 372 373 374 375 376 377 378 379 380 381 382 383 384 385 386 387 388 389 390 391 392 393 394 395 396 397 398 399 400 401 402 403 404 405 406 407 408 409 410 411 412 413 414 415 416 417 418 419 420 421 422 423 424 425 426 427 428 429 430 431 432 433 434 435 436 437 438 439 440 441 442 443 444 445 446 447 448 449 450 451 452 453 454 455 456 457 458 459 460 461 462 463 464 465 466 467 468 469 470 471 472 473 474 475 476 477 478 479 480 481 482 483 484 
PART-3-1
122
485 486 487 488 489 490 491 492 493 494 495 496 497 498 499 500 501 502 503 504 505 506 507 508 509 510 511 512 513 514 515 516 517 518 519 520 521 522 523 524 525 526 527 528 529 530 531 532 533 534 535 536 537 538 539 540 541 542 543 544 545 546 547 548 549 550 551 552 553 554 555 556 557 558 559 560 561 562 563 564 565 566 567 568 569 570 571 572 573 574 575 576 577 578 579 580 581 582 583 584 585 586 587 588 589 590 591 592 593 594 595 596 597 598 599 600 601 602 603 604 605 606 
0
HINGE-1-1
0
1
0
1
PART-2-1
11
366 367 371 381 382 383 384 405 406 407 408 
0
HINGE-1-2
0
1
0
1
PART-1-1
11
5 6 9 30 31 32 33 54 55 56 57 
0
HINGE-2-1
0
1
0
1
PART-2-1
11
368 369 372 393 394 395 396 417 418 419 420 
0
HINGE-2-3
0
1
0
1
PART-1-3
11
245 246 250 260 261 262 263 284 285 286 287 
0
HINGE-3-2
0
1
0
1
PART-1-1
11
3 4 8 18 19 20 21 42 43 44 45 
0
HINGE-3-4
0
1
0
1
PART-1-2
11
124 125 129 139 140 141 142 163 164 165 166 
0
HINGE-4-3
0
1
0
1
PART-1-3
11
247 248 251 272 273 274 275 296 297 298 299 
0
HINGE-4-4
0
1
0
1
PART-1-2
11
126 127 130 151 152 153 154 175 176 177 178 
0
SET-42
0
1
0
1
PART-3-1
121
485 486 487 488 489 490 491 492 493 494 495 496 497 498 499 500 501 502 503 504 505 506 507 508 509 510 511 512 513 514 515 516 517 518 519 520 521 522 523 524 525 526 527 528 529 530 531 532 533 534 535 536 537 538 539 540 541 542 543 544 545 546 547 548 549 550 551 552 553 554 555 556 557 558 559 560 561 562 563 564 565 566 567 568 569 570 571 572 573 574 575 576 577 578 579 580 581 582 583 584 585 586 587 588 589 590 591 592 593 594 595 596 597 598 599 600 601 602 603 604 605 
0
SET-45
0
1
0
1
PART-3-1
1
606 
0
SET-46
0
1
0
1
PART-2-1
11
366 367 371 381 382 383 384 405 406 407 408 
0
VERTEX
0
1
0
1
PART-1-3
1
248 
0
WIRE-1-SET-3
0
1
0
2
PART-1-2
1
125 
PART-1-3
1
246 
0
5
PART-1-1
2
 P       1 PIBATCH
0
2
121
1 2 3 4 5 6 7 8 9 10 11 12 13 14 15 16 17 18 19 20 21 22 23 24 25 26 27 28 29 30 31 32 33 34 35 36 37 38 39 40 41 42 43 44 45 46 47 48 49 50 51 52 53 54 55 56 57 58 59 60 61 62 63 64 65 66 67 68 69 70 71 72 73 74 75 76 77 78 79 80 81 82 83 84 85 86 87 88 89 90 91 92 93 94 95 96 97 98 99 100 101 102 103 104 105 106 107 108 109 110 111 112 113 114 115 116 117 118 119 120 121 
0
0
SET-2
0
1
121
1 2 3 4 5 6 7 8 9 10 11 12 13 14 15 16 17 18 19 20 21 22 23 24 25 26 27 28 29 30 31 32 33 34 35 36 37 38 39 40 41 42 43 44 45 46 47 48 49 50 51 52 53 54 55 56 57 58 59 60 61 62 63 64 65 66 67 68 69 70 71 72 73 74 75 76 77 78 79 80 81 82 83 84 85 86 87 88 89 90 91 92 93 94 95 96 97 98 99 100 101 102 103 104 105 106 107 108 109 110 111 112 113 114 115 116 117 118 119 120 121 
0
0
0
PART-2-1
2
 P       4 PIBATCH
0
2
121
364 365 366 367 368 369 370 371 372 373 374 375 376 377 378 379 380 381 382 383 384 385 386 387 388 389 390 391 392 393 394 395 396 397 398 399 400 401 402 403 404 405 406 407 408 409 410 411 412 413 414 415 416 417 418 419 420 421 422 423 424 425 426 427 428 429 430 431 432 433 434 435 436 437 438 439 440 441 442 443 444 445 446 447 448 449 450 451 452 453 454 455 456 457 458 459 460 461 462 463 464 465 466 467 468 469 470 471 472 473 474 475 476 477 478 479 480 481 482 483 484 
0
0
SET-2
0
1
121
364 365 366 367 368 369 370 371 372 373 374 375 376 377 378 379 380 381 382 383 384 385 386 387 388 389 390 391 392 393 394 395 396 397 398 399 400 401 402 403 404 405 406 407 408 409 410 411 412 413 414 415 416 417 418 419 420 421 422 423 424 425 426 427 428 429 430 431 432 433 434 435 436 437 438 439 440 441 442 443 444 445 446 447 448 449 450 451 452 453 454 455 456 457 458 459 460 461 462 463 464 465 466 467 468 469 470 471 472 473 474 475 476 477 478 479 480 481 482 483 484 
0
0
0
PART-1-2
3
 P       2 PIBATCH
0
2
121
122 123 124 125 126 127 128 129 130 131 132 133 134 135 136 137 138 139 140 141 142 143 144 145 146 147 148 149 150 151 152 153 154 155 156 157 158 159 160 161 162 163 164 165 166 167 168 169 170 171 172 173 174 175 176 177 178 179 180 181 182 183 184 185 186 187 188 189 190 191 192 193 194 195 196 197 198 199 200 201 202 203 204 205 206 207 208 209 210 211 212 213 214 215 216 217 218 219 220 221 222 223 224 225 226 227 228 229 230 231 232 233 234 235 236 237 238 239 240 241 242 
0
0
 P       2WIRE-1-SET-3
0
2
1
125 
0
0
SET-2
0
1
121
122 123 124 125 126 127 128 129 130 131 132 133 134 135 136 137 138 139 140 141 142 143 144 145 146 147 148 149 150 151 152 153 154 155 156 157 158 159 160 161 162 163 164 165 166 167 168 169 170 171 172 173 174 175 176 177 178 179 180 181 182 183 184 185 186 187 188 189 190 191 192 193 194 195 196 197 198 199 200 201 202 203 204 205 206 207 208 209 210 211 212 213 214 215 216 217 218 219 220 221 222 223 224 225 226 227 228 229 230 231 232 233 234 235 236 237 238 239 240 241 242 
0
0
0
PART-1-3
3
 P       3 PIBATCH
0
2
121
243 244 245 246 247 248 249 250 251 252 253 254 255 256 257 258 259 260 261 262 263 264 265 266 267 268 269 270 271 272 273 274 275 276 277 278 279 280 281 282 283 284 285 286 287 288 289 290 291 292 293 294 295 296 297 298 299 300 301 302 303 304 305 306 307 308 309 310 311 312 313 314 315 316 317 318 319 320 321 322 323 324 325 326 327 328 329 330 331 332 333 334 335 336 337 338 339 340 341 342 343 344 345 346 347 348 349 350 351 352 353 354 355 356 357 358 359 360 361 362 363 
0
0
 P       3WIRE-1-SET-3
0
2
1
246 
0
0
SET-2
0
1
121
243 244 245 246 247 248 249 250 251 252 253 254 255 256 257 258 259 260 261 262 263 264 265 266 267 268 269 270 271 272 273 274 275 276 277 278 279 280 281 282 283 284 285 286 287 288 289 290 291 292 293 294 295 296 297 298 299 300 301 302 303 304 305 306 307 308 309 310 311 312 313 314 315 316 317 318 319 320 321 322 323 324 325 326 327 328 329 330 331 332 333 334 335 336 337 338 339 340 341 342 343 344 345 346 347 348 349 350 351 352 353 354 355 356 357 358 359 360 361 362 363 
0
0
0
PART-3-1
2
 P       5 PIBATCH
0
2
122
485 486 487 488 489 490 491 492 493 494 495 496 497 498 499 500 501 502 503 504 505 506 507 508 509 510 511 512 513 514 515 516 517 518 519 520 521 522 523 524 525 526 527 528 529 530 531 532 533 534 535 536 537 538 539 540 541 542 543 544 545 546 547 548 549 550 551 552 553 554 555 556 557 558 559 560 561 562 563 564 565 566 567 568 569 570 571 572 573 574 575 576 577 578 579 580 581 582 583 584 585 586 587 588 589 590 591 592 593 594 595 596 597 598 599 600 601 602 603 604 605 606 
0
0
PART-3-1-REFPT_
0
2
1
606 
0
0
0
0
8
HINGE-1-1_CNS_
1
0
0
1
PART-2-1
1
0
11
366
1
367
1
371
1
381
1
382
1
383
1
384
1
405
1
406
1
407
1
408
1
HINGE-1-2_CNS_
1
0
0
1
PART-1-1
1
0
11
5
1
6
1
9
1
30
1
31
1
32
1
33
1
54
1
55
1
56
1
57
1
HINGE-2-1_CNS_
1
0
0
1
PART-2-1
1
0
11
368
1
369
1
372
1
393
1
394
1
395
1
396
1
417
1
418
1
419
1
420
1
HINGE-2-3_CNS_
1
0
0
1
PART-1-3
1
0
11
245
1
246
1
250
1
260
1
261
1
262
1
263
1
284
1
285
1
286
1
287
1
HINGE-3-2_CNS_
1
0
0
1
PART-1-1
1
0
11
3
1
4
1
8
1
18
1
19
1
20
1
21
1
42
1
43
1
44
1
45
1
HINGE-3-4_CNS_
1
0
0
1
PART-1-2
1
0
11
124
1
125
1
129
1
139
1
140
1
141
1
142
1
163
1
164
1
165
1
166
1
HINGE-4-3_CNS_
1
0
0
1
PART-1-3
1
0
11
247
1
248
1
251
1
272
1
273
1
274
1
275
1
296
1
297
1
298
1
299
1
HINGE-4-4_CNS_
1
0
0
1
PART-1-2
1
0
11
126
1
127
1
130
1
151
1
152
1
153
1
154
1
175
1
176
1
177
1
178
1
