Analysis initiated from SIMULIA established products
Abaqus JOB Explicit_2_NoSpring
Abaqus 2022
Abaqus License Manager checked out the following licenses:
Abaqus/Explicit checked out 8 tokens from Flexnet server licsrv.unileoben.ac.at.
<306 out of 425 licenses remain available>.
Begin Analysis Input File Processor
20.12.2023 16:59:13
Run pre.exe
20.12.2023 16:59:14
End Analysis Input File Processor
Begin Abaqus/Explicit Packager
20.12.2023 16:59:14
Run package.exe
20.12.2023 16:59:16
End Abaqus/Explicit Packager
Begin Abaqus/Explicit Analysis
20.12.2023 16:59:16
Run explicit.exe
20.12.2023 17:02:31
End Abaqus/Explicit Analysis
Abaqus JOB Explicit_2_NoSpring COMPLETED
