Analysis initiated from SIMULIA established products
Abaqus JOB Explicit_Compressed_5_deg
Abaqus 2022
Abaqus License Manager checked out the following licenses:
Abaqus/Explicit checked out 6 tokens from Flexnet server licsrv.unileoben.ac.at.
<298 out of 425 licenses remain available>.
Begin Analysis Input File Processor
21.12.2023 15:59:51
Run pre.exe
21.12.2023 15:59:52
End Analysis Input File Processor
Begin Abaqus/Explicit Packager
21.12.2023 15:59:52
Run package.exe
21.12.2023 15:59:53
End Abaqus/Explicit Packager
Begin Abaqus/Explicit Analysis
21.12.2023 15:59:53
Run explicit.exe

job aborted:
[ranks] message

[0] application aborted
aborting MPI_COMM_WORLD (comm=0x44000000), error 1, comm rank 0

[1] terminated

---- error analysis -----

[0] on KKV-PC-51
C:\Users\p2321038\AppData\Local\Temp\p2321038_Explicit_Compressed_5_deg_16352\Explicit_Compressed_5_deg_explicit.exe_phxmma.bat aborted the job. abort code 1

---- error analysis -----
21.12.2023 16:01:11
NOTE: A separate message file has been written per processor.
Abaqus Error: Abaqus/Explicit Analysis exited with an error - Please see the 
status file for possible error messages if the file exists.
Abaqus/Analysis exited with errors
